#
# There is insufficient memory for the Java Runtime Environment to continue.
# Native memory allocation (mmap) failed to map 257949696 bytes for G1 virtual space
# Possible reasons:
#   The system is out of physical RAM or swap space
#   The process is running with CompressedOops enabled, and the Java Heap may be blocking the growth of the native heap
# Possible solutions:
#   Reduce memory load on the system
#   Increase physical memory or swap space
#   Check if swap backing store is full
#   Decrease Java heap size (-Xmx/-Xms)
#   Decrease number of Java threads
#   Decrease Java thread stack sizes (-Xss)
#   Set larger code cache with -XX:ReservedCodeCacheSize=
#   JVM is running with Zero Based Compressed Oops mode in which the Java heap is
#     placed in the first 32GB address space. The Java Heap base address is the
#     maximum limit for the native heap growth. Please use -XX:HeapBaseMinAddress
#     to set the Java Heap base and to place the Java Heap above 32GB virtual address.
# This output file may be truncated or incomplete.
#
#  Out of Memory Error (os_windows.cpp:3532), pid=17412, tid=23800
#
# JRE version:  (17.0.2+8) (build )
# Java VM: OpenJDK 64-Bit Server VM (17.0.2+8-LTS, mixed mode, sharing, tiered, compressed oops, compressed class ptrs, g1 gc, windows-amd64)
# No core dump will be written. Minidumps are not enabled by default on client versions of Windows
#

---------------  S U M M A R Y ------------

Command Line: -Dnet.bytebuddy.agent.attacher.dump= net.bytebuddy.agent.Attacher com.sun.tools.attach.VirtualMachine 21024 C:\Users\2148900\.m2\repository\net\bytebuddy\byte-buddy-agent\1.14.13\byte-buddy-agent-1.14.13.jar false 

Host: AMD Ryzen 5 PRO 4650U with Radeon Graphics, 12 cores, 15G,  Windows 11 , 64 bit Build 22621 (10.0.22621.3374)
Time: Sun May 19 20:37:34 2024 India Standard Time elapsed time: 0.019725 seconds (0d 0h 0m 0s)

---------------  T H R E A D  ---------------

Current thread (0x000002a7827a0aa0):  JavaThread "Unknown thread" [_thread_in_vm, id=23800, stack(0x000000fabe000000,0x000000fabe100000)]

Stack: [0x000000fabe000000,0x000000fabe100000]
Native frames: (J=compiled Java code, j=interpreted, Vv=VM code, C=native code)
V  [jvm.dll+0x6769fa]
V  [jvm.dll+0x831784]
V  [jvm.dll+0x832f2e]
V  [jvm.dll+0x833593]
V  [jvm.dll+0x2455e5]
V  [jvm.dll+0x673919]
V  [jvm.dll+0x668252]
V  [jvm.dll+0x30432b]
V  [jvm.dll+0x30b836]
V  [jvm.dll+0x35b5fe]
V  [jvm.dll+0x35b82f]
V  [jvm.dll+0x2db2d8]
V  [jvm.dll+0x2dc244]
V  [jvm.dll+0x803011]
V  [jvm.dll+0x369381]
V  [jvm.dll+0x7e238c]
V  [jvm.dll+0x3ec14f]
V  [jvm.dll+0x3edcd1]
C  [jli.dll+0x527b]
C  [ucrtbase.dll+0x29333]
C  [KERNEL32.DLL+0x1257d]
C  [ntdll.dll+0x5aa48]


---------------  P R O C E S S  ---------------

Threads class SMR info:
_java_thread_list=0x00007ffd8775eed8, length=0, elements={
}

Java Threads: ( => current thread )

Other Threads:
  0x000002a7827ef6f0 GCTaskThread "GC Thread#0" [stack: 0x000000fabe100000,0x000000fabe200000] [id=31908]
  0x000002a7827ffa90 ConcurrentGCThread "G1 Main Marker" [stack: 0x000000fabe200000,0x000000fabe300000] [id=21936]
  0x000002a7828003b0 ConcurrentGCThread "G1 Conc#0" [stack: 0x000000fabe300000,0x000000fabe400000] [id=8792]

[error occurred during error reporting (printing all threads), id 0xc0000005, EXCEPTION_ACCESS_VIOLATION (0xc0000005) at pc=0x00007ffd86f1bd07]

VM state: not at safepoint (not fully initialized)

VM Mutex/Monitor currently owned by a thread:  ([mutex/lock_event])
[0x000002a78279d970] Heap_lock - owner thread: 0x000002a7827a0aa0

Heap address: 0x000000070aa00000, size: 3926 MB, Compressed Oops mode: Zero based, Oop shift amount: 3

CDS archive(s) mapped at: [0x0000000000000000-0x0000000000000000-0x0000000000000000), size 0, SharedBaseAddress: 0x0000000800000000, ArchiveRelocationMode: 0.
Narrow klass base: 0x0000000000000000, Narrow klass shift: 0, Narrow klass range: 0x0

GC Precious Log:
<Empty>

Heap:
 garbage-first heap   total 0K, used 0K [0x000000070aa00000, 0x0000000800000000)
  region size 2048K, 0 young (0K), 0 survivors (0K)

[error occurred during error reporting (printing heap information), id 0xc0000005, EXCEPTION_ACCESS_VIOLATION (0xc0000005) at pc=0x00007ffd872ffd49]

GC Heap History (0 events):
No events

Deoptimization events (0 events):
No events

Classes unloaded (0 events):
No events

Classes redefined (0 events):
No events

Internal exceptions (0 events):
No events

VM Operations (0 events):
No events

Events (1 events):
Event: 0.013 Loaded shared library C:\Program Files\Zulu\zulu-17\bin\java.dll


Dynamic libraries:
0x00007ff77c130000 - 0x00007ff77c13e000 	C:\Program Files\Zulu\zulu-17\bin\java.exe
0x00007ffdf2170000 - 0x00007ffdf2386000 	C:\WINDOWS\SYSTEM32\ntdll.dll
0x00007ffdf02e0000 - 0x00007ffdf03a4000 	C:\WINDOWS\System32\KERNEL32.DLL
0x00007ffdefac0000 - 0x00007ffdefe67000 	C:\WINDOWS\System32\KERNELBASE.dll
0x00007ffdef7d0000 - 0x00007ffdef8e1000 	C:\WINDOWS\System32\ucrtbase.dll
0x00007ffde4d20000 - 0x00007ffde4d38000 	C:\Program Files\Zulu\zulu-17\bin\jli.dll
0x00007ffdd6de0000 - 0x00007ffdd6dfb000 	C:\Program Files\Zulu\zulu-17\bin\VCRUNTIME140.dll
0x00007ffdf0560000 - 0x00007ffdf070e000 	C:\WINDOWS\System32\USER32.dll
0x00007ffdd76e0000 - 0x00007ffdd7973000 	C:\WINDOWS\WinSxS\amd64_microsoft.windows.common-controls_6595b64144ccf1df_6.0.22621.3235_none_270f74e173860f98\COMCTL32.dll
0x00007ffdef970000 - 0x00007ffdef996000 	C:\WINDOWS\System32\win32u.dll
0x00007ffdf17c0000 - 0x00007ffdf1867000 	C:\WINDOWS\System32\msvcrt.dll
0x00007ffdf1890000 - 0x00007ffdf18b9000 	C:\WINDOWS\System32\GDI32.dll
0x00007ffdef9a0000 - 0x00007ffdefab9000 	C:\WINDOWS\System32\gdi32full.dll
0x00007ffdef670000 - 0x00007ffdef70a000 	C:\WINDOWS\System32\msvcp_win.dll
0x00007ffdf0c70000 - 0x00007ffdf0ca1000 	C:\WINDOWS\System32\IMM32.DLL
0x00007ffdeec70000 - 0x00007ffdeee10000 	C:\Program Files\Avecto\Privilege Guard Client\PGHook.dll
0x00007ffdf0dc0000 - 0x00007ffdf0e72000 	C:\WINDOWS\System32\ADVAPI32.dll
0x00007ffdf0080000 - 0x00007ffdf0128000 	C:\WINDOWS\System32\sechost.dll
0x00007ffdefe70000 - 0x00007ffdefe98000 	C:\WINDOWS\System32\bcrypt.dll
0x00007ffdf16a0000 - 0x00007ffdf17b5000 	C:\WINDOWS\System32\RPCRT4.dll
0x00007ffdecd80000 - 0x00007ffdecd8c000 	C:\Program Files\Zulu\zulu-17\bin\vcruntime140_1.dll
0x00007ffdce080000 - 0x00007ffdce10d000 	C:\Program Files\Zulu\zulu-17\bin\msvcp140.dll
0x00007ffd86c30000 - 0x00007ffd87890000 	C:\Program Files\Zulu\zulu-17\bin\server\jvm.dll
0x00007ffdf0db0000 - 0x00007ffdf0db8000 	C:\WINDOWS\System32\PSAPI.DLL
0x00007ffdd5b00000 - 0x00007ffdd5b09000 	C:\WINDOWS\SYSTEM32\WSOCK32.dll
0x00007ffdf1560000 - 0x00007ffdf15d1000 	C:\WINDOWS\System32\WS2_32.dll
0x00007ffde5b80000 - 0x00007ffde5bb4000 	C:\WINDOWS\SYSTEM32\WINMM.dll
0x00007ffde4e30000 - 0x00007ffde4e3a000 	C:\WINDOWS\SYSTEM32\VERSION.dll
0x00007ffdee200000 - 0x00007ffdee218000 	C:\WINDOWS\SYSTEM32\kernel.appcore.dll
0x00007ffdeccc0000 - 0x00007ffdeccca000 	C:\Program Files\Zulu\zulu-17\bin\jimage.dll
0x00007ffdec990000 - 0x00007ffdecbc3000 	C:\WINDOWS\SYSTEM32\DBGHELP.DLL
0x00007ffdf11d0000 - 0x00007ffdf1558000 	C:\WINDOWS\System32\combase.dll
0x00007ffdefea0000 - 0x00007ffdeff77000 	C:\WINDOWS\System32\OLEAUT32.dll
0x00007ffdcdb40000 - 0x00007ffdcdb72000 	C:\WINDOWS\SYSTEM32\dbgcore.DLL
0x00007ffdef8f0000 - 0x00007ffdef969000 	C:\WINDOWS\System32\bcryptPrimitives.dll
0x00007ffdd6da0000 - 0x00007ffdd6dc5000 	C:\Program Files\Zulu\zulu-17\bin\java.dll

dbghelp: loaded successfully - version: 4.0.5 - missing functions: none
symbol engine: initialized successfully - sym options: 0x614 - pdb path: .;C:\Program Files\Zulu\zulu-17\bin;C:\WINDOWS\SYSTEM32;C:\WINDOWS\WinSxS\amd64_microsoft.windows.common-controls_6595b64144ccf1df_6.0.22621.3235_none_270f74e173860f98;C:\Program Files\Avecto\Privilege Guard Client;C:\Program Files\Zulu\zulu-17\bin\server

VM Arguments:
jvm_args: -Dnet.bytebuddy.agent.attacher.dump= 
java_command: net.bytebuddy.agent.Attacher com.sun.tools.attach.VirtualMachine 21024 C:\Users\2148900\.m2\repository\net\bytebuddy\byte-buddy-agent\1.14.13\byte-buddy-agent-1.14.13.jar false 
java_class_path (initial): C:\Users\2148900\.m2\repository\net\bytebuddy\byte-buddy-agent\1.14.13\byte-buddy-agent-1.14.13.jar
Launcher Type: SUN_STANDARD

[Global flags]
     intx CICompilerCount                          = 4                                         {product} {ergonomic}
     uint ConcGCThreads                            = 3                                         {product} {ergonomic}
     uint G1ConcRefinementThreads                  = 10                                        {product} {ergonomic}
   size_t G1HeapRegionSize                         = 2097152                                   {product} {ergonomic}
    uintx GCDrainStackTargetSize                   = 64                                        {product} {ergonomic}
   size_t InitialHeapSize                          = 257949696                                 {product} {ergonomic}
   size_t MarkStackSize                            = 4194304                                   {product} {ergonomic}
   size_t MaxHeapSize                              = 4116709376                                {product} {ergonomic}
   size_t MinHeapDeltaBytes                        = 2097152                                   {product} {ergonomic}
   size_t MinHeapSize                              = 8388608                                   {product} {ergonomic}
    uintx NonNMethodCodeHeapSize                   = 5839372                                {pd product} {ergonomic}
    uintx NonProfiledCodeHeapSize                  = 122909434                              {pd product} {ergonomic}
    uintx ProfiledCodeHeapSize                     = 122909434                              {pd product} {ergonomic}
    uintx ReservedCodeCacheSize                    = 251658240                              {pd product} {ergonomic}
     bool SegmentedCodeCache                       = true                                      {product} {ergonomic}
   size_t SoftMaxHeapSize                          = 4116709376                             {manageable} {ergonomic}
     bool UseCompressedClassPointers               = true                           {product lp64_product} {ergonomic}
     bool UseCompressedOops                        = true                           {product lp64_product} {ergonomic}
     bool UseG1GC                                  = true                                      {product} {ergonomic}
     bool UseLargePagesIndividualAllocation        = false                                  {pd product} {ergonomic}

Logging:
Log output configuration:
 #0: stdout all=warning uptime,level,tags
 #1: stderr all=off uptime,level,tags

Environment Variables:
JAVA_HOME=C:\Program Files\Zulu\zulu-17
PATH=C:/Users/2148900/Downloads/eclipse-jee-2022-09-R-win32-x86_64/eclipse//plugins/org.eclipse.justj.openjdk.hotspot.jre.full.win32.x86_64_17.0.4.v20220903-1038/jre/bin/server;C:/Users/2148900/Downloads/eclipse-jee-2022-09-R-win32-x86_64/eclipse//plugins/org.eclipse.justj.openjdk.hotspot.jre.full.win32.x86_64_17.0.4.v20220903-1038/jre/bin;C:\Program Files\Zulu\zulu-17\bin;C:\Program Files\Common Files\Oracle\Java\javapath;C:\Users\2148900\Downloads\Open Source_SonarSource_SonarQube_9.2.4_sonarqube-9.2.4.50792\sonarqube-9.2.4.50792\bin\windows-x86-64;C:\Users\2148900\Downloads\sonar-scanner-msbuild-master\sonar-scanner-msbuild-master;C:\WINDOWS\system32;C:\WINDOWS;C:\WINDOWS\System32\Wbem;C:\WINDOWS\System32\WindowsPowerShell\v1.0\;C:\WINDOWS\System32\OpenSSH\;C:\Program Files\Microsoft VS Code\bin;C:\Users\2148900\AppData\Roaming\npm\node_modules\@angular\cli\bin;C:\Users\2148900\AppData\Roaming\npm;C:\Program Files\nodejs\;C:\Users\2148900\AppData\Local\Android\Sdk\platform-tools;C:\Program Files\dotnet\;C:\Program Files\MySQL\MySQL Shell 8.0\bin\;C:\Users\2148900\AppData\Local\Microsoft\WindowsApps;C:\Program Files\JetBrains\IntelliJ IDEA Community Edition 2023.1.2\bin;;C:\Users\2148900\AppData\Local\Programs\Git\cmd;;C:\Users\2148900\Downloads\eclipse-jee-2022-09-R-win32-x86_64\eclipse;
USERNAME=2148900
OS=Windows_NT
PROCESSOR_IDENTIFIER=AMD64 Family 23 Model 96 Stepping 1, AuthenticAMD



---------------  S Y S T E M  ---------------

OS:
 Windows 11 , 64 bit Build 22621 (10.0.22621.3374)
OS uptime: 17 days 10:13 hours
Hyper-V role detected

CPU: total 12 (initial active 12) (12 cores per cpu, 2 threads per core) family 23 model 96 stepping 1 microcode 0x0, cx8, cmov, fxsr, ht, mmx, 3dnowpref, sse, sse2, sse3, ssse3, sse4a, sse4.1, sse4.2, popcnt, lzcnt, tsc, tscinvbit, avx, avx2, aes, clmul, bmi1, bmi2, adx, sha, fma, vzeroupper, clflush, clflushopt, hv

Memory: 4k page, system-wide physical 15697M (621M free)
TotalPageFile size 48465M (AvailPageFile size 236M)
current process WorkingSet (physical memory assigned to process): 12M, peak: 12M
current process commit charge ("private bytes"): 64M, peak: 310M

vm_info: OpenJDK 64-Bit Server VM (17.0.2+8-LTS) for windows-amd64 JRE (17.0.2+8-LTS) (Zulu17.32+13-CA), built on Jan  8 2022 13:06:16 by "zulu_re" with MS VC++ 16.10 / 16.11 (VS2019)

END.
