#
# There is insufficient memory for the Java Runtime Environment to continue.
# Native memory allocation (malloc) failed to allocate 119376 bytes for Chunk::new
# Possible reasons:
#   The system is out of physical RAM or swap space
#   The process is running with CompressedOops enabled, and the Java Heap may be blocking the growth of the native heap
# Possible solutions:
#   Reduce memory load on the system
#   Increase physical memory or swap space
#   Check if swap backing store is full
#   Decrease Java heap size (-Xmx/-Xms)
#   Decrease number of Java threads
#   Decrease Java thread stack sizes (-Xss)
#   Set larger code cache with -XX:ReservedCodeCacheSize=
#   JVM is running with Zero Based Compressed Oops mode in which the Java heap is
#     placed in the first 32GB address space. The Java Heap base address is the
#     maximum limit for the native heap growth. Please use -XX:HeapBaseMinAddress
#     to set the Java Heap base and to place the Java Heap above 32GB virtual address.
# This output file may be truncated or incomplete.
#
#  Out of Memory Error (arena.cpp:189), pid=29848, tid=15980
#
# JRE version: OpenJDK Runtime Environment Zulu17.32+13-CA (17.0.2+8) (build 17.0.2+8-LTS)
# Java VM: OpenJDK 64-Bit Server VM Zulu17.32+13-CA (17.0.2+8-LTS, mixed mode, sharing, tiered, compressed oops, compressed class ptrs, g1 gc, windows-amd64)
# No core dump will be written. Minidumps are not enabled by default on client versions of Windows
#

---------------  S U M M A R Y ------------

Command Line: -ea -Dfile.encoding=UTF-8 -XX:+ShowCodeDetailsInExceptionMessages org.eclipse.jdt.internal.junit.runner.RemoteTestRunner -version 3 -port 52435 -testLoaderClass org.eclipse.jdt.internal.junit5.runner.JUnit5TestLoader -loaderpluginname org.eclipse.jdt.junit5.runtime -classNames com.dip.controller.AuthControllerTest

Host: AMD Ryzen 5 PRO 4650U with Radeon Graphics, 12 cores, 15G,  Windows 11 , 64 bit Build 22621 (10.0.22621.3374)
Time: Sun May 19 22:44:01 2024 India Standard Time elapsed time: 0.652771 seconds (0d 0h 0m 0s)

---------------  T H R E A D  ---------------

Current thread (0x000002057fbb4b60):  JavaThread "C2 CompilerThread0" daemon [_thread_in_native, id=15980, stack(0x000000f9f2800000,0x000000f9f2900000)]


Current CompileTask:
C2:    652  432   !   4       java.util.zip.ZipFile$Source::getEntryPos (173 bytes)

Stack: [0x000000f9f2800000,0x000000f9f2900000]
Native frames: (J=compiled Java code, j=interpreted, Vv=VM code, C=native code)
V  [jvm.dll+0x6769fa]
V  [jvm.dll+0x831784]
V  [jvm.dll+0x832f2e]
V  [jvm.dll+0x833593]
V  [jvm.dll+0x2455e5]
V  [jvm.dll+0xabf1b]
V  [jvm.dll+0xac4ac]
V  [jvm.dll+0x3635a2]
V  [jvm.dll+0x32dae1]
V  [jvm.dll+0x32cf8a]
V  [jvm.dll+0x218531]
V  [jvm.dll+0x217951]
V  [jvm.dll+0x1a3e2d]
V  [jvm.dll+0x2272d8]
V  [jvm.dll+0x22542c]
V  [jvm.dll+0x7e701c]
V  [jvm.dll+0x7e15ca]
V  [jvm.dll+0x675885]
C  [ucrtbase.dll+0x29333]
C  [KERNEL32.DLL+0x1257d]
C  [ntdll.dll+0x5aa48]


---------------  P R O C E S S  ---------------

Threads class SMR info:
_java_thread_list=0x000002052130c020, length=13, elements={
0x000002057d1b6710, 0x000002057fb878d0, 0x000002057fb88560, 0x000002057fb9a230,
0x000002057fb9abe0, 0x000002057fb9c1c0, 0x000002057fba1bc0, 0x000002057fbb4b60,
0x000002057fbb5a10, 0x000002057fbb8c30, 0x000002057fce1c80, 0x000002057fd157c0,
0x00000205212b2510
}

Java Threads: ( => current thread )
  0x000002057d1b6710 JavaThread "main" [_thread_in_vm, id=21644, stack(0x000000f9f1b00000,0x000000f9f1c00000)]
  0x000002057fb878d0 JavaThread "Reference Handler" daemon [_thread_blocked, id=16892, stack(0x000000f9f2200000,0x000000f9f2300000)]
  0x000002057fb88560 JavaThread "Finalizer" daemon [_thread_blocked, id=29744, stack(0x000000f9f2300000,0x000000f9f2400000)]
  0x000002057fb9a230 JavaThread "Signal Dispatcher" daemon [_thread_blocked, id=18620, stack(0x000000f9f2400000,0x000000f9f2500000)]
  0x000002057fb9abe0 JavaThread "Attach Listener" daemon [_thread_blocked, id=6428, stack(0x000000f9f2500000,0x000000f9f2600000)]
  0x000002057fb9c1c0 JavaThread "Service Thread" daemon [_thread_blocked, id=31960, stack(0x000000f9f2600000,0x000000f9f2700000)]
  0x000002057fba1bc0 JavaThread "Monitor Deflation Thread" daemon [_thread_blocked, id=16708, stack(0x000000f9f2700000,0x000000f9f2800000)]
=>0x000002057fbb4b60 JavaThread "C2 CompilerThread0" daemon [_thread_in_native, id=15980, stack(0x000000f9f2800000,0x000000f9f2900000)]
  0x000002057fbb5a10 JavaThread "C1 CompilerThread0" daemon [_thread_blocked, id=36800, stack(0x000000f9f2900000,0x000000f9f2a00000)]
  0x000002057fbb8c30 JavaThread "Sweeper thread" daemon [_thread_blocked, id=2916, stack(0x000000f9f2a00000,0x000000f9f2b00000)]
  0x000002057fce1c80 JavaThread "Notification Thread" daemon [_thread_blocked, id=36180, stack(0x000000f9f2b00000,0x000000f9f2c00000)]
  0x000002057fd157c0 JavaThread "Common-Cleaner" daemon [_thread_blocked, id=28480, stack(0x000000f9f2d00000,0x000000f9f2e00000)]
  0x00000205212b2510 JavaThread "ReaderThread" [_thread_in_native, id=2164, stack(0x000000f9f2e00000,0x000000f9f2f00000)]

Other Threads:
  0x000002057f2ed6e0 VMThread "VM Thread" [stack: 0x000000f9f2100000,0x000000f9f2200000] [id=36060]
  0x000002057d21fc00 WatcherThread [stack: 0x000000f9f2c00000,0x000000f9f2d00000] [id=672]
  0x000002057d205640 GCTaskThread "GC Thread#0" [stack: 0x000000f9f1c00000,0x000000f9f1d00000] [id=17968]
  0x000002057d216850 ConcurrentGCThread "G1 Main Marker" [stack: 0x000000f9f1d00000,0x000000f9f1e00000] [id=25360]
  0x000002057d217260 ConcurrentGCThread "G1 Conc#0" [stack: 0x000000f9f1e00000,0x000000f9f1f00000] [id=25304]
  0x000002057f1b6780 ConcurrentGCThread "G1 Refine#0" [stack: 0x000000f9f1f00000,0x000000f9f2000000] [id=24652]
  0x000002057d24d6b0 ConcurrentGCThread "G1 Service" [stack: 0x000000f9f2000000,0x000000f9f2100000] [id=17604]

Threads with active compile tasks:
C2 CompilerThread0      680  432   !   4       java.util.zip.ZipFile$Source::getEntryPos (173 bytes)

VM state: not at safepoint (normal execution)

VM Mutex/Monitor currently owned by a thread: None

Heap address: 0x000000070aa00000, size: 3926 MB, Compressed Oops mode: Zero based, Oop shift amount: 3

CDS archive(s) mapped at: [0x0000000800000000-0x0000000800bc0000-0x0000000800bc0000), size 12320768, SharedBaseAddress: 0x0000000800000000, ArchiveRelocationMode: 0.
Compressed class space mapped at: 0x0000000800c00000-0x0000000840c00000, reserved size: 1073741824
Narrow klass base: 0x0000000800000000, Narrow klass shift: 0, Narrow klass range: 0x100000000

GC Precious Log:
 CPUs: 12 total, 12 available
 Memory: 15697M
 Large Page Support: Disabled
 NUMA Support: Disabled
 Compressed Oops: Enabled (Zero based)
 Heap Region Size: 2M
 Heap Min Capacity: 8M
 Heap Initial Capacity: 246M
 Heap Max Capacity: 3926M
 Pre-touch: Disabled
 Parallel Workers: 10
 Concurrent Workers: 3
 Concurrent Refinement Workers: 10
 Periodic GC: Disabled

Heap:
 garbage-first heap   total 251904K, used 8192K [0x000000070aa00000, 0x0000000800000000)
  region size 2048K, 6 young (12288K), 0 survivors (0K)
 Metaspace       used 1266K, committed 1344K, reserved 1056768K
  class space    used 111K, committed 128K, reserved 1048576K

Heap Regions: E=young(eden), S=young(survivor), O=old, HS=humongous(starts), HC=humongous(continues), CS=collection set, F=free, OA=open archive, CA=closed archive, TAMS=top-at-mark-start (previous, next)
|   0|0x000000070aa00000, 0x000000070aa00000, 0x000000070ac00000|  0%| F|  |TAMS 0x000000070aa00000, 0x000000070aa00000| Untracked 
|   1|0x000000070ac00000, 0x000000070ac00000, 0x000000070ae00000|  0%| F|  |TAMS 0x000000070ac00000, 0x000000070ac00000| Untracked 
|   2|0x000000070ae00000, 0x000000070ae00000, 0x000000070b000000|  0%| F|  |TAMS 0x000000070ae00000, 0x000000070ae00000| Untracked 
|   3|0x000000070b000000, 0x000000070b000000, 0x000000070b200000|  0%| F|  |TAMS 0x000000070b000000, 0x000000070b000000| Untracked 
|   4|0x000000070b200000, 0x000000070b200000, 0x000000070b400000|  0%| F|  |TAMS 0x000000070b200000, 0x000000070b200000| Untracked 
|   5|0x000000070b400000, 0x000000070b400000, 0x000000070b600000|  0%| F|  |TAMS 0x000000070b400000, 0x000000070b400000| Untracked 
|   6|0x000000070b600000, 0x000000070b600000, 0x000000070b800000|  0%| F|  |TAMS 0x000000070b600000, 0x000000070b600000| Untracked 
|   7|0x000000070b800000, 0x000000070b800000, 0x000000070ba00000|  0%| F|  |TAMS 0x000000070b800000, 0x000000070b800000| Untracked 
|   8|0x000000070ba00000, 0x000000070ba00000, 0x000000070bc00000|  0%| F|  |TAMS 0x000000070ba00000, 0x000000070ba00000| Untracked 
|   9|0x000000070bc00000, 0x000000070bc00000, 0x000000070be00000|  0%| F|  |TAMS 0x000000070bc00000, 0x000000070bc00000| Untracked 
|  10|0x000000070be00000, 0x000000070be00000, 0x000000070c000000|  0%| F|  |TAMS 0x000000070be00000, 0x000000070be00000| Untracked 
|  11|0x000000070c000000, 0x000000070c000000, 0x000000070c200000|  0%| F|  |TAMS 0x000000070c000000, 0x000000070c000000| Untracked 
|  12|0x000000070c200000, 0x000000070c200000, 0x000000070c400000|  0%| F|  |TAMS 0x000000070c200000, 0x000000070c200000| Untracked 
|  13|0x000000070c400000, 0x000000070c400000, 0x000000070c600000|  0%| F|  |TAMS 0x000000070c400000, 0x000000070c400000| Untracked 
|  14|0x000000070c600000, 0x000000070c600000, 0x000000070c800000|  0%| F|  |TAMS 0x000000070c600000, 0x000000070c600000| Untracked 
|  15|0x000000070c800000, 0x000000070c800000, 0x000000070ca00000|  0%| F|  |TAMS 0x000000070c800000, 0x000000070c800000| Untracked 
|  16|0x000000070ca00000, 0x000000070ca00000, 0x000000070cc00000|  0%| F|  |TAMS 0x000000070ca00000, 0x000000070ca00000| Untracked 
|  17|0x000000070cc00000, 0x000000070cc00000, 0x000000070ce00000|  0%| F|  |TAMS 0x000000070cc00000, 0x000000070cc00000| Untracked 
|  18|0x000000070ce00000, 0x000000070ce00000, 0x000000070d000000|  0%| F|  |TAMS 0x000000070ce00000, 0x000000070ce00000| Untracked 
|  19|0x000000070d000000, 0x000000070d000000, 0x000000070d200000|  0%| F|  |TAMS 0x000000070d000000, 0x000000070d000000| Untracked 
|  20|0x000000070d200000, 0x000000070d200000, 0x000000070d400000|  0%| F|  |TAMS 0x000000070d200000, 0x000000070d200000| Untracked 
|  21|0x000000070d400000, 0x000000070d400000, 0x000000070d600000|  0%| F|  |TAMS 0x000000070d400000, 0x000000070d400000| Untracked 
|  22|0x000000070d600000, 0x000000070d600000, 0x000000070d800000|  0%| F|  |TAMS 0x000000070d600000, 0x000000070d600000| Untracked 
|  23|0x000000070d800000, 0x000000070d800000, 0x000000070da00000|  0%| F|  |TAMS 0x000000070d800000, 0x000000070d800000| Untracked 
|  24|0x000000070da00000, 0x000000070da00000, 0x000000070dc00000|  0%| F|  |TAMS 0x000000070da00000, 0x000000070da00000| Untracked 
|  25|0x000000070dc00000, 0x000000070dc00000, 0x000000070de00000|  0%| F|  |TAMS 0x000000070dc00000, 0x000000070dc00000| Untracked 
|  26|0x000000070de00000, 0x000000070de00000, 0x000000070e000000|  0%| F|  |TAMS 0x000000070de00000, 0x000000070de00000| Untracked 
|  27|0x000000070e000000, 0x000000070e000000, 0x000000070e200000|  0%| F|  |TAMS 0x000000070e000000, 0x000000070e000000| Untracked 
|  28|0x000000070e200000, 0x000000070e200000, 0x000000070e400000|  0%| F|  |TAMS 0x000000070e200000, 0x000000070e200000| Untracked 
|  29|0x000000070e400000, 0x000000070e400000, 0x000000070e600000|  0%| F|  |TAMS 0x000000070e400000, 0x000000070e400000| Untracked 
|  30|0x000000070e600000, 0x000000070e600000, 0x000000070e800000|  0%| F|  |TAMS 0x000000070e600000, 0x000000070e600000| Untracked 
|  31|0x000000070e800000, 0x000000070e800000, 0x000000070ea00000|  0%| F|  |TAMS 0x000000070e800000, 0x000000070e800000| Untracked 
|  32|0x000000070ea00000, 0x000000070ea00000, 0x000000070ec00000|  0%| F|  |TAMS 0x000000070ea00000, 0x000000070ea00000| Untracked 
|  33|0x000000070ec00000, 0x000000070ec00000, 0x000000070ee00000|  0%| F|  |TAMS 0x000000070ec00000, 0x000000070ec00000| Untracked 
|  34|0x000000070ee00000, 0x000000070ee00000, 0x000000070f000000|  0%| F|  |TAMS 0x000000070ee00000, 0x000000070ee00000| Untracked 
|  35|0x000000070f000000, 0x000000070f000000, 0x000000070f200000|  0%| F|  |TAMS 0x000000070f000000, 0x000000070f000000| Untracked 
|  36|0x000000070f200000, 0x000000070f200000, 0x000000070f400000|  0%| F|  |TAMS 0x000000070f200000, 0x000000070f200000| Untracked 
|  37|0x000000070f400000, 0x000000070f400000, 0x000000070f600000|  0%| F|  |TAMS 0x000000070f400000, 0x000000070f400000| Untracked 
|  38|0x000000070f600000, 0x000000070f600000, 0x000000070f800000|  0%| F|  |TAMS 0x000000070f600000, 0x000000070f600000| Untracked 
|  39|0x000000070f800000, 0x000000070f800000, 0x000000070fa00000|  0%| F|  |TAMS 0x000000070f800000, 0x000000070f800000| Untracked 
|  40|0x000000070fa00000, 0x000000070fa00000, 0x000000070fc00000|  0%| F|  |TAMS 0x000000070fa00000, 0x000000070fa00000| Untracked 
|  41|0x000000070fc00000, 0x000000070fc00000, 0x000000070fe00000|  0%| F|  |TAMS 0x000000070fc00000, 0x000000070fc00000| Untracked 
|  42|0x000000070fe00000, 0x000000070fe00000, 0x0000000710000000|  0%| F|  |TAMS 0x000000070fe00000, 0x000000070fe00000| Untracked 
|  43|0x0000000710000000, 0x0000000710000000, 0x0000000710200000|  0%| F|  |TAMS 0x0000000710000000, 0x0000000710000000| Untracked 
|  44|0x0000000710200000, 0x0000000710200000, 0x0000000710400000|  0%| F|  |TAMS 0x0000000710200000, 0x0000000710200000| Untracked 
|  45|0x0000000710400000, 0x0000000710400000, 0x0000000710600000|  0%| F|  |TAMS 0x0000000710400000, 0x0000000710400000| Untracked 
|  46|0x0000000710600000, 0x0000000710600000, 0x0000000710800000|  0%| F|  |TAMS 0x0000000710600000, 0x0000000710600000| Untracked 
|  47|0x0000000710800000, 0x0000000710800000, 0x0000000710a00000|  0%| F|  |TAMS 0x0000000710800000, 0x0000000710800000| Untracked 
|  48|0x0000000710a00000, 0x0000000710a00000, 0x0000000710c00000|  0%| F|  |TAMS 0x0000000710a00000, 0x0000000710a00000| Untracked 
|  49|0x0000000710c00000, 0x0000000710c00000, 0x0000000710e00000|  0%| F|  |TAMS 0x0000000710c00000, 0x0000000710c00000| Untracked 
|  50|0x0000000710e00000, 0x0000000710e00000, 0x0000000711000000|  0%| F|  |TAMS 0x0000000710e00000, 0x0000000710e00000| Untracked 
|  51|0x0000000711000000, 0x0000000711000000, 0x0000000711200000|  0%| F|  |TAMS 0x0000000711000000, 0x0000000711000000| Untracked 
|  52|0x0000000711200000, 0x0000000711200000, 0x0000000711400000|  0%| F|  |TAMS 0x0000000711200000, 0x0000000711200000| Untracked 
|  53|0x0000000711400000, 0x0000000711400000, 0x0000000711600000|  0%| F|  |TAMS 0x0000000711400000, 0x0000000711400000| Untracked 
|  54|0x0000000711600000, 0x0000000711600000, 0x0000000711800000|  0%| F|  |TAMS 0x0000000711600000, 0x0000000711600000| Untracked 
|  55|0x0000000711800000, 0x0000000711800000, 0x0000000711a00000|  0%| F|  |TAMS 0x0000000711800000, 0x0000000711800000| Untracked 
|  56|0x0000000711a00000, 0x0000000711a00000, 0x0000000711c00000|  0%| F|  |TAMS 0x0000000711a00000, 0x0000000711a00000| Untracked 
|  57|0x0000000711c00000, 0x0000000711c00000, 0x0000000711e00000|  0%| F|  |TAMS 0x0000000711c00000, 0x0000000711c00000| Untracked 
|  58|0x0000000711e00000, 0x0000000711e00000, 0x0000000712000000|  0%| F|  |TAMS 0x0000000711e00000, 0x0000000711e00000| Untracked 
|  59|0x0000000712000000, 0x0000000712000000, 0x0000000712200000|  0%| F|  |TAMS 0x0000000712000000, 0x0000000712000000| Untracked 
|  60|0x0000000712200000, 0x0000000712200000, 0x0000000712400000|  0%| F|  |TAMS 0x0000000712200000, 0x0000000712200000| Untracked 
|  61|0x0000000712400000, 0x0000000712400000, 0x0000000712600000|  0%| F|  |TAMS 0x0000000712400000, 0x0000000712400000| Untracked 
|  62|0x0000000712600000, 0x0000000712600000, 0x0000000712800000|  0%| F|  |TAMS 0x0000000712600000, 0x0000000712600000| Untracked 
|  63|0x0000000712800000, 0x0000000712800000, 0x0000000712a00000|  0%| F|  |TAMS 0x0000000712800000, 0x0000000712800000| Untracked 
|  64|0x0000000712a00000, 0x0000000712a00000, 0x0000000712c00000|  0%| F|  |TAMS 0x0000000712a00000, 0x0000000712a00000| Untracked 
|  65|0x0000000712c00000, 0x0000000712c00000, 0x0000000712e00000|  0%| F|  |TAMS 0x0000000712c00000, 0x0000000712c00000| Untracked 
|  66|0x0000000712e00000, 0x0000000712e00000, 0x0000000713000000|  0%| F|  |TAMS 0x0000000712e00000, 0x0000000712e00000| Untracked 
|  67|0x0000000713000000, 0x0000000713000000, 0x0000000713200000|  0%| F|  |TAMS 0x0000000713000000, 0x0000000713000000| Untracked 
|  68|0x0000000713200000, 0x0000000713200000, 0x0000000713400000|  0%| F|  |TAMS 0x0000000713200000, 0x0000000713200000| Untracked 
|  69|0x0000000713400000, 0x0000000713400000, 0x0000000713600000|  0%| F|  |TAMS 0x0000000713400000, 0x0000000713400000| Untracked 
|  70|0x0000000713600000, 0x0000000713600000, 0x0000000713800000|  0%| F|  |TAMS 0x0000000713600000, 0x0000000713600000| Untracked 
|  71|0x0000000713800000, 0x0000000713800000, 0x0000000713a00000|  0%| F|  |TAMS 0x0000000713800000, 0x0000000713800000| Untracked 
|  72|0x0000000713a00000, 0x0000000713a00000, 0x0000000713c00000|  0%| F|  |TAMS 0x0000000713a00000, 0x0000000713a00000| Untracked 
|  73|0x0000000713c00000, 0x0000000713c00000, 0x0000000713e00000|  0%| F|  |TAMS 0x0000000713c00000, 0x0000000713c00000| Untracked 
|  74|0x0000000713e00000, 0x0000000713e00000, 0x0000000714000000|  0%| F|  |TAMS 0x0000000713e00000, 0x0000000713e00000| Untracked 
|  75|0x0000000714000000, 0x0000000714000000, 0x0000000714200000|  0%| F|  |TAMS 0x0000000714000000, 0x0000000714000000| Untracked 
|  76|0x0000000714200000, 0x0000000714200000, 0x0000000714400000|  0%| F|  |TAMS 0x0000000714200000, 0x0000000714200000| Untracked 
|  77|0x0000000714400000, 0x0000000714400000, 0x0000000714600000|  0%| F|  |TAMS 0x0000000714400000, 0x0000000714400000| Untracked 
|  78|0x0000000714600000, 0x0000000714600000, 0x0000000714800000|  0%| F|  |TAMS 0x0000000714600000, 0x0000000714600000| Untracked 
|  79|0x0000000714800000, 0x0000000714800000, 0x0000000714a00000|  0%| F|  |TAMS 0x0000000714800000, 0x0000000714800000| Untracked 
|  80|0x0000000714a00000, 0x0000000714a00000, 0x0000000714c00000|  0%| F|  |TAMS 0x0000000714a00000, 0x0000000714a00000| Untracked 
|  81|0x0000000714c00000, 0x0000000714c00000, 0x0000000714e00000|  0%| F|  |TAMS 0x0000000714c00000, 0x0000000714c00000| Untracked 
|  82|0x0000000714e00000, 0x0000000714e00000, 0x0000000715000000|  0%| F|  |TAMS 0x0000000714e00000, 0x0000000714e00000| Untracked 
|  83|0x0000000715000000, 0x0000000715000000, 0x0000000715200000|  0%| F|  |TAMS 0x0000000715000000, 0x0000000715000000| Untracked 
|  84|0x0000000715200000, 0x0000000715200000, 0x0000000715400000|  0%| F|  |TAMS 0x0000000715200000, 0x0000000715200000| Untracked 
|  85|0x0000000715400000, 0x0000000715400000, 0x0000000715600000|  0%| F|  |TAMS 0x0000000715400000, 0x0000000715400000| Untracked 
|  86|0x0000000715600000, 0x0000000715600000, 0x0000000715800000|  0%| F|  |TAMS 0x0000000715600000, 0x0000000715600000| Untracked 
|  87|0x0000000715800000, 0x0000000715800000, 0x0000000715a00000|  0%| F|  |TAMS 0x0000000715800000, 0x0000000715800000| Untracked 
|  88|0x0000000715a00000, 0x0000000715a00000, 0x0000000715c00000|  0%| F|  |TAMS 0x0000000715a00000, 0x0000000715a00000| Untracked 
|  89|0x0000000715c00000, 0x0000000715c00000, 0x0000000715e00000|  0%| F|  |TAMS 0x0000000715c00000, 0x0000000715c00000| Untracked 
|  90|0x0000000715e00000, 0x0000000715e00000, 0x0000000716000000|  0%| F|  |TAMS 0x0000000715e00000, 0x0000000715e00000| Untracked 
|  91|0x0000000716000000, 0x0000000716000000, 0x0000000716200000|  0%| F|  |TAMS 0x0000000716000000, 0x0000000716000000| Untracked 
|  92|0x0000000716200000, 0x0000000716200000, 0x0000000716400000|  0%| F|  |TAMS 0x0000000716200000, 0x0000000716200000| Untracked 
|  93|0x0000000716400000, 0x0000000716400000, 0x0000000716600000|  0%| F|  |TAMS 0x0000000716400000, 0x0000000716400000| Untracked 
|  94|0x0000000716600000, 0x0000000716600000, 0x0000000716800000|  0%| F|  |TAMS 0x0000000716600000, 0x0000000716600000| Untracked 
|  95|0x0000000716800000, 0x0000000716800000, 0x0000000716a00000|  0%| F|  |TAMS 0x0000000716800000, 0x0000000716800000| Untracked 
|  96|0x0000000716a00000, 0x0000000716a00000, 0x0000000716c00000|  0%| F|  |TAMS 0x0000000716a00000, 0x0000000716a00000| Untracked 
|  97|0x0000000716c00000, 0x0000000716c00000, 0x0000000716e00000|  0%| F|  |TAMS 0x0000000716c00000, 0x0000000716c00000| Untracked 
|  98|0x0000000716e00000, 0x0000000716e00000, 0x0000000717000000|  0%| F|  |TAMS 0x0000000716e00000, 0x0000000716e00000| Untracked 
|  99|0x0000000717000000, 0x0000000717000000, 0x0000000717200000|  0%| F|  |TAMS 0x0000000717000000, 0x0000000717000000| Untracked 
| 100|0x0000000717200000, 0x0000000717200000, 0x0000000717400000|  0%| F|  |TAMS 0x0000000717200000, 0x0000000717200000| Untracked 
| 101|0x0000000717400000, 0x0000000717400000, 0x0000000717600000|  0%| F|  |TAMS 0x0000000717400000, 0x0000000717400000| Untracked 
| 102|0x0000000717600000, 0x0000000717600000, 0x0000000717800000|  0%| F|  |TAMS 0x0000000717600000, 0x0000000717600000| Untracked 
| 103|0x0000000717800000, 0x0000000717800000, 0x0000000717a00000|  0%| F|  |TAMS 0x0000000717800000, 0x0000000717800000| Untracked 
| 104|0x0000000717a00000, 0x0000000717a00000, 0x0000000717c00000|  0%| F|  |TAMS 0x0000000717a00000, 0x0000000717a00000| Untracked 
| 105|0x0000000717c00000, 0x0000000717c00000, 0x0000000717e00000|  0%| F|  |TAMS 0x0000000717c00000, 0x0000000717c00000| Untracked 
| 106|0x0000000717e00000, 0x0000000717e00000, 0x0000000718000000|  0%| F|  |TAMS 0x0000000717e00000, 0x0000000717e00000| Untracked 
| 107|0x0000000718000000, 0x0000000718000000, 0x0000000718200000|  0%| F|  |TAMS 0x0000000718000000, 0x0000000718000000| Untracked 
| 108|0x0000000718200000, 0x0000000718200000, 0x0000000718400000|  0%| F|  |TAMS 0x0000000718200000, 0x0000000718200000| Untracked 
| 109|0x0000000718400000, 0x0000000718400000, 0x0000000718600000|  0%| F|  |TAMS 0x0000000718400000, 0x0000000718400000| Untracked 
| 110|0x0000000718600000, 0x0000000718600000, 0x0000000718800000|  0%| F|  |TAMS 0x0000000718600000, 0x0000000718600000| Untracked 
| 111|0x0000000718800000, 0x0000000718800000, 0x0000000718a00000|  0%| F|  |TAMS 0x0000000718800000, 0x0000000718800000| Untracked 
| 112|0x0000000718a00000, 0x0000000718a00000, 0x0000000718c00000|  0%| F|  |TAMS 0x0000000718a00000, 0x0000000718a00000| Untracked 
| 113|0x0000000718c00000, 0x0000000718c00000, 0x0000000718e00000|  0%| F|  |TAMS 0x0000000718c00000, 0x0000000718c00000| Untracked 
| 114|0x0000000718e00000, 0x0000000718e00000, 0x0000000719000000|  0%| F|  |TAMS 0x0000000718e00000, 0x0000000718e00000| Untracked 
| 115|0x0000000719000000, 0x0000000719000000, 0x0000000719200000|  0%| F|  |TAMS 0x0000000719000000, 0x0000000719000000| Untracked 
| 116|0x0000000719200000, 0x0000000719200000, 0x0000000719400000|  0%| F|  |TAMS 0x0000000719200000, 0x0000000719200000| Untracked 
| 117|0x0000000719400000, 0x00000007194e1d18, 0x0000000719600000| 44%| E|  |TAMS 0x0000000719400000, 0x0000000719400000| Complete 
| 118|0x0000000719600000, 0x0000000719800000, 0x0000000719800000|100%| E|CS|TAMS 0x0000000719600000, 0x0000000719600000| Complete 
| 119|0x0000000719800000, 0x0000000719a00000, 0x0000000719a00000|100%| E|CS|TAMS 0x0000000719800000, 0x0000000719800000| Complete 
| 120|0x0000000719a00000, 0x0000000719c00000, 0x0000000719c00000|100%| E|  |TAMS 0x0000000719a00000, 0x0000000719a00000| Complete 
| 121|0x0000000719c00000, 0x0000000719e00000, 0x0000000719e00000|100%| E|CS|TAMS 0x0000000719c00000, 0x0000000719c00000| Complete 
| 122|0x0000000719e00000, 0x000000071a000000, 0x000000071a000000|100%| E|CS|TAMS 0x0000000719e00000, 0x0000000719e00000| Complete 

Card table byte_map: [0x000002057df70000,0x000002057e720000] _byte_map_base: 0x000002057a71b000

Marking Bits (Prev, Next): (CMBitMap*) 0x000002057d205c50, (CMBitMap*) 0x000002057d205c90
 Prev Bits: [0x0000020516a00000, 0x000002051a758000)
 Next Bits: [0x000002051a760000, 0x000002051e4b8000)

Polling page: 0x000002057c960000

Metaspace:

Usage:
  Non-class:      1.14 MB used.
      Class:    114.20 KB used.
       Both:      1.25 MB used.

Virtual space:
  Non-class space:        8.00 MB reserved,       1.19 MB ( 15%) committed,  1 nodes.
      Class space:        1.00 GB reserved,     128.00 KB ( <1%) committed,  1 nodes.
             Both:        1.01 GB reserved,       1.31 MB ( <1%) committed. 

Chunk freelists:
   Non-Class:  3.72 MB
       Class:  3.69 MB
        Both:  7.41 MB

MaxMetaspaceSize: unlimited
CompressedClassSpaceSize: 1.00 GB
Initial GC threshold: 21.00 MB
Current GC threshold: 21.00 MB
CDS: on
MetaspaceReclaimPolicy: balanced
 - commit_granule_bytes: 65536.
 - commit_granule_words: 8192.
 - virtual_space_node_default_size: 1048576.
 - enlarge_chunks_in_place: 1.
 - new_chunks_are_fully_committed: 0.
 - uncommit_free_chunks: 1.
 - use_allocation_guard: 0.
 - handle_deallocations: 1.


Internal statistics:

num_allocs_failed_limit: 0.
num_arena_births: 18.
num_arena_deaths: 0.
num_vsnodes_births: 2.
num_vsnodes_deaths: 0.
num_space_committed: 21.
num_space_uncommitted: 0.
num_chunks_returned_to_freelist: 0.
num_chunks_taken_from_freelist: 41.
num_chunk_merges: 0.
num_chunk_splits: 22.
num_chunks_enlarged: 17.
num_purges: 0.
num_inconsistent_stats: 0.

CodeHeap 'non-profiled nmethods': size=120000Kb used=141Kb max_used=141Kb free=119859Kb
 bounds [0x000002050f4d0000, 0x000002050f740000, 0x0000020516a00000]
CodeHeap 'profiled nmethods': size=120000Kb used=809Kb max_used=809Kb free=119190Kb
 bounds [0x0000020507fa0000, 0x0000020508210000, 0x000002050f4d0000]
CodeHeap 'non-nmethods': size=5760Kb used=1117Kb max_used=1132Kb free=4642Kb
 bounds [0x0000020507a00000, 0x0000020507c70000, 0x0000020507fa0000]
 total_blobs=869 nmethods=469 adapters=313
 compilation: enabled
              stopped_count=0, restarted_count=0
 full_count=0

Compilation events (20 events):
Event: 0.608 Thread 0x000002057fbb5a10  417       1       java.lang.invoke.MethodType$ConcurrentWeakInternSet$WeakEntry::hashCode (5 bytes)
Event: 0.608 Thread 0x000002057fbb5a10 nmethod 417 0x000002050f4efe90 code [0x000002050f4f0020, 0x000002050f4f00f8]
Event: 0.609 Thread 0x000002057fbb5a10  418       3       jdk.internal.org.objectweb.asm.SymbolTable$Entry::<init> (17 bytes)
Event: 0.609 Thread 0x000002057fbb5a10 nmethod 418 0x0000020508046990 code [0x0000020508046b40, 0x0000020508046cc8]
Event: 0.609 Thread 0x000002057fbb5a10  420       3       jdk.internal.org.objectweb.asm.SymbolTable::addConstantUtf8 (98 bytes)
Event: 0.609 Thread 0x000002057fbb5a10 nmethod 420 0x0000020508046d90 code [0x0000020508046fc0, 0x00000205080475d8]
Event: 0.609 Thread 0x000002057fbb5a10  419       3       jdk.internal.org.objectweb.asm.ByteVector::putByte (39 bytes)
Event: 0.609 Thread 0x000002057fbb5a10 nmethod 419 0x0000020508047910 code [0x0000020508047ac0, 0x0000020508047ca8]
Event: 0.628 Thread 0x000002057fbb5a10  421       3       java.lang.invoke.MethodType$ConcurrentWeakInternSet::expungeStaleElements (27 bytes)
Event: 0.628 Thread 0x000002057fbb5a10 nmethod 421 0x0000020508047e10 code [0x0000020508047fe0, 0x00000205080484d8]
Event: 0.628 Thread 0x000002057fbb5a10  423       3       java.lang.invoke.MethodType$ConcurrentWeakInternSet::get (47 bytes)
Event: 0.629 Thread 0x000002057fbb5a10 nmethod 423 0x0000020508048690 code [0x00000205080488c0, 0x0000020508049258]
Event: 0.629 Thread 0x000002057fbb5a10  424       3       sun.net.www.protocol.file.Handler::parseURL (18 bytes)
Event: 0.629 Thread 0x000002057fbb5a10 nmethod 424 0x0000020508049590 code [0x0000020508049740, 0x00000205080498f8]
Event: 0.629 Thread 0x000002057fbb5a10  425       3       java.net.URLStreamHandler::parseURL (1201 bytes)
Event: 0.633 Thread 0x000002057fbb4b60  429       4       java.util.zip.ZipCoder::hash (36 bytes)
Event: 0.639 Thread 0x000002057fbb4b60 nmethod 429 0x000002050f4f0490 code [0x000002050f4f0620, 0x000002050f4f0908]
Event: 0.639 Thread 0x000002057fbb4b60  430       4       java.lang.String::isLatin1 (19 bytes)
Event: 0.639 Thread 0x000002057fbb4b60 nmethod 430 0x000002050f4f0b90 code [0x000002050f4f0d00, 0x000002050f4f0d98]
Event: 0.641 Thread 0x000002057fbb4b60  432   !   4       java.util.zip.ZipFile$Source::getEntryPos (173 bytes)

GC Heap History (0 events):
No events

Deoptimization events (12 events):
Event: 0.276 Thread 0x000002057d1b6710 Uncommon trap: trap_request=0xffffff45 fr.pc=0x000002050f4d0ef8 relative=0x0000000000000078
Event: 0.276 Thread 0x000002057d1b6710 Uncommon trap: reason=unstable_if action=reinterpret pc=0x000002050f4d0ef8 method=java.lang.String.isLatin1()Z @ 10 c2
Event: 0.276 Thread 0x000002057d1b6710 DEOPT PACKING pc=0x000002050f4d0ef8 sp=0x000000f9f1bff070
Event: 0.276 Thread 0x000002057d1b6710 DEOPT UNPACKING pc=0x0000020507a523a3 sp=0x000000f9f1bfefb0 mode 2
Event: 0.345 Thread 0x000002057d1b6710 DEOPT PACKING pc=0x0000020507fa9867 sp=0x000000f9f1bfe270
Event: 0.345 Thread 0x000002057d1b6710 DEOPT UNPACKING pc=0x0000020507a52b43 sp=0x000000f9f1bfd690 mode 0
Event: 0.353 Thread 0x000002057d1b6710 DEOPT PACKING pc=0x0000020507fa75d1 sp=0x000000f9f1bfdf40
Event: 0.353 Thread 0x000002057d1b6710 DEOPT UNPACKING pc=0x0000020507a52b43 sp=0x000000f9f1bfd3b8 mode 0
Event: 0.491 Thread 0x000002057d1b6710 DEOPT PACKING pc=0x0000020507fe77f4 sp=0x000000f9f1bfd340
Event: 0.491 Thread 0x000002057d1b6710 DEOPT UNPACKING pc=0x0000020507a52b43 sp=0x000000f9f1bfc7f0 mode 0
Event: 0.535 Thread 0x000002057d1b6710 DEOPT PACKING pc=0x0000020507fba865 sp=0x000000f9f1bfbea0
Event: 0.535 Thread 0x000002057d1b6710 DEOPT UNPACKING pc=0x0000020507a52b43 sp=0x000000f9f1bfb318 mode 0

Classes unloaded (0 events):
No events

Classes redefined (0 events):
No events

Internal exceptions (3 events):
Event: 0.596 Thread 0x000002057d1b6710 Exception <a 'java/lang/NoSuchMethodError'{0x000000071976e480}: 'java.lang.Object java.lang.invoke.DirectMethodHandle$Holder.invokeStaticInit(java.lang.Object)'> (0x000000071976e480) 
thrown [c:\jenkins\workspace\zulu17-build-win64\zulu-src.git\src\hotspot\share\interpreter\linkResolver.cpp, line 766]
Event: 0.608 Thread 0x000002057d1b6710 Exception <a 'java/lang/NoSuchMethodError'{0x000000071977b460}: 'void java.lang.invoke.DirectMethodHandle$Holder.invokeStatic(java.lang.Object, java.lang.Object)'> (0x000000071977b460) 
thrown [c:\jenkins\workspace\zulu17-build-win64\zulu-src.git\src\hotspot\share\interpreter\linkResolver.cpp, line 766]
Event: 0.647 Thread 0x000002057d1b6710 Exception <a 'java/lang/NoSuchMethodError'{0x00000007194004e8}: 'void java.lang.invoke.DirectMethodHandle$Holder.invokeStatic(java.lang.Object, java.lang.Object, java.lang.Object)'> (0x00000007194004e8) 
thrown [c:\jenkins\workspace\zulu17-build-win64\zulu-src.git\src\hotspot\share\interpreter\linkResolver.cpp, line 766]

VM Operations (4 events):
Event: 0.330 Executing VM operation: HandshakeAllThreads
Event: 0.330 Executing VM operation: HandshakeAllThreads done
Event: 0.578 Executing VM operation: HandshakeAllThreads
Event: 0.578 Executing VM operation: HandshakeAllThreads done

Events (20 events):
Event: 0.627 loading class java/io/PrintWriter done
Event: 0.627 loading class java/net/Socket$SocketOutputStream
Event: 0.627 loading class java/net/Socket$SocketOutputStream done
Event: 0.627 loading class sun/nio/ch/NioSocketImpl$2
Event: 0.627 loading class sun/nio/ch/NioSocketImpl$2 done
Event: 0.628 loading class java/net/Socket$SocketInputStream
Event: 0.628 loading class java/net/Socket$SocketInputStream done
Event: 0.628 loading class sun/nio/ch/NioSocketImpl$1
Event: 0.628 loading class sun/nio/ch/NioSocketImpl$1 done
Event: 0.632 Thread 0x00000205212b2510 Thread added: 0x00000205212b2510
Event: 0.632 loading class sun/nio/ch/Util
Event: 0.633 loading class sun/nio/ch/Util done
Event: 0.633 loading class sun/nio/ch/Util$1
Event: 0.634 loading class sun/nio/ch/Util$1 done
Event: 0.634 loading class sun/nio/ch/Util$BufferCache
Event: 0.634 loading class sun/nio/ch/Util$BufferCache done
Event: 0.634 loading class java/nio/DirectByteBuffer$Deallocator
Event: 0.635 loading class java/nio/DirectByteBuffer$Deallocator done
Event: 0.645 loading class java/net/URISyntaxException
Event: 0.645 loading class java/net/URISyntaxException done


Dynamic libraries:
0x00007ff7dd6f0000 - 0x00007ff7dd6fe000 	C:\Program Files\Zulu\zulu-17\bin\javaw.exe
0x00007ffdf2170000 - 0x00007ffdf2386000 	C:\WINDOWS\SYSTEM32\ntdll.dll
0x00007ffdf02e0000 - 0x00007ffdf03a4000 	C:\WINDOWS\System32\KERNEL32.DLL
0x00007ffdefac0000 - 0x00007ffdefe67000 	C:\WINDOWS\System32\KERNELBASE.dll
0x00007ffdef7d0000 - 0x00007ffdef8e1000 	C:\WINDOWS\System32\ucrtbase.dll
0x00007ffdd3d70000 - 0x00007ffdd3d88000 	C:\Program Files\Zulu\zulu-17\bin\jli.dll
0x00007ffddad70000 - 0x00007ffddad8b000 	C:\Program Files\Zulu\zulu-17\bin\VCRUNTIME140.dll
0x00007ffdf0560000 - 0x00007ffdf070e000 	C:\WINDOWS\System32\USER32.dll
0x00007ffdd76e0000 - 0x00007ffdd7973000 	C:\WINDOWS\WinSxS\amd64_microsoft.windows.common-controls_6595b64144ccf1df_6.0.22621.3235_none_270f74e173860f98\COMCTL32.dll
0x00007ffdef970000 - 0x00007ffdef996000 	C:\WINDOWS\System32\win32u.dll
0x00007ffdf1890000 - 0x00007ffdf18b9000 	C:\WINDOWS\System32\GDI32.dll
0x00007ffdef9a0000 - 0x00007ffdefab9000 	C:\WINDOWS\System32\gdi32full.dll
0x00007ffdef670000 - 0x00007ffdef70a000 	C:\WINDOWS\System32\msvcp_win.dll
0x00007ffdf17c0000 - 0x00007ffdf1867000 	C:\WINDOWS\System32\msvcrt.dll
0x00007ffdf0c70000 - 0x00007ffdf0ca1000 	C:\WINDOWS\System32\IMM32.DLL
0x00007ffdeec70000 - 0x00007ffdeee10000 	C:\Program Files\Avecto\Privilege Guard Client\PGHook.dll
0x00007ffdf0dc0000 - 0x00007ffdf0e72000 	C:\WINDOWS\System32\ADVAPI32.dll
0x00007ffdf0080000 - 0x00007ffdf0128000 	C:\WINDOWS\System32\sechost.dll
0x00007ffdefe70000 - 0x00007ffdefe98000 	C:\WINDOWS\System32\bcrypt.dll
0x00007ffdf16a0000 - 0x00007ffdf17b5000 	C:\WINDOWS\System32\RPCRT4.dll
0x00007ffde5bf0000 - 0x00007ffde5bfc000 	C:\Program Files\Zulu\zulu-17\bin\vcruntime140_1.dll
0x00007ffdce350000 - 0x00007ffdce3dd000 	C:\Program Files\Zulu\zulu-17\bin\msvcp140.dll
0x00007ffd86c50000 - 0x00007ffd878b0000 	C:\Program Files\Zulu\zulu-17\bin\server\jvm.dll
0x00007ffdf0db0000 - 0x00007ffdf0db8000 	C:\WINDOWS\System32\PSAPI.DLL
0x00007ffdd5b00000 - 0x00007ffdd5b09000 	C:\WINDOWS\SYSTEM32\WSOCK32.dll
0x00007ffdf1560000 - 0x00007ffdf15d1000 	C:\WINDOWS\System32\WS2_32.dll
0x00007ffde5b80000 - 0x00007ffde5bb4000 	C:\WINDOWS\SYSTEM32\WINMM.dll
0x00007ffde4e30000 - 0x00007ffde4e3a000 	C:\WINDOWS\SYSTEM32\VERSION.dll
0x00007ffdee200000 - 0x00007ffdee218000 	C:\WINDOWS\SYSTEM32\kernel.appcore.dll
0x00007ffdda6e0000 - 0x00007ffdda6ea000 	C:\Program Files\Zulu\zulu-17\bin\jimage.dll
0x00007ffdec990000 - 0x00007ffdecbc3000 	C:\WINDOWS\SYSTEM32\DBGHELP.DLL
0x00007ffdf11d0000 - 0x00007ffdf1558000 	C:\WINDOWS\System32\combase.dll
0x00007ffdefea0000 - 0x00007ffdeff77000 	C:\WINDOWS\System32\OLEAUT32.dll
0x00007ffdcdb40000 - 0x00007ffdcdb72000 	C:\WINDOWS\SYSTEM32\dbgcore.DLL
0x00007ffdef8f0000 - 0x00007ffdef969000 	C:\WINDOWS\System32\bcryptPrimitives.dll
0x00007ffdd3b50000 - 0x00007ffdd3b75000 	C:\Program Files\Zulu\zulu-17\bin\java.dll
0x00007ffdcb590000 - 0x00007ffdcb667000 	C:\Program Files\Zulu\zulu-17\bin\jsvml.dll
0x00007ffdf18d0000 - 0x00007ffdf212c000 	C:\WINDOWS\System32\SHELL32.dll
0x00007ffdecf30000 - 0x00007ffded829000 	C:\WINDOWS\SYSTEM32\windows.storage.dll
0x00007ffdecdf0000 - 0x00007ffdecf2e000 	C:\WINDOWS\SYSTEM32\wintypes.dll
0x00007ffdf0cb0000 - 0x00007ffdf0da3000 	C:\WINDOWS\System32\SHCORE.dll
0x00007ffdf15e0000 - 0x00007ffdf163e000 	C:\WINDOWS\System32\shlwapi.dll
0x00007ffdef3c0000 - 0x00007ffdef3e1000 	C:\WINDOWS\SYSTEM32\profapi.dll
0x00007ffdd3d50000 - 0x00007ffdd3d69000 	C:\Program Files\Zulu\zulu-17\bin\net.dll
0x00007ffdee220000 - 0x00007ffdee356000 	C:\WINDOWS\SYSTEM32\WINHTTP.dll
0x00007ffdee7a0000 - 0x00007ffdee809000 	C:\WINDOWS\system32\mswsock.dll
0x00007ffdd3a20000 - 0x00007ffdd3a36000 	C:\Program Files\Zulu\zulu-17\bin\nio.dll
0x00007ffdd39e0000 - 0x00007ffdd39f8000 	C:\Program Files\Zulu\zulu-17\bin\zip.dll
0x00007ffdeda80000 - 0x00007ffdedaad000 	C:\WINDOWS\SYSTEM32\IPHLPAPI.DLL
0x00007ffdf0c60000 - 0x00007ffdf0c69000 	C:\WINDOWS\System32\NSI.dll
0x00007ffde7510000 - 0x00007ffde7529000 	C:\WINDOWS\SYSTEM32\dhcpcsvc6.DLL
0x00007ffde72a0000 - 0x00007ffde72bf000 	C:\WINDOWS\SYSTEM32\dhcpcsvc.DLL
0x00007ffdedab0000 - 0x00007ffdedba9000 	C:\WINDOWS\SYSTEM32\DNSAPI.dll

dbghelp: loaded successfully - version: 4.0.5 - missing functions: none
symbol engine: initialized successfully - sym options: 0x614 - pdb path: .;C:\Program Files\Zulu\zulu-17\bin;C:\WINDOWS\SYSTEM32;C:\WINDOWS\WinSxS\amd64_microsoft.windows.common-controls_6595b64144ccf1df_6.0.22621.3235_none_270f74e173860f98;C:\Program Files\Avecto\Privilege Guard Client;C:\Program Files\Zulu\zulu-17\bin\server

VM Arguments:
jvm_args: -ea -Dfile.encoding=UTF-8 -XX:+ShowCodeDetailsInExceptionMessages 
java_command: org.eclipse.jdt.internal.junit.runner.RemoteTestRunner -version 3 -port 52435 -testLoaderClass org.eclipse.jdt.internal.junit5.runner.JUnit5TestLoader -loaderpluginname org.eclipse.jdt.junit5.runtime -classNames com.dip.controller.AuthControllerTest
java_class_path (initial): C:\Users\2148900\git\daily-insurance-portal\repository1\login-and-registration-service\target\test-classes;C:\Users\2148900\git\daily-insurance-portal\repository1\login-and-registration-service\target\classes;C:\Users\2148900\.m2\repository\org\springframework\boot\spring-boot-starter-security\3.2.5\spring-boot-starter-security-3.2.5.jar;C:\Users\2148900\.m2\repository\org\springframework\spring-aop\6.1.6\spring-aop-6.1.6.jar;C:\Users\2148900\.m2\repository\org\springframework\spring-beans\6.1.6\spring-beans-6.1.6.jar;C:\Users\2148900\.m2\repository\org\springframework\security\spring-security-config\6.2.4\spring-security-config-6.2.4.jar;C:\Users\2148900\.m2\repository\org\springframework\spring-context\6.1.6\spring-context-6.1.6.jar;C:\Users\2148900\.m2\repository\org\springframework\security\spring-security-web\6.2.4\spring-security-web-6.2.4.jar;C:\Users\2148900\.m2\repository\org\springframework\spring-expression\6.1.6\spring-expression-6.1.6.jar;C:\Users\2148900\.m2\repository\org\springframework\boot\spring-boot-starter-web\3.2.5\spring-boot-starter-web-3.2.5.jar;C:\Users\2148900\.m2\repository\org\springframework\boot\spring-boot-starter-json\3.2.5\spring-boot-starter-json-3.2.5.jar;C:\Users\2148900\.m2\repository\com\fasterxml\jackson\datatype\jackson-datatype-jdk8\2.15.4\jackson-datatype-jdk8-2.15.4.jar;C:\Users\2148900\.m2\repository\com\fasterxml\jackson\datatype\jackson-datatype-jsr310\2.15.4\jackson-datatype-jsr310-2.15.4.jar;C:\Users\2148900\.m2\repository\com\fasterxml\jackson\module\jackson-module-parameter-names\2.15.4\jackson-module-parameter-names-2.15.4.jar;C:\Users\2148900\.m2\repository\org\springframework\boot\spring-boot-starter-tomcat\3.2.5\spring-boot-starter-tomcat-3.2.5.jar;C:\Users\2148900\.m2\repository\org\apache\tomcat\embed\tomcat-embed-core\10.1.20\tomcat-embed-core-10.1.20.jar;C:\Users\2148900\.m2\repository\org\apache\tomcat\embed\tomcat-embed-websocket\10.1.20\tomcat-embed-websocket-10.1.20.jar;C:\Us
Launcher Type: SUN_STANDARD

[Global flags]
     intx CICompilerCount                          = 4                                         {product} {ergonomic}
     uint ConcGCThreads                            = 3                                         {product} {ergonomic}
     uint G1ConcRefinementThreads                  = 10                                        {product} {ergonomic}
   size_t G1HeapRegionSize                         = 2097152                                   {product} {ergonomic}
    uintx GCDrainStackTargetSize                   = 64                                        {product} {ergonomic}
   size_t InitialHeapSize                          = 257949696                                 {product} {ergonomic}
   size_t MarkStackSize                            = 4194304                                   {product} {ergonomic}
   size_t MaxHeapSize                              = 4116709376                                {product} {ergonomic}
   size_t MaxNewSize                               = 2468347904                                {product} {ergonomic}
   size_t MinHeapDeltaBytes                        = 2097152                                   {product} {ergonomic}
   size_t MinHeapSize                              = 8388608                                   {product} {ergonomic}
    uintx NonNMethodCodeHeapSize                   = 5839372                                {pd product} {ergonomic}
    uintx NonProfiledCodeHeapSize                  = 122909434                              {pd product} {ergonomic}
    uintx ProfiledCodeHeapSize                     = 122909434                              {pd product} {ergonomic}
    uintx ReservedCodeCacheSize                    = 251658240                              {pd product} {ergonomic}
     bool SegmentedCodeCache                       = true                                      {product} {ergonomic}
     bool ShowCodeDetailsInExceptionMessages       = true                                   {manageable} {command line}
   size_t SoftMaxHeapSize                          = 4116709376                             {manageable} {ergonomic}
     bool UseCompressedClassPointers               = true                           {product lp64_product} {ergonomic}
     bool UseCompressedOops                        = true                           {product lp64_product} {ergonomic}
     bool UseG1GC                                  = true                                      {product} {ergonomic}
     bool UseLargePagesIndividualAllocation        = false                                  {pd product} {ergonomic}

Logging:
Log output configuration:
 #0: stdout all=warning uptime,level,tags
 #1: stderr all=off uptime,level,tags

Environment Variables:
JAVA_HOME=C:\Program Files\Zulu\zulu-17
PATH=C:/Users/2148900/Downloads/eclipse-jee-2022-09-R-win32-x86_64/eclipse//plugins/org.eclipse.justj.openjdk.hotspot.jre.full.win32.x86_64_17.0.4.v20220903-1038/jre/bin/server;C:/Users/2148900/Downloads/eclipse-jee-2022-09-R-win32-x86_64/eclipse//plugins/org.eclipse.justj.openjdk.hotspot.jre.full.win32.x86_64_17.0.4.v20220903-1038/jre/bin;C:\Program Files\Zulu\zulu-17\bin;C:\Program Files\Common Files\Oracle\Java\javapath;C:\Users\2148900\Downloads\Open Source_SonarSource_SonarQube_9.2.4_sonarqube-9.2.4.50792\sonarqube-9.2.4.50792\bin\windows-x86-64;C:\Users\2148900\Downloads\sonar-scanner-msbuild-master\sonar-scanner-msbuild-master;C:\WINDOWS\system32;C:\WINDOWS;C:\WINDOWS\System32\Wbem;C:\WINDOWS\System32\WindowsPowerShell\v1.0\;C:\WINDOWS\System32\OpenSSH\;C:\Program Files\Microsoft VS Code\bin;C:\Users\2148900\AppData\Roaming\npm\node_modules\@angular\cli\bin;C:\Users\2148900\AppData\Roaming\npm;C:\Program Files\nodejs\;C:\Users\2148900\AppData\Local\Android\Sdk\platform-tools;C:\Program Files\dotnet\;C:\Program Files\MySQL\MySQL Shell 8.0\bin\;C:\Users\2148900\AppData\Local\Microsoft\WindowsApps;C:\Program Files\JetBrains\IntelliJ IDEA Community Edition 2023.1.2\bin;;C:\Users\2148900\AppData\Local\Programs\Git\cmd;;C:\Users\2148900\Downloads\eclipse-jee-2022-09-R-win32-x86_64\eclipse;
USERNAME=2148900
OS=Windows_NT
PROCESSOR_IDENTIFIER=AMD64 Family 23 Model 96 Stepping 1, AuthenticAMD



---------------  S Y S T E M  ---------------

OS:
 Windows 11 , 64 bit Build 22621 (10.0.22621.3374)
OS uptime: 17 days 12:19 hours
Hyper-V role detected

CPU: total 12 (initial active 12) (12 cores per cpu, 2 threads per core) family 23 model 96 stepping 1 microcode 0x0, cx8, cmov, fxsr, ht, mmx, 3dnowpref, sse, sse2, sse3, ssse3, sse4a, sse4.1, sse4.2, popcnt, lzcnt, tsc, tscinvbit, avx, avx2, aes, clmul, bmi1, bmi2, adx, sha, fma, vzeroupper, clflush, clflushopt, hv

Memory: 4k page, system-wide physical 15697M (243M free)
TotalPageFile size 48465M (AvailPageFile size 0M)
current process WorkingSet (physical memory assigned to process): 54M, peak: 54M
current process commit charge ("private bytes"): 348M, peak: 348M

vm_info: OpenJDK 64-Bit Server VM (17.0.2+8-LTS) for windows-amd64 JRE (17.0.2+8-LTS) (Zulu17.32+13-CA), built on Jan  8 2022 13:06:16 by "zulu_re" with MS VC++ 16.10 / 16.11 (VS2019)

END.
