#
# There is insufficient memory for the Java Runtime Environment to continue.
# Native memory allocation (malloc) failed to allocate 1323360 bytes for Chunk::new
# Possible reasons:
#   The system is out of physical RAM or swap space
#   The process is running with CompressedOops enabled, and the Java Heap may be blocking the growth of the native heap
# Possible solutions:
#   Reduce memory load on the system
#   Increase physical memory or swap space
#   Check if swap backing store is full
#   Decrease Java heap size (-Xmx/-Xms)
#   Decrease number of Java threads
#   Decrease Java thread stack sizes (-Xss)
#   Set larger code cache with -XX:ReservedCodeCacheSize=
#   JVM is running with Zero Based Compressed Oops mode in which the Java heap is
#     placed in the first 32GB address space. The Java Heap base address is the
#     maximum limit for the native heap growth. Please use -XX:HeapBaseMinAddress
#     to set the Java Heap base and to place the Java Heap above 32GB virtual address.
# This output file may be truncated or incomplete.
#
#  Out of Memory Error (arena.cpp:189), pid=32040, tid=18448
#
# JRE version: OpenJDK Runtime Environment Zulu17.32+13-CA (17.0.2+8) (build 17.0.2+8-LTS)
# Java VM: OpenJDK 64-Bit Server VM Zulu17.32+13-CA (17.0.2+8-LTS, mixed mode, sharing, tiered, compressed oops, compressed class ptrs, g1 gc, windows-amd64)
# No core dump will be written. Minidumps are not enabled by default on client versions of Windows
#

---------------  S U M M A R Y ------------

Command Line: -ea -Dfile.encoding=UTF-8 -XX:+ShowCodeDetailsInExceptionMessages org.eclipse.jdt.internal.junit.runner.RemoteTestRunner -version 3 -port 65055 -testLoaderClass org.eclipse.jdt.internal.junit5.runner.JUnit5TestLoader -loaderpluginname org.eclipse.jdt.junit5.runtime -classNames com.dip.service.CustomUserDetailsServiceTest

Host: AMD Ryzen 5 PRO 4650U with Radeon Graphics, 12 cores, 15G,  Windows 11 , 64 bit Build 22621 (10.0.22621.3374)
Time: Sun May 19 22:01:57 2024 India Standard Time elapsed time: 9.420902 seconds (0d 0h 0m 9s)

---------------  T H R E A D  ---------------

Current thread (0x00000255f800b8c0):  JavaThread "C2 CompilerThread0" daemon [_thread_in_native, id=18448, stack(0x0000006718100000,0x0000006718200000)]


Current CompileTask:
C2:   9420 4933   !   4       org.springframework.core.annotation.AnnotationsScanner::processMethodHierarchy (276 bytes)

Stack: [0x0000006718100000,0x0000006718200000]
Native frames: (J=compiled Java code, j=interpreted, Vv=VM code, C=native code)
V  [jvm.dll+0x6769fa]
V  [jvm.dll+0x831784]
V  [jvm.dll+0x832f2e]
V  [jvm.dll+0x833593]
V  [jvm.dll+0x2455e5]
V  [jvm.dll+0xabf1b]
V  [jvm.dll+0xac4ac]
V  [jvm.dll+0x3635f7]
V  [jvm.dll+0x1bbb12]
V  [jvm.dll+0x218689]
V  [jvm.dll+0x217951]
V  [jvm.dll+0x1a3e2d]
V  [jvm.dll+0x2272d8]
V  [jvm.dll+0x22542c]
V  [jvm.dll+0x7e701c]
V  [jvm.dll+0x7e15ca]
V  [jvm.dll+0x675885]
C  [ucrtbase.dll+0x29333]
C  [KERNEL32.DLL+0x1257d]
C  [ntdll.dll+0x5aa48]


---------------  P R O C E S S  ---------------

Threads class SMR info:
_java_thread_list=0x00000255fa995030, length=16, elements={
0x00000255d48171b0, 0x00000255f7688450, 0x00000255f7688fd0, 0x00000255f76977a0,
0x00000255f7698060, 0x00000255f7699930, 0x00000255f769a1f0, 0x00000255f800b8c0,
0x00000255f802c280, 0x00000255f8037360, 0x00000255f815a7c0, 0x00000255f8173060,
0x00000255f81f0d40, 0x00000255f970e870, 0x00000255f970e3a0, 0x00000255f9710080
}

Java Threads: ( => current thread )
  0x00000255d48171b0 JavaThread "main" [_thread_in_native, id=30360, stack(0x0000006717400000,0x0000006717500000)]
  0x00000255f7688450 JavaThread "Reference Handler" daemon [_thread_blocked, id=32516, stack(0x0000006717b00000,0x0000006717c00000)]
  0x00000255f7688fd0 JavaThread "Finalizer" daemon [_thread_blocked, id=25916, stack(0x0000006717c00000,0x0000006717d00000)]
  0x00000255f76977a0 JavaThread "Signal Dispatcher" daemon [_thread_blocked, id=13344, stack(0x0000006717d00000,0x0000006717e00000)]
  0x00000255f7698060 JavaThread "Attach Listener" daemon [_thread_blocked, id=18140, stack(0x0000006717e00000,0x0000006717f00000)]
  0x00000255f7699930 JavaThread "Service Thread" daemon [_thread_blocked, id=10628, stack(0x0000006717f00000,0x0000006718000000)]
  0x00000255f769a1f0 JavaThread "Monitor Deflation Thread" daemon [_thread_blocked, id=24216, stack(0x0000006718000000,0x0000006718100000)]
=>0x00000255f800b8c0 JavaThread "C2 CompilerThread0" daemon [_thread_in_native, id=18448, stack(0x0000006718100000,0x0000006718200000)]
  0x00000255f802c280 JavaThread "C1 CompilerThread0" daemon [_thread_blocked, id=16660, stack(0x0000006718200000,0x0000006718300000)]
  0x00000255f8037360 JavaThread "Sweeper thread" daemon [_thread_blocked, id=24836, stack(0x0000006718300000,0x0000006718400000)]
  0x00000255f815a7c0 JavaThread "Notification Thread" daemon [_thread_blocked, id=35920, stack(0x0000006718400000,0x0000006718500000)]
  0x00000255f8173060 JavaThread "Common-Cleaner" daemon [_thread_blocked, id=36516, stack(0x0000006718600000,0x0000006718700000)]
  0x00000255f81f0d40 JavaThread "ReaderThread" [_thread_in_native, id=24784, stack(0x0000006718800000,0x0000006718900000)]
  0x00000255f970e870 JavaThread "mysql-cj-abandoned-connection-cleanup" daemon [_thread_blocked, id=19484, stack(0x0000006719000000,0x0000006719100000)]
  0x00000255f970e3a0 JavaThread "HikariPool-1 housekeeper" daemon [_thread_blocked, id=19644, stack(0x0000006719600000,0x0000006719700000)]
  0x00000255f9710080 JavaThread "HikariPool-1 connection adder" daemon [_thread_blocked, id=36396, stack(0x0000006719700000,0x0000006719800000)]

Other Threads:
  0x00000255f7682a40 VMThread "VM Thread" [stack: 0x0000006717a00000,0x0000006717b00000] [id=32584]
  0x00000255d488c6d0 WatcherThread [stack: 0x0000006718500000,0x0000006718600000] [id=21932]
  0x00000255d4864530 GCTaskThread "GC Thread#0" [stack: 0x0000006717500000,0x0000006717600000] [id=2288]
  0x00000255f8d73b10 GCTaskThread "GC Thread#1" [stack: 0x0000006718900000,0x0000006718a00000] [id=9420]
  0x00000255f8c25210 GCTaskThread "GC Thread#2" [stack: 0x0000006718a00000,0x0000006718b00000] [id=4408]
  0x00000255f8c254c0 GCTaskThread "GC Thread#3" [stack: 0x0000006718b00000,0x0000006718c00000] [id=30876]
  0x00000255f8c25770 GCTaskThread "GC Thread#4" [stack: 0x0000006718c00000,0x0000006718d00000] [id=3336]
  0x00000255f9b246b0 GCTaskThread "GC Thread#5" [stack: 0x0000006718d00000,0x0000006718e00000] [id=19540]
  0x00000255f938ce50 GCTaskThread "GC Thread#6" [stack: 0x0000006718e00000,0x0000006718f00000] [id=20296]
  0x00000255f8d3dc90 GCTaskThread "GC Thread#7" [stack: 0x0000006718f00000,0x0000006719000000] [id=15436]
  0x00000255faf62670 GCTaskThread "GC Thread#8" [stack: 0x0000006719100000,0x0000006719200000] [id=20892]
  0x00000255f933b930 GCTaskThread "GC Thread#9" [stack: 0x0000006719200000,0x0000006719300000] [id=10232]
  0x00000255d4875070 ConcurrentGCThread "G1 Main Marker" [stack: 0x0000006717600000,0x0000006717700000] [id=4692]
  0x00000255d4875d60 ConcurrentGCThread "G1 Conc#0" [stack: 0x0000006717700000,0x0000006717800000] [id=29588]
  0x00000255faeca120 ConcurrentGCThread "G1 Conc#1" [stack: 0x0000006719300000,0x0000006719400000] [id=1796]
  0x00000255faec5090 ConcurrentGCThread "G1 Conc#2" [stack: 0x0000006719400000,0x0000006719500000] [id=30796]
  0x00000255d48be0d0 ConcurrentGCThread "G1 Refine#0" [stack: 0x0000006717800000,0x0000006717900000] [id=5584]
  0x00000255d48bea00 ConcurrentGCThread "G1 Service" [stack: 0x0000006717900000,0x0000006717a00000] [id=8496]

Threads with active compile tasks:
C2 CompilerThread0     9459 4933   !   4       org.springframework.core.annotation.AnnotationsScanner::processMethodHierarchy (276 bytes)

VM state: not at safepoint (normal execution)

VM Mutex/Monitor currently owned by a thread: None

Heap address: 0x000000070aa00000, size: 3926 MB, Compressed Oops mode: Zero based, Oop shift amount: 3

CDS archive(s) mapped at: [0x0000000800000000-0x0000000800bc0000-0x0000000800bc0000), size 12320768, SharedBaseAddress: 0x0000000800000000, ArchiveRelocationMode: 0.
Compressed class space mapped at: 0x0000000800c00000-0x0000000840c00000, reserved size: 1073741824
Narrow klass base: 0x0000000800000000, Narrow klass shift: 0, Narrow klass range: 0x100000000

GC Precious Log:
 CPUs: 12 total, 12 available
 Memory: 15697M
 Large Page Support: Disabled
 NUMA Support: Disabled
 Compressed Oops: Enabled (Zero based)
 Heap Region Size: 2M
 Heap Min Capacity: 8M
 Heap Initial Capacity: 246M
 Heap Max Capacity: 3926M
 Pre-touch: Disabled
 Parallel Workers: 10
 Concurrent Workers: 3
 Concurrent Refinement Workers: 10
 Periodic GC: Disabled

Heap:
 garbage-first heap   total 110592K, used 56621K [0x000000070aa00000, 0x0000000800000000)
  region size 2048K, 19 young (38912K), 3 survivors (6144K)
 Metaspace       used 63326K, committed 63872K, reserved 1105920K
  class space    used 8946K, committed 9216K, reserved 1048576K

Heap Regions: E=young(eden), S=young(survivor), O=old, HS=humongous(starts), HC=humongous(continues), CS=collection set, F=free, OA=open archive, CA=closed archive, TAMS=top-at-mark-start (previous, next)
|   0|0x000000070aa00000, 0x000000070ac00000, 0x000000070ac00000|100%| O|  |TAMS 0x000000070ac00000, 0x000000070aa00000| Untracked 
|   1|0x000000070ac00000, 0x000000070ae00000, 0x000000070ae00000|100%| O|  |TAMS 0x000000070ae00000, 0x000000070ac00000| Untracked 
|   2|0x000000070ae00000, 0x000000070b000000, 0x000000070b000000|100%| O|  |TAMS 0x000000070b000000, 0x000000070ae00000| Untracked 
|   3|0x000000070b000000, 0x000000070b200000, 0x000000070b200000|100%| O|  |TAMS 0x000000070b200000, 0x000000070b000000| Untracked 
|   4|0x000000070b200000, 0x000000070b400000, 0x000000070b400000|100%| O|  |TAMS 0x000000070b400000, 0x000000070b200000| Untracked 
|   5|0x000000070b400000, 0x000000070b600000, 0x000000070b600000|100%| O|  |TAMS 0x000000070b600000, 0x000000070b400000| Untracked 
|   6|0x000000070b600000, 0x000000070b800000, 0x000000070b800000|100%| O|  |TAMS 0x000000070b800000, 0x000000070b600000| Untracked 
|   7|0x000000070b800000, 0x000000070ba00000, 0x000000070ba00000|100%| O|  |TAMS 0x000000070ba00000, 0x000000070b800000| Untracked 
|   8|0x000000070ba00000, 0x000000070ba00000, 0x000000070bc00000|  0%| F|  |TAMS 0x000000070ba00000, 0x000000070ba00000| Untracked 
|   9|0x000000070bc00000, 0x000000070be00000, 0x000000070be00000|100%| O|  |TAMS 0x000000070be00000, 0x000000070bc00000| Untracked 
|  10|0x000000070be00000, 0x000000070c000000, 0x000000070c000000|100%| O|  |TAMS 0x000000070c000000, 0x000000070be00000| Untracked 
|  11|0x000000070c000000, 0x000000070c02ba00, 0x000000070c200000|  8%| O|  |TAMS 0x000000070c02ba00, 0x000000070c000000| Untracked 
|  12|0x000000070c200000, 0x000000070c200000, 0x000000070c400000|  0%| F|  |TAMS 0x000000070c200000, 0x000000070c200000| Untracked 
|  13|0x000000070c400000, 0x000000070c400000, 0x000000070c600000|  0%| F|  |TAMS 0x000000070c400000, 0x000000070c400000| Untracked 
|  14|0x000000070c600000, 0x000000070c600000, 0x000000070c800000|  0%| F|  |TAMS 0x000000070c600000, 0x000000070c600000| Untracked 
|  15|0x000000070c800000, 0x000000070c800000, 0x000000070ca00000|  0%| F|  |TAMS 0x000000070c800000, 0x000000070c800000| Untracked 
|  16|0x000000070ca00000, 0x000000070ca00000, 0x000000070cc00000|  0%| F|  |TAMS 0x000000070ca00000, 0x000000070ca00000| Untracked 
|  17|0x000000070cc00000, 0x000000070cc00000, 0x000000070ce00000|  0%| F|  |TAMS 0x000000070cc00000, 0x000000070cc00000| Untracked 
|  18|0x000000070ce00000, 0x000000070ce00000, 0x000000070d000000|  0%| F|  |TAMS 0x000000070ce00000, 0x000000070ce00000| Untracked 
|  19|0x000000070d000000, 0x000000070d000000, 0x000000070d200000|  0%| F|  |TAMS 0x000000070d000000, 0x000000070d000000| Untracked 
|  20|0x000000070d200000, 0x000000070d200000, 0x000000070d400000|  0%| F|  |TAMS 0x000000070d200000, 0x000000070d200000| Untracked 
|  21|0x000000070d400000, 0x000000070d400000, 0x000000070d600000|  0%| F|  |TAMS 0x000000070d400000, 0x000000070d400000| Untracked 
|  22|0x000000070d600000, 0x000000070d600000, 0x000000070d800000|  0%| F|  |TAMS 0x000000070d600000, 0x000000070d600000| Untracked 
|  23|0x000000070d800000, 0x000000070d800000, 0x000000070da00000|  0%| F|  |TAMS 0x000000070d800000, 0x000000070d800000| Untracked 
|  24|0x000000070da00000, 0x000000070da00000, 0x000000070dc00000|  0%| F|  |TAMS 0x000000070da00000, 0x000000070da00000| Untracked 
|  25|0x000000070dc00000, 0x000000070dc00000, 0x000000070de00000|  0%| F|  |TAMS 0x000000070dc00000, 0x000000070dc00000| Untracked 
|  26|0x000000070de00000, 0x000000070de00000, 0x000000070e000000|  0%| F|  |TAMS 0x000000070de00000, 0x000000070de00000| Untracked 
|  27|0x000000070e000000, 0x000000070e000000, 0x000000070e200000|  0%| F|  |TAMS 0x000000070e000000, 0x000000070e000000| Untracked 
|  28|0x000000070e200000, 0x000000070e200000, 0x000000070e400000|  0%| F|  |TAMS 0x000000070e200000, 0x000000070e200000| Untracked 
|  29|0x000000070e400000, 0x000000070e51fa00, 0x000000070e600000| 56%| S|CS|TAMS 0x000000070e400000, 0x000000070e400000| Complete 
|  30|0x000000070e600000, 0x000000070e800000, 0x000000070e800000|100%| S|CS|TAMS 0x000000070e600000, 0x000000070e600000| Complete 
|  31|0x000000070e800000, 0x000000070ea00000, 0x000000070ea00000|100%| S|CS|TAMS 0x000000070e800000, 0x000000070e800000| Complete 
|  32|0x000000070ea00000, 0x000000070ea00000, 0x000000070ec00000|  0%| F|  |TAMS 0x000000070ea00000, 0x000000070ea00000| Untracked 
|  33|0x000000070ec00000, 0x000000070ec00000, 0x000000070ee00000|  0%| F|  |TAMS 0x000000070ec00000, 0x000000070ec00000| Untracked 
|  34|0x000000070ee00000, 0x000000070ee00000, 0x000000070f000000|  0%| F|  |TAMS 0x000000070ee00000, 0x000000070ee00000| Untracked 
|  35|0x000000070f000000, 0x000000070f000000, 0x000000070f200000|  0%| F|  |TAMS 0x000000070f000000, 0x000000070f000000| Untracked 
|  36|0x000000070f200000, 0x000000070f200000, 0x000000070f400000|  0%| F|  |TAMS 0x000000070f200000, 0x000000070f200000| Untracked 
|  37|0x000000070f400000, 0x000000070f400000, 0x000000070f600000|  0%| F|  |TAMS 0x000000070f400000, 0x000000070f400000| Untracked 
|  38|0x000000070f600000, 0x000000070f700800, 0x000000070f800000| 50%| E|  |TAMS 0x000000070f600000, 0x000000070f600000| Complete 
|  39|0x000000070f800000, 0x000000070fa00000, 0x000000070fa00000|100%| E|CS|TAMS 0x000000070f800000, 0x000000070f800000| Complete 
|  40|0x000000070fa00000, 0x000000070fc00000, 0x000000070fc00000|100%| E|CS|TAMS 0x000000070fa00000, 0x000000070fa00000| Complete 
|  41|0x000000070fc00000, 0x000000070fe00000, 0x000000070fe00000|100%| E|CS|TAMS 0x000000070fc00000, 0x000000070fc00000| Complete 
|  42|0x000000070fe00000, 0x0000000710000000, 0x0000000710000000|100%| E|CS|TAMS 0x000000070fe00000, 0x000000070fe00000| Complete 
|  43|0x0000000710000000, 0x0000000710200000, 0x0000000710200000|100%| E|CS|TAMS 0x0000000710000000, 0x0000000710000000| Complete 
|  44|0x0000000710200000, 0x0000000710400000, 0x0000000710400000|100%| E|CS|TAMS 0x0000000710200000, 0x0000000710200000| Complete 
|  45|0x0000000710400000, 0x0000000710600000, 0x0000000710600000|100%| E|CS|TAMS 0x0000000710400000, 0x0000000710400000| Complete 
|  46|0x0000000710600000, 0x0000000710800000, 0x0000000710800000|100%| E|CS|TAMS 0x0000000710600000, 0x0000000710600000| Complete 
|  47|0x0000000710800000, 0x0000000710a00000, 0x0000000710a00000|100%| E|CS|TAMS 0x0000000710800000, 0x0000000710800000| Complete 
|  48|0x0000000710a00000, 0x0000000710c00000, 0x0000000710c00000|100%| E|CS|TAMS 0x0000000710a00000, 0x0000000710a00000| Complete 
|  49|0x0000000710c00000, 0x0000000710e00000, 0x0000000710e00000|100%| E|CS|TAMS 0x0000000710c00000, 0x0000000710c00000| Complete 
|  50|0x0000000710e00000, 0x0000000711000000, 0x0000000711000000|100%| E|CS|TAMS 0x0000000710e00000, 0x0000000710e00000| Complete 
|  51|0x0000000711000000, 0x0000000711200000, 0x0000000711200000|100%| E|CS|TAMS 0x0000000711000000, 0x0000000711000000| Complete 
|  91|0x0000000716000000, 0x0000000716200000, 0x0000000716200000|100%| E|CS|TAMS 0x0000000716000000, 0x0000000716000000| Complete 
| 122|0x0000000719e00000, 0x000000071a000000, 0x000000071a000000|100%| E|CS|TAMS 0x0000000719e00000, 0x0000000719e00000| Complete 

Card table byte_map: [0x00000255ebfc0000,0x00000255ec770000] _byte_map_base: 0x00000255e876b000

Marking Bits (Prev, Next): (CMBitMap*) 0x00000255d4864a90, (CMBitMap*) 0x00000255d4864a50
 Prev Bits: [0x00000255f0c80000, 0x00000255f49d8000)
 Next Bits: [0x00000255ecf20000, 0x00000255f0c78000)

Polling page: 0x00000255d3fc0000

Metaspace:

Usage:
  Non-class:     53.11 MB used.
      Class:      8.74 MB used.
       Both:     61.84 MB used.

Virtual space:
  Non-class space:       56.00 MB reserved,      53.38 MB ( 95%) committed,  7 nodes.
      Class space:        1.00 GB reserved,       9.00 MB ( <1%) committed,  1 nodes.
             Both:        1.05 GB reserved,      62.38 MB (  6%) committed. 

Chunk freelists:
   Non-Class:  2.29 MB
       Class:  3.00 MB
        Both:  5.29 MB

MaxMetaspaceSize: unlimited
CompressedClassSpaceSize: 1.00 GB
Initial GC threshold: 21.00 MB
Current GC threshold: 98.06 MB
CDS: on
MetaspaceReclaimPolicy: balanced
 - commit_granule_bytes: 65536.
 - commit_granule_words: 8192.
 - virtual_space_node_default_size: 1048576.
 - enlarge_chunks_in_place: 1.
 - new_chunks_are_fully_committed: 0.
 - uncommit_free_chunks: 1.
 - use_allocation_guard: 0.
 - handle_deallocations: 1.


Internal statistics:

num_allocs_failed_limit: 9.
num_arena_births: 614.
num_arena_deaths: 0.
num_vsnodes_births: 8.
num_vsnodes_deaths: 0.
num_space_committed: 998.
num_space_uncommitted: 0.
num_chunks_returned_to_freelist: 9.
num_chunks_taken_from_freelist: 2923.
num_chunk_merges: 6.
num_chunk_splits: 2144.
num_chunks_enlarged: 1732.
num_purges: 0.
num_inconsistent_stats: 0.

CodeHeap 'non-profiled nmethods': size=120000Kb used=2399Kb max_used=3008Kb free=117600Kb
 bounds [0x00000255e3d90000, 0x00000255e4080000, 0x00000255eb2c0000]
CodeHeap 'profiled nmethods': size=120000Kb used=8592Kb max_used=10297Kb free=111407Kb
 bounds [0x00000255dc860000, 0x00000255dd270000, 0x00000255e3d90000]
CodeHeap 'non-nmethods': size=5760Kb used=1308Kb max_used=1352Kb free=4451Kb
 bounds [0x00000255dc2c0000, 0x00000255dc530000, 0x00000255dc860000]
 total_blobs=5041 nmethods=4404 adapters=549
 compilation: enabled
              stopped_count=0, restarted_count=0
 full_count=0

Compilation events (20 events):
Event: 8.951 Thread 0x00000255f802c280 5186       2       org.springframework.boot.autoconfigure.condition.ConditionEvaluationReport::lambda$getConditionAndOutcomesBySource$1 (13 bytes)
Event: 8.951 Thread 0x00000255f802c280 nmethod 5186 0x00000255dc979990 code [0x00000255dc979be0, 0x00000255dc97a1a8]
Event: 8.972 Thread 0x00000255f802c280 5187       2       org.springframework.core.OrderComparator::getOrder (111 bytes)
Event: 8.973 Thread 0x00000255f802c280 nmethod 5187 0x00000255dca71210 code [0x00000255dca71400, 0x00000255dca71758]
Event: 8.983 Thread 0x00000255f802c280 5188       2       java.util.regex.Pattern::qtype (39 bytes)
Event: 8.984 Thread 0x00000255f802c280 nmethod 5188 0x00000255dc96f210 code [0x00000255dc96f3e0, 0x00000255dc96f5c8]
Event: 8.985 Thread 0x00000255f802c280 5189       2       org.springframework.core.annotation.AttributeMethods::isAttributeMethod (23 bytes)
Event: 8.985 Thread 0x00000255f802c280 nmethod 5189 0x00000255dcee8d90 code [0x00000255dcee8f20, 0x00000255dcee9058]
Event: 8.985 Thread 0x00000255f802c280 5190       2       org.springframework.core.annotation.AnnotationTypeMapping::isBetterConventionAnnotationValue (42 bytes)
Event: 8.985 Thread 0x00000255f802c280 nmethod 5190 0x00000255dca70c10 code [0x00000255dca70dc0, 0x00000255dca70f98]
Event: 8.994 Thread 0x00000255f802c280 5191       2       java.lang.Class::isLocalOrAnonymousClass (5 bytes)
Event: 8.995 Thread 0x00000255f802c280 nmethod 5191 0x00000255dcb3ca10 code [0x00000255dcb3cbc0, 0x00000255dcb3cd18]
Event: 8.995 Thread 0x00000255f802c280 5192       2       java.lang.Class::hasEnclosingMethodInfo (17 bytes)
Event: 8.995 Thread 0x00000255f802c280 nmethod 5192 0x00000255dcb3c610 code [0x00000255dcb3c7c0, 0x00000255dcb3c938]
Event: 9.195 Thread 0x00000255f800b8c0 nmethod 4991 0x00000255e3f28b90 code [0x00000255e3f29300, 0x00000255e3f2fe28]
Event: 9.195 Thread 0x00000255f800b8c0 5087       4       java.util.HashSet::iterator (13 bytes)
Event: 9.202 Thread 0x00000255f800b8c0 nmethod 5087 0x00000255e3e93610 code [0x00000255e3e937c0, 0x00000255e3e93ed8]
Event: 9.202 Thread 0x00000255f800b8c0 5183       4       java.util.TreeMap::successor (66 bytes)
Event: 9.203 Thread 0x00000255f800b8c0 nmethod 5183 0x00000255e3de7190 code [0x00000255e3de7300, 0x00000255e3de73f8]
Event: 9.203 Thread 0x00000255f800b8c0 4933   !   4       org.springframework.core.annotation.AnnotationsScanner::processMethodHierarchy (276 bytes)

GC Heap History (20 events):
Event: 1.793 GC heap before
{Heap before GC invocations=1 (full 0):
 garbage-first heap   total 251904K, used 31206K [0x000000070aa00000, 0x0000000800000000)
  region size 2048K, 14 young (28672K), 2 survivors (4096K)
 Metaspace       used 10620K, committed 10944K, reserved 1064960K
  class space    used 1392K, committed 1536K, reserved 1048576K
}
Event: 1.799 GC heap after
{Heap after GC invocations=2 (full 0):
 garbage-first heap   total 251904K, used 8855K [0x000000070aa00000, 0x0000000800000000)
  region size 2048K, 2 young (4096K), 2 survivors (4096K)
 Metaspace       used 10620K, committed 10944K, reserved 1064960K
  class space    used 1392K, committed 1536K, reserved 1048576K
}
Event: 2.805 GC heap before
{Heap before GC invocations=2 (full 0):
 garbage-first heap   total 251904K, used 66199K [0x000000070aa00000, 0x0000000800000000)
  region size 2048K, 31 young (63488K), 2 survivors (4096K)
 Metaspace       used 21267K, committed 21504K, reserved 1073152K
  class space    used 2803K, committed 2944K, reserved 1048576K
}
Event: 2.813 GC heap after
{Heap after GC invocations=3 (full 0):
 garbage-first heap   total 251904K, used 13125K [0x000000070aa00000, 0x0000000800000000)
  region size 2048K, 4 young (8192K), 4 survivors (8192K)
 Metaspace       used 21267K, committed 21504K, reserved 1073152K
  class space    used 2803K, committed 2944K, reserved 1048576K
}
Event: 3.543 GC heap before
{Heap before GC invocations=4 (full 0):
 garbage-first heap   total 61440K, used 41797K [0x000000070aa00000, 0x0000000800000000)
  region size 2048K, 18 young (36864K), 4 survivors (8192K)
 Metaspace       used 25226K, committed 25472K, reserved 1073152K
  class space    used 3344K, committed 3456K, reserved 1048576K
}
Event: 3.552 GC heap after
{Heap after GC invocations=5 (full 0):
 garbage-first heap   total 61440K, used 15434K [0x000000070aa00000, 0x0000000800000000)
  region size 2048K, 2 young (4096K), 2 survivors (4096K)
 Metaspace       used 25226K, committed 25472K, reserved 1073152K
  class space    used 3344K, committed 3456K, reserved 1048576K
}
Event: 3.633 GC heap before
{Heap before GC invocations=5 (full 0):
 garbage-first heap   total 61440K, used 15434K [0x000000070aa00000, 0x0000000800000000)
  region size 2048K, 3 young (6144K), 2 survivors (4096K)
 Metaspace       used 25549K, committed 25856K, reserved 1073152K
  class space    used 3384K, committed 3520K, reserved 1048576K
}
Event: 3.637 GC heap after
{Heap after GC invocations=6 (full 0):
 garbage-first heap   total 61440K, used 15772K [0x000000070aa00000, 0x0000000800000000)
  region size 2048K, 1 young (2048K), 1 survivors (2048K)
 Metaspace       used 25549K, committed 25856K, reserved 1073152K
  class space    used 3384K, committed 3520K, reserved 1048576K
}
Event: 4.447 GC heap before
{Heap before GC invocations=6 (full 0):
 garbage-first heap   total 61440K, used 38300K [0x000000070aa00000, 0x0000000800000000)
  region size 2048K, 12 young (24576K), 1 survivors (2048K)
 Metaspace       used 28858K, committed 29248K, reserved 1081344K
  class space    used 3857K, committed 4032K, reserved 1048576K
}
Event: 4.452 GC heap after
{Heap after GC invocations=7 (full 0):
 garbage-first heap   total 61440K, used 17049K [0x000000070aa00000, 0x0000000800000000)
  region size 2048K, 1 young (2048K), 1 survivors (2048K)
 Metaspace       used 28858K, committed 29248K, reserved 1081344K
  class space    used 3857K, committed 4032K, reserved 1048576K
}
Event: 5.295 GC heap before
{Heap before GC invocations=7 (full 0):
 garbage-first heap   total 61440K, used 41625K [0x000000070aa00000, 0x0000000800000000)
  region size 2048K, 13 young (26624K), 1 survivors (2048K)
 Metaspace       used 32962K, committed 33280K, reserved 1081344K
  class space    used 4457K, committed 4608K, reserved 1048576K
}
Event: 5.299 GC heap after
{Heap after GC invocations=8 (full 0):
 garbage-first heap   total 61440K, used 18635K [0x000000070aa00000, 0x0000000800000000)
  region size 2048K, 2 young (4096K), 2 survivors (4096K)
 Metaspace       used 32962K, committed 33280K, reserved 1081344K
  class space    used 4457K, committed 4608K, reserved 1048576K
}
Event: 5.680 GC heap before
{Heap before GC invocations=8 (full 0):
 garbage-first heap   total 61440K, used 28875K [0x000000070aa00000, 0x0000000800000000)
  region size 2048K, 8 young (16384K), 2 survivors (4096K)
 Metaspace       used 35572K, committed 35968K, reserved 1081344K
  class space    used 4886K, committed 5056K, reserved 1048576K
}
Event: 5.684 GC heap after
{Heap after GC invocations=9 (full 0):
 garbage-first heap   total 61440K, used 19173K [0x000000070aa00000, 0x0000000800000000)
  region size 2048K, 2 young (4096K), 2 survivors (4096K)
 Metaspace       used 35572K, committed 35968K, reserved 1081344K
  class space    used 4886K, committed 5056K, reserved 1048576K
}
Event: 6.363 GC heap before
{Heap before GC invocations=10 (full 0):
 garbage-first heap   total 61440K, used 41701K [0x000000070aa00000, 0x0000000800000000)
  region size 2048K, 14 young (28672K), 2 survivors (4096K)
 Metaspace       used 41675K, committed 42048K, reserved 1089536K
  class space    used 5697K, committed 5888K, reserved 1048576K
}
Event: 6.368 GC heap after
{Heap after GC invocations=11 (full 0):
 garbage-first heap   total 157696K, used 21193K [0x000000070aa00000, 0x0000000800000000)
  region size 2048K, 2 young (4096K), 2 survivors (4096K)
 Metaspace       used 41675K, committed 42048K, reserved 1089536K
  class space    used 5697K, committed 5888K, reserved 1048576K
}
Event: 6.418 GC heap before
{Heap before GC invocations=11 (full 0):
 garbage-first heap   total 157696K, used 23241K [0x000000070aa00000, 0x0000000800000000)
  region size 2048K, 3 young (6144K), 2 survivors (4096K)
 Metaspace       used 42062K, committed 42496K, reserved 1089536K
  class space    used 5751K, committed 5952K, reserved 1048576K
}
Event: 6.424 GC heap after
{Heap after GC invocations=12 (full 0):
 garbage-first heap   total 157696K, used 21340K [0x000000070aa00000, 0x0000000800000000)
  region size 2048K, 1 young (2048K), 1 survivors (2048K)
 Metaspace       used 42062K, committed 42496K, reserved 1089536K
  class space    used 5751K, committed 5952K, reserved 1048576K
}
Event: 8.413 GC heap before
{Heap before GC invocations=12 (full 0):
 garbage-first heap   total 157696K, used 109404K [0x000000070aa00000, 0x0000000800000000)
  region size 2048K, 45 young (92160K), 1 survivors (2048K)
 Metaspace       used 59720K, committed 60160K, reserved 1105920K
  class space    used 8356K, committed 8576K, reserved 1048576K
}
Event: 8.420 GC heap after
{Heap after GC invocations=13 (full 0):
 garbage-first heap   total 157696K, used 25901K [0x000000070aa00000, 0x0000000800000000)
  region size 2048K, 3 young (6144K), 3 survivors (6144K)
 Metaspace       used 59720K, committed 60160K, reserved 1105920K
  class space    used 8356K, committed 8576K, reserved 1048576K
}

Deoptimization events (20 events):
Event: 8.890 Thread 0x00000255d48171b0 Uncommon trap: trap_request=0xffffff45 fr.pc=0x00000255e3f1555c relative=0x000000000000021c
Event: 8.890 Thread 0x00000255d48171b0 Uncommon trap: reason=unstable_if action=reinterpret pc=0x00000255e3f1555c method=org.springframework.beans.factory.support.AbstractAutowireCapableBeanFactory.determineTargetType(Ljava/lang/String;Lorg/springframework/beans/factory/support/RootBeanDefinit
Event: 8.890 Thread 0x00000255d48171b0 DEOPT PACKING pc=0x00000255e3f1555c sp=0x00000067174fb0f0
Event: 8.890 Thread 0x00000255d48171b0 DEOPT UNPACKING pc=0x00000255dc3123a3 sp=0x00000067174fb0c8 mode 2
Event: 8.898 Thread 0x00000255d48171b0 Uncommon trap: trap_request=0xffffff45 fr.pc=0x00000255e3d9d828 relative=0x00000000000001a8
Event: 8.898 Thread 0x00000255d48171b0 Uncommon trap: reason=unstable_if action=reinterpret pc=0x00000255e3d9d828 method=java.lang.String.hashCode()I @ 20 c2
Event: 8.898 Thread 0x00000255d48171b0 DEOPT PACKING pc=0x00000255e3d9d828 sp=0x00000067174f9fb0
Event: 8.898 Thread 0x00000255d48171b0 DEOPT UNPACKING pc=0x00000255dc3123a3 sp=0x00000067174f9f40 mode 2
Event: 8.985 Thread 0x00000255d48171b0 Uncommon trap: trap_request=0xffffffde fr.pc=0x00000255e3fbc3d8 relative=0x00000000000005d8
Event: 8.985 Thread 0x00000255d48171b0 Uncommon trap: reason=class_check action=maybe_recompile pc=0x00000255e3fbc3d8 method=org.springframework.core.annotation.AnnotationsScanner.processClassHierarchy(Ljava/lang/Object;[ILjava/lang/Class;Lorg/springframework/core/annotation/AnnotationsProcess
Event: 8.985 Thread 0x00000255d48171b0 DEOPT PACKING pc=0x00000255e3fbc3d8 sp=0x00000067174fc540
Event: 8.985 Thread 0x00000255d48171b0 DEOPT UNPACKING pc=0x00000255dc3123a3 sp=0x00000067174fc530 mode 2
Event: 8.994 Thread 0x00000255d48171b0 Uncommon trap: trap_request=0xffffffde fr.pc=0x00000255e3fbc3d8 relative=0x00000000000005d8
Event: 8.994 Thread 0x00000255d48171b0 Uncommon trap: reason=class_check action=maybe_recompile pc=0x00000255e3fbc3d8 method=org.springframework.core.annotation.AnnotationsScanner.processClassHierarchy(Ljava/lang/Object;[ILjava/lang/Class;Lorg/springframework/core/annotation/AnnotationsProcess
Event: 8.994 Thread 0x00000255d48171b0 DEOPT PACKING pc=0x00000255e3fbc3d8 sp=0x00000067174fcd40
Event: 8.994 Thread 0x00000255d48171b0 DEOPT UNPACKING pc=0x00000255dc3123a3 sp=0x00000067174fcd30 mode 2
Event: 8.995 Thread 0x00000255d48171b0 Uncommon trap: trap_request=0xffffffde fr.pc=0x00000255e3fbc3d8 relative=0x00000000000005d8
Event: 8.995 Thread 0x00000255d48171b0 Uncommon trap: reason=class_check action=maybe_recompile pc=0x00000255e3fbc3d8 method=org.springframework.core.annotation.AnnotationsScanner.processClassHierarchy(Ljava/lang/Object;[ILjava/lang/Class;Lorg/springframework/core/annotation/AnnotationsProcess
Event: 8.995 Thread 0x00000255d48171b0 DEOPT PACKING pc=0x00000255e3fbc3d8 sp=0x00000067174fcca0
Event: 8.995 Thread 0x00000255d48171b0 DEOPT UNPACKING pc=0x00000255dc3123a3 sp=0x00000067174fcc90 mode 2

Classes unloaded (0 events):
No events

Classes redefined (0 events):
No events

Internal exceptions (20 events):
Event: 8.055 Thread 0x00000255d48171b0 Exception <a 'sun/nio/fs/WindowsException'{0x000000070f8233a0}> (0x000000070f8233a0) 
thrown [c:\jenkins\workspace\zulu17-build-win64\zulu-src.git\src\hotspot\share\prims\jni.cpp, line 516]
Event: 8.378 Thread 0x00000255d48171b0 Exception <a 'sun/nio/fs/WindowsException'{0x000000070ed96148}> (0x000000070ed96148) 
thrown [c:\jenkins\workspace\zulu17-build-win64\zulu-src.git\src\hotspot\share\prims\jni.cpp, line 516]
Event: 8.379 Thread 0x00000255d48171b0 Exception <a 'sun/nio/fs/WindowsException'{0x000000070ed9c900}> (0x000000070ed9c900) 
thrown [c:\jenkins\workspace\zulu17-build-win64\zulu-src.git\src\hotspot\share\prims\jni.cpp, line 516]
Event: 8.479 Thread 0x00000255d48171b0 Exception <a 'java/lang/IncompatibleClassChangeError'{0x000000071108fe58}: Found class java.lang.Object, but interface was expected> (0x000000071108fe58) 
thrown [c:\jenkins\workspace\zulu17-build-win64\zulu-src.git\src\hotspot\share\interpreter\linkResolver.cpp, line 833]
Event: 8.624 Thread 0x00000255d48171b0 Exception <a 'java/lang/NoSuchMethodError'{0x0000000710ad2460}: 'void java.lang.invoke.DirectMethodHandle$Holder.invokeInterface(java.lang.Object, java.lang.Object, int)'> (0x0000000710ad2460) 
thrown [c:\jenkins\workspace\zulu17-build-win64\zulu-src.git\src\hotspot\share\interpreter\linkResolver.cpp, line 766]
Event: 8.627 Thread 0x00000255d48171b0 Exception <a 'java/lang/IncompatibleClassChangeError'{0x0000000710b21438}: Found class java.lang.Object, but interface was expected> (0x0000000710b21438) 
thrown [c:\jenkins\workspace\zulu17-build-win64\zulu-src.git\src\hotspot\share\interpreter\linkResolver.cpp, line 833]
Event: 8.628 Thread 0x00000255d48171b0 Exception <a 'java/lang/NoSuchMethodError'{0x0000000710b31f18}: 'int java.lang.invoke.DirectMethodHandle$Holder.invokeSpecialIFC(java.lang.Object, java.lang.Object, java.lang.Object)'> (0x0000000710b31f18) 
thrown [c:\jenkins\workspace\zulu17-build-win64\zulu-src.git\src\hotspot\share\interpreter\linkResolver.cpp, line 766]
Event: 8.629 Thread 0x00000255d48171b0 Exception <a 'java/lang/NoSuchMethodError'{0x0000000710b40380}: 'void java.lang.invoke.DirectMethodHandle$Holder.invokeStatic(java.lang.Object, int, java.lang.Object)'> (0x0000000710b40380) 
thrown [c:\jenkins\workspace\zulu17-build-win64\zulu-src.git\src\hotspot\share\interpreter\linkResolver.cpp, line 766]
Event: 8.729 Thread 0x00000255d48171b0 Exception <a 'java/lang/NoSuchMethodError'{0x00000007107c57a8}: 'void java.lang.invoke.DirectMethodHandle$Holder.invokeVirtual(java.lang.Object, java.lang.Object, int)'> (0x00000007107c57a8) 
thrown [c:\jenkins\workspace\zulu17-build-win64\zulu-src.git\src\hotspot\share\interpreter\linkResolver.cpp, line 766]
Event: 8.731 Thread 0x00000255d48171b0 Exception <a 'java/lang/NoSuchMethodError'{0x00000007107ed380}: 'void java.lang.invoke.DirectMethodHandle$Holder.invokeVirtual(java.lang.Object, java.lang.Object, long)'> (0x00000007107ed380) 
thrown [c:\jenkins\workspace\zulu17-build-win64\zulu-src.git\src\hotspot\share\interpreter\linkResolver.cpp, line 766]
Event: 8.807 Thread 0x00000255d48171b0 Exception <a 'java/lang/NoSuchMethodError'{0x00000007103af448}: 'int java.lang.invoke.DirectMethodHandle$Holder.invokeStaticInit(java.lang.Object, java.lang.Object, java.lang.Object, java.lang.Object)'> (0x00000007103af448) 
thrown [c:\jenkins\workspace\zulu17-build-win64\zulu-src.git\src\hotspot\share\interpreter\linkResolver.cpp, line 766]
Event: 8.832 Thread 0x00000255d48171b0 Exception <a 'java/lang/IncompatibleClassChangeError'{0x00000007100d1180}: Found class java.lang.Object, but interface was expected> (0x00000007100d1180) 
thrown [c:\jenkins\workspace\zulu17-build-win64\zulu-src.git\src\hotspot\share\interpreter\linkResolver.cpp, line 833]
Event: 8.842 Thread 0x00000255d48171b0 Implicit null exception at 0x00000255e3f041da to 0x00000255e3f04424
Event: 8.941 Thread 0x00000255d48171b0 Exception <a 'java/lang/NoSuchMethodError'{0x000000070fad2f08}: 'java.lang.Object java.lang.invoke.DirectMethodHandle$Holder.newInvokeSpecial(java.lang.Object, java.lang.Object, int, java.lang.Object, java.lang.Object)'> (0x000000070fad2f08) 
thrown [c:\jenkins\workspace\zulu17-build-win64\zulu-src.git\src\hotspot\share\interpreter\linkResolver.cpp, line 766]
Event: 8.942 Thread 0x00000255d48171b0 Exception <a 'java/lang/NoSuchMethodError'{0x000000070fadea40}: 'java.lang.Object java.lang.invoke.DirectMethodHandle$Holder.invokeSpecial(java.lang.Object, java.lang.Object, int, java.lang.Object, int, java.lang.Object)'> (0x000000070fadea40) 
thrown [c:\jenkins\workspace\zulu17-build-win64\zulu-src.git\src\hotspot\share\interpreter\linkResolver.cpp, line 766]
Event: 8.942 Thread 0x00000255d48171b0 Exception <a 'java/lang/NoSuchMethodError'{0x000000070fae6cd0}: 'java.lang.Object java.lang.invoke.DirectMethodHandle$Holder.newInvokeSpecial(java.lang.Object, java.lang.Object, int, java.lang.Object, int)'> (0x000000070fae6cd0) 
thrown [c:\jenkins\workspace\zulu17-build-win64\zulu-src.git\src\hotspot\share\interpreter\linkResolver.cpp, line 766]
Event: 8.942 Thread 0x00000255d48171b0 Exception <a 'java/lang/NoSuchMethodError'{0x000000070faeb2d8}: 'java.lang.Object java.lang.invoke.DirectMethodHandle$Holder.invokeSpecial(java.lang.Object, java.lang.Object, java.lang.Object, int, java.lang.Object, int)'> (0x000000070faeb2d8) 
thrown [c:\jenkins\workspace\zulu17-build-win64\zulu-src.git\src\hotspot\share\interpreter\linkResolver.cpp, line 766]
Event: 9.031 Thread 0x00000255d48171b0 Exception <a 'java/lang/reflect/InvocationTargetException'{0x000000070f96f620}> (0x000000070f96f620) 
thrown [c:\jenkins\workspace\zulu17-build-win64\zulu-src.git\src\hotspot\share\runtime\reflection.cpp, line 1121]
Event: 9.092 Thread 0x00000255d48171b0 Exception <a 'java/lang/NoSuchMethodError'{0x000000070f98ed78}: 'void java.lang.invoke.DirectMethodHandle$Holder.invokeStatic(java.lang.Object, long)'> (0x000000070f98ed78) 
thrown [c:\jenkins\workspace\zulu17-build-win64\zulu-src.git\src\hotspot\share\interpreter\linkResolver.cpp, line 766]
Event: 9.093 Thread 0x00000255d48171b0 Exception <a 'java/lang/NoSuchMethodError'{0x000000070f9946f0}: 'java.lang.Object java.lang.invoke.DirectMethodHandle$Holder.newInvokeSpecial(java.lang.Object, long)'> (0x000000070f9946f0) 
thrown [c:\jenkins\workspace\zulu17-build-win64\zulu-src.git\src\hotspot\share\interpreter\linkResolver.cpp, line 766]

VM Operations (20 events):
Event: 8.296 Executing VM operation: HandshakeAllThreads
Event: 8.296 Executing VM operation: HandshakeAllThreads done
Event: 8.329 Executing VM operation: HandshakeAllThreads
Event: 8.329 Executing VM operation: HandshakeAllThreads done
Event: 8.329 Executing VM operation: HandshakeAllThreads
Event: 8.329 Executing VM operation: HandshakeAllThreads done
Event: 8.402 Executing VM operation: HandshakeAllThreads
Event: 8.402 Executing VM operation: HandshakeAllThreads done
Event: 8.412 Executing VM operation: CollectForMetadataAllocation
Event: 8.420 Executing VM operation: CollectForMetadataAllocation done
Event: 8.432 Executing VM operation: G1Concurrent
Event: 8.434 Executing VM operation: G1Concurrent done
Event: 8.439 Executing VM operation: G1Concurrent
Event: 8.439 Executing VM operation: G1Concurrent done
Event: 8.529 Executing VM operation: HandshakeAllThreads
Event: 8.529 Executing VM operation: HandshakeAllThreads done
Event: 8.754 Executing VM operation: HandshakeAllThreads
Event: 8.754 Executing VM operation: HandshakeAllThreads done
Event: 8.885 Executing VM operation: HandshakeAllThreads
Event: 8.885 Executing VM operation: HandshakeAllThreads done

Events (20 events):
Event: 9.041 loading class java/lang/ProcessBuilder done
Event: 9.042 loading class java/lang/ProcessImpl
Event: 9.042 loading class java/lang/ProcessImpl done
Event: 9.093 loading class java/lang/ProcessImpl$2
Event: 9.094 loading class java/lang/ProcessImpl$2 done
Event: 9.094 loading class java/lang/Process$PipeInputStream
Event: 9.094 loading class java/lang/Process$PipeInputStream done
Event: 9.094 loading class jdk/internal/event/ProcessStartEvent
Event: 9.094 loading class jdk/internal/event/Event
Event: 9.094 loading class jdk/internal/event/Event done
Event: 9.094 loading class jdk/internal/event/ProcessStartEvent done
Event: 9.402 Loaded shared library C:\Program Files\Zulu\zulu-17\bin\instrument.dll
Event: 9.407 Loaded shared library C:\Program Files\Zulu\zulu-17\bin\zip.dll
Event: 9.409 loading class sun/instrument/InstrumentationImpl
Event: 9.410 loading class sun/instrument/InstrumentationImpl done
Event: 9.411 Loaded shared library C:\Program Files\Zulu\zulu-17\bin\instrument.dll
Event: 9.411 loading class sun/instrument/TransformerManager
Event: 9.411 loading class sun/instrument/TransformerManager done
Event: 9.411 loading class sun/instrument/TransformerManager$TransformerInfo
Event: 9.412 loading class sun/instrument/TransformerManager$TransformerInfo done


Dynamic libraries:
0x00007ff7dd6f0000 - 0x00007ff7dd6fe000 	C:\Program Files\Zulu\zulu-17\bin\javaw.exe
0x00007ffdf2170000 - 0x00007ffdf2386000 	C:\WINDOWS\SYSTEM32\ntdll.dll
0x00007ffdf02e0000 - 0x00007ffdf03a4000 	C:\WINDOWS\System32\KERNEL32.DLL
0x00007ffdefac0000 - 0x00007ffdefe67000 	C:\WINDOWS\System32\KERNELBASE.dll
0x00007ffdef7d0000 - 0x00007ffdef8e1000 	C:\WINDOWS\System32\ucrtbase.dll
0x00007ffddad70000 - 0x00007ffddad8b000 	C:\Program Files\Zulu\zulu-17\bin\VCRUNTIME140.dll
0x00007ffdd3d70000 - 0x00007ffdd3d88000 	C:\Program Files\Zulu\zulu-17\bin\jli.dll
0x00007ffdf0560000 - 0x00007ffdf070e000 	C:\WINDOWS\System32\USER32.dll
0x00007ffdd76e0000 - 0x00007ffdd7973000 	C:\WINDOWS\WinSxS\amd64_microsoft.windows.common-controls_6595b64144ccf1df_6.0.22621.3235_none_270f74e173860f98\COMCTL32.dll
0x00007ffdef970000 - 0x00007ffdef996000 	C:\WINDOWS\System32\win32u.dll
0x00007ffdf1890000 - 0x00007ffdf18b9000 	C:\WINDOWS\System32\GDI32.dll
0x00007ffdef9a0000 - 0x00007ffdefab9000 	C:\WINDOWS\System32\gdi32full.dll
0x00007ffdef670000 - 0x00007ffdef70a000 	C:\WINDOWS\System32\msvcp_win.dll
0x00007ffdf17c0000 - 0x00007ffdf1867000 	C:\WINDOWS\System32\msvcrt.dll
0x00007ffdf0c70000 - 0x00007ffdf0ca1000 	C:\WINDOWS\System32\IMM32.DLL
0x00007ffdeec70000 - 0x00007ffdeee10000 	C:\Program Files\Avecto\Privilege Guard Client\PGHook.dll
0x00007ffdf0dc0000 - 0x00007ffdf0e72000 	C:\WINDOWS\System32\ADVAPI32.dll
0x00007ffdf0080000 - 0x00007ffdf0128000 	C:\WINDOWS\System32\sechost.dll
0x00007ffdefe70000 - 0x00007ffdefe98000 	C:\WINDOWS\System32\bcrypt.dll
0x00007ffdf16a0000 - 0x00007ffdf17b5000 	C:\WINDOWS\System32\RPCRT4.dll
0x00007ffde5bf0000 - 0x00007ffde5bfc000 	C:\Program Files\Zulu\zulu-17\bin\vcruntime140_1.dll
0x00007ffdce350000 - 0x00007ffdce3dd000 	C:\Program Files\Zulu\zulu-17\bin\msvcp140.dll
0x00007ffd86c50000 - 0x00007ffd878b0000 	C:\Program Files\Zulu\zulu-17\bin\server\jvm.dll
0x00007ffdf0db0000 - 0x00007ffdf0db8000 	C:\WINDOWS\System32\PSAPI.DLL
0x00007ffdd5b00000 - 0x00007ffdd5b09000 	C:\WINDOWS\SYSTEM32\WSOCK32.dll
0x00007ffdf1560000 - 0x00007ffdf15d1000 	C:\WINDOWS\System32\WS2_32.dll
0x00007ffde5b80000 - 0x00007ffde5bb4000 	C:\WINDOWS\SYSTEM32\WINMM.dll
0x00007ffde4e30000 - 0x00007ffde4e3a000 	C:\WINDOWS\SYSTEM32\VERSION.dll
0x00007ffdee200000 - 0x00007ffdee218000 	C:\WINDOWS\SYSTEM32\kernel.appcore.dll
0x00007ffdda6e0000 - 0x00007ffdda6ea000 	C:\Program Files\Zulu\zulu-17\bin\jimage.dll
0x00007ffdec990000 - 0x00007ffdecbc3000 	C:\WINDOWS\SYSTEM32\DBGHELP.DLL
0x00007ffdf11d0000 - 0x00007ffdf1558000 	C:\WINDOWS\System32\combase.dll
0x00007ffdefea0000 - 0x00007ffdeff77000 	C:\WINDOWS\System32\OLEAUT32.dll
0x00007ffdcdb40000 - 0x00007ffdcdb72000 	C:\WINDOWS\SYSTEM32\dbgcore.DLL
0x00007ffdef8f0000 - 0x00007ffdef969000 	C:\WINDOWS\System32\bcryptPrimitives.dll
0x00007ffdd3b50000 - 0x00007ffdd3b75000 	C:\Program Files\Zulu\zulu-17\bin\java.dll
0x00007ffdcb590000 - 0x00007ffdcb667000 	C:\Program Files\Zulu\zulu-17\bin\jsvml.dll
0x00007ffdf18d0000 - 0x00007ffdf212c000 	C:\WINDOWS\System32\SHELL32.dll
0x00007ffdecf30000 - 0x00007ffded829000 	C:\WINDOWS\SYSTEM32\windows.storage.dll
0x00007ffdecdf0000 - 0x00007ffdecf2e000 	C:\WINDOWS\SYSTEM32\wintypes.dll
0x00007ffdf0cb0000 - 0x00007ffdf0da3000 	C:\WINDOWS\System32\SHCORE.dll
0x00007ffdf15e0000 - 0x00007ffdf163e000 	C:\WINDOWS\System32\shlwapi.dll
0x00007ffdef3c0000 - 0x00007ffdef3e1000 	C:\WINDOWS\SYSTEM32\profapi.dll
0x00007ffdd3d50000 - 0x00007ffdd3d69000 	C:\Program Files\Zulu\zulu-17\bin\net.dll
0x00007ffdee220000 - 0x00007ffdee356000 	C:\WINDOWS\SYSTEM32\WINHTTP.dll
0x00007ffdee7a0000 - 0x00007ffdee809000 	C:\WINDOWS\system32\mswsock.dll
0x00007ffdd3a20000 - 0x00007ffdd3a36000 	C:\Program Files\Zulu\zulu-17\bin\nio.dll
0x00007ffdd39e0000 - 0x00007ffdd39f8000 	C:\Program Files\Zulu\zulu-17\bin\zip.dll
0x00007ffdeda80000 - 0x00007ffdedaad000 	C:\WINDOWS\SYSTEM32\IPHLPAPI.DLL
0x00007ffdf0c60000 - 0x00007ffdf0c69000 	C:\WINDOWS\System32\NSI.dll
0x00007ffde7510000 - 0x00007ffde7529000 	C:\WINDOWS\SYSTEM32\dhcpcsvc6.DLL
0x00007ffde72a0000 - 0x00007ffde72bf000 	C:\WINDOWS\SYSTEM32\dhcpcsvc.DLL
0x00007ffdedab0000 - 0x00007ffdedba9000 	C:\WINDOWS\SYSTEM32\DNSAPI.dll
0x00007ffdd86a0000 - 0x00007ffdd86ad000 	C:\Program Files\Zulu\zulu-17\bin\sunmscapi.dll
0x00007ffdef490000 - 0x00007ffdef5f7000 	C:\WINDOWS\System32\CRYPT32.dll
0x00007ffdeec40000 - 0x00007ffdeec6e000 	C:\WINDOWS\SYSTEM32\ncrypt.dll
0x00007ffdeec00000 - 0x00007ffdeec37000 	C:\WINDOWS\SYSTEM32\NTASN1.dll
0x00007ffdeeaa0000 - 0x00007ffdeeabb000 	C:\WINDOWS\SYSTEM32\CRYPTSP.dll
0x00007ffdee160000 - 0x00007ffdee195000 	C:\WINDOWS\system32\rsaenh.dll
0x00007ffdee840000 - 0x00007ffdee868000 	C:\WINDOWS\SYSTEM32\USERENV.dll
0x00007ffdeea80000 - 0x00007ffdeea8c000 	C:\WINDOWS\SYSTEM32\CRYPTBASE.dll
0x00007ffdd71a0000 - 0x00007ffdd71b0000 	C:\Program Files\Zulu\zulu-17\bin\verify.dll
0x00007ffde5020000 - 0x00007ffde502a000 	C:\Windows\System32\rasadhlp.dll
0x00007ffde2db0000 - 0x00007ffde2e33000 	C:\WINDOWS\System32\fwpuclnt.dll
0x00007ffdda650000 - 0x00007ffdda659000 	C:\Program Files\Zulu\zulu-17\bin\management.dll
0x00007ffdda580000 - 0x00007ffdda58b000 	C:\Program Files\Zulu\zulu-17\bin\management_ext.dll
0x00007ffde5cf0000 - 0x00007ffde5cfe000 	C:\Program Files\Zulu\zulu-17\bin\instrument.dll

dbghelp: loaded successfully - version: 4.0.5 - missing functions: none
symbol engine: initialized successfully - sym options: 0x614 - pdb path: .;C:\Program Files\Zulu\zulu-17\bin;C:\WINDOWS\SYSTEM32;C:\WINDOWS\WinSxS\amd64_microsoft.windows.common-controls_6595b64144ccf1df_6.0.22621.3235_none_270f74e173860f98;C:\Program Files\Avecto\Privilege Guard Client;C:\Program Files\Zulu\zulu-17\bin\server

VM Arguments:
jvm_args: -ea -Dfile.encoding=UTF-8 -XX:+ShowCodeDetailsInExceptionMessages 
java_command: org.eclipse.jdt.internal.junit.runner.RemoteTestRunner -version 3 -port 65055 -testLoaderClass org.eclipse.jdt.internal.junit5.runner.JUnit5TestLoader -loaderpluginname org.eclipse.jdt.junit5.runtime -classNames com.dip.service.CustomUserDetailsServiceTest
java_class_path (initial): C:\Users\2148900\git\daily-insurance-portal\repository1\login-and-registration-service\target\test-classes;C:\Users\2148900\git\daily-insurance-portal\repository1\login-and-registration-service\target\classes;C:\Users\2148900\.m2\repository\org\springframework\boot\spring-boot-starter-security\3.2.5\spring-boot-starter-security-3.2.5.jar;C:\Users\2148900\.m2\repository\org\springframework\spring-aop\6.1.6\spring-aop-6.1.6.jar;C:\Users\2148900\.m2\repository\org\springframework\spring-beans\6.1.6\spring-beans-6.1.6.jar;C:\Users\2148900\.m2\repository\org\springframework\security\spring-security-config\6.2.4\spring-security-config-6.2.4.jar;C:\Users\2148900\.m2\repository\org\springframework\spring-context\6.1.6\spring-context-6.1.6.jar;C:\Users\2148900\.m2\repository\org\springframework\security\spring-security-web\6.2.4\spring-security-web-6.2.4.jar;C:\Users\2148900\.m2\repository\org\springframework\spring-expression\6.1.6\spring-expression-6.1.6.jar;C:\Users\2148900\.m2\repository\org\springframework\boot\spring-boot-starter-web\3.2.5\spring-boot-starter-web-3.2.5.jar;C:\Users\2148900\.m2\repository\org\springframework\boot\spring-boot-starter-json\3.2.5\spring-boot-starter-json-3.2.5.jar;C:\Users\2148900\.m2\repository\com\fasterxml\jackson\datatype\jackson-datatype-jdk8\2.15.4\jackson-datatype-jdk8-2.15.4.jar;C:\Users\2148900\.m2\repository\com\fasterxml\jackson\datatype\jackson-datatype-jsr310\2.15.4\jackson-datatype-jsr310-2.15.4.jar;C:\Users\2148900\.m2\repository\com\fasterxml\jackson\module\jackson-module-parameter-names\2.15.4\jackson-module-parameter-names-2.15.4.jar;C:\Users\2148900\.m2\repository\org\springframework\boot\spring-boot-starter-tomcat\3.2.5\spring-boot-starter-tomcat-3.2.5.jar;C:\Users\2148900\.m2\repository\org\apache\tomcat\embed\tomcat-embed-core\10.1.20\tomcat-embed-core-10.1.20.jar;C:\Users\2148900\.m2\repository\org\apache\tomcat\embed\tomcat-embed-websocket\10.1.20\tomcat-embed-websocket-10.1.20.jar;C:\Us
Launcher Type: SUN_STANDARD

[Global flags]
     intx CICompilerCount                          = 4                                         {product} {ergonomic}
     uint ConcGCThreads                            = 3                                         {product} {ergonomic}
     uint G1ConcRefinementThreads                  = 10                                        {product} {ergonomic}
   size_t G1HeapRegionSize                         = 2097152                                   {product} {ergonomic}
    uintx GCDrainStackTargetSize                   = 64                                        {product} {ergonomic}
   size_t InitialHeapSize                          = 257949696                                 {product} {ergonomic}
   size_t MarkStackSize                            = 4194304                                   {product} {ergonomic}
   size_t MaxHeapSize                              = 4116709376                                {product} {ergonomic}
   size_t MaxNewSize                               = 2468347904                                {product} {ergonomic}
   size_t MinHeapDeltaBytes                        = 2097152                                   {product} {ergonomic}
   size_t MinHeapSize                              = 8388608                                   {product} {ergonomic}
    uintx NonNMethodCodeHeapSize                   = 5839372                                {pd product} {ergonomic}
    uintx NonProfiledCodeHeapSize                  = 122909434                              {pd product} {ergonomic}
    uintx ProfiledCodeHeapSize                     = 122909434                              {pd product} {ergonomic}
    uintx ReservedCodeCacheSize                    = 251658240                              {pd product} {ergonomic}
     bool SegmentedCodeCache                       = true                                      {product} {ergonomic}
     bool ShowCodeDetailsInExceptionMessages       = true                                   {manageable} {command line}
   size_t SoftMaxHeapSize                          = 4116709376                             {manageable} {ergonomic}
     bool UseCompressedClassPointers               = true                           {product lp64_product} {ergonomic}
     bool UseCompressedOops                        = true                           {product lp64_product} {ergonomic}
     bool UseG1GC                                  = true                                      {product} {ergonomic}
     bool UseLargePagesIndividualAllocation        = false                                  {pd product} {ergonomic}

Logging:
Log output configuration:
 #0: stdout all=warning uptime,level,tags
 #1: stderr all=off uptime,level,tags

Environment Variables:
JAVA_HOME=C:\Program Files\Zulu\zulu-17
PATH=C:/Users/2148900/Downloads/eclipse-jee-2022-09-R-win32-x86_64/eclipse//plugins/org.eclipse.justj.openjdk.hotspot.jre.full.win32.x86_64_17.0.4.v20220903-1038/jre/bin/server;C:/Users/2148900/Downloads/eclipse-jee-2022-09-R-win32-x86_64/eclipse//plugins/org.eclipse.justj.openjdk.hotspot.jre.full.win32.x86_64_17.0.4.v20220903-1038/jre/bin;C:\Program Files\Zulu\zulu-17\bin;C:\Program Files\Common Files\Oracle\Java\javapath;C:\Users\2148900\Downloads\Open Source_SonarSource_SonarQube_9.2.4_sonarqube-9.2.4.50792\sonarqube-9.2.4.50792\bin\windows-x86-64;C:\Users\2148900\Downloads\sonar-scanner-msbuild-master\sonar-scanner-msbuild-master;C:\WINDOWS\system32;C:\WINDOWS;C:\WINDOWS\System32\Wbem;C:\WINDOWS\System32\WindowsPowerShell\v1.0\;C:\WINDOWS\System32\OpenSSH\;C:\Program Files\Microsoft VS Code\bin;C:\Users\2148900\AppData\Roaming\npm\node_modules\@angular\cli\bin;C:\Users\2148900\AppData\Roaming\npm;C:\Program Files\nodejs\;C:\Users\2148900\AppData\Local\Android\Sdk\platform-tools;C:\Program Files\dotnet\;C:\Program Files\MySQL\MySQL Shell 8.0\bin\;C:\Users\2148900\AppData\Local\Microsoft\WindowsApps;C:\Program Files\JetBrains\IntelliJ IDEA Community Edition 2023.1.2\bin;;C:\Users\2148900\AppData\Local\Programs\Git\cmd;;C:\Users\2148900\Downloads\eclipse-jee-2022-09-R-win32-x86_64\eclipse;
USERNAME=2148900
OS=Windows_NT
PROCESSOR_IDENTIFIER=AMD64 Family 23 Model 96 Stepping 1, AuthenticAMD



---------------  S Y S T E M  ---------------

OS:
 Windows 11 , 64 bit Build 22621 (10.0.22621.3374)
OS uptime: 17 days 11:37 hours
Hyper-V role detected

CPU: total 12 (initial active 12) (12 cores per cpu, 2 threads per core) family 23 model 96 stepping 1 microcode 0x0, cx8, cmov, fxsr, ht, mmx, 3dnowpref, sse, sse2, sse3, ssse3, sse4a, sse4.1, sse4.2, popcnt, lzcnt, tsc, tscinvbit, avx, avx2, aes, clmul, bmi1, bmi2, adx, sha, fma, vzeroupper, clflush, clflushopt, hv

Memory: 4k page, system-wide physical 15697M (268M free)
TotalPageFile size 48465M (AvailPageFile size 351M)
current process WorkingSet (physical memory assigned to process): 276M, peak: 315M
current process commit charge ("private bytes"): 327M, peak: 393M

vm_info: OpenJDK 64-Bit Server VM (17.0.2+8-LTS) for windows-amd64 JRE (17.0.2+8-LTS) (Zulu17.32+13-CA), built on Jan  8 2022 13:06:16 by "zulu_re" with MS VC++ 16.10 / 16.11 (VS2019)

END.
