#
# There is insufficient memory for the Java Runtime Environment to continue.
# Native memory allocation (malloc) failed to allocate 1129408 bytes for Chunk::new
# Possible reasons:
#   The system is out of physical RAM or swap space
#   The process is running with CompressedOops enabled, and the Java Heap may be blocking the growth of the native heap
# Possible solutions:
#   Reduce memory load on the system
#   Increase physical memory or swap space
#   Check if swap backing store is full
#   Decrease Java heap size (-Xmx/-Xms)
#   Decrease number of Java threads
#   Decrease Java thread stack sizes (-Xss)
#   Set larger code cache with -XX:ReservedCodeCacheSize=
#   JVM is running with Zero Based Compressed Oops mode in which the Java heap is
#     placed in the first 32GB address space. The Java Heap base address is the
#     maximum limit for the native heap growth. Please use -XX:HeapBaseMinAddress
#     to set the Java Heap base and to place the Java Heap above 32GB virtual address.
# This output file may be truncated or incomplete.
#
#  Out of Memory Error (arena.cpp:189), pid=27324, tid=38512
#
# JRE version: OpenJDK Runtime Environment Zulu17.32+13-CA (17.0.2+8) (build 17.0.2+8-LTS)
# Java VM: OpenJDK 64-Bit Server VM Zulu17.32+13-CA (17.0.2+8-LTS, mixed mode, sharing, tiered, compressed oops, compressed class ptrs, g1 gc, windows-amd64)
# No core dump will be written. Minidumps are not enabled by default on client versions of Windows
#

---------------  S U M M A R Y ------------

Command Line: -ea -Dfile.encoding=UTF-8 -XX:+ShowCodeDetailsInExceptionMessages org.eclipse.jdt.internal.junit.runner.RemoteTestRunner -version 3 -port 50679 -testLoaderClass org.eclipse.jdt.internal.junit5.runner.JUnit5TestLoader -loaderpluginname org.eclipse.jdt.junit5.runtime -classNames com.dip.controller.AuthControllerTest

Host: AMD Ryzen 5 PRO 4650U with Radeon Graphics, 12 cores, 15G,  Windows 11 , 64 bit Build 22621 (10.0.22621.3374)
Time: Sun May 19 22:43:51 2024 India Standard Time elapsed time: 1.725971 seconds (0d 0h 0m 1s)

---------------  T H R E A D  ---------------

Current thread (0x00000195ff829c10):  JavaThread "C2 CompilerThread0" daemon [_thread_in_native, id=38512, stack(0x000000270fb00000,0x000000270fc00000)]


Current CompileTask:
C2:   1726 1464       4       jdk.internal.org.objectweb.asm.Frame::execute (2305 bytes)

Stack: [0x000000270fb00000,0x000000270fc00000]
Native frames: (J=compiled Java code, j=interpreted, Vv=VM code, C=native code)
V  [jvm.dll+0x6769fa]
V  [jvm.dll+0x831784]
V  [jvm.dll+0x832f2e]
V  [jvm.dll+0x833593]
V  [jvm.dll+0x2455e5]
V  [jvm.dll+0xabf1b]
V  [jvm.dll+0xac4ac]
V  [jvm.dll+0x3635f7]
V  [jvm.dll+0x1bbb12]
V  [jvm.dll+0x218689]
V  [jvm.dll+0x217951]
V  [jvm.dll+0x1a3e2d]
V  [jvm.dll+0x2272d8]
V  [jvm.dll+0x22542c]
V  [jvm.dll+0x7e701c]
V  [jvm.dll+0x7e15ca]
V  [jvm.dll+0x675885]
C  [ucrtbase.dll+0x29333]
C  [KERNEL32.DLL+0x1257d]
C  [ntdll.dll+0x5aa48]


---------------  P R O C E S S  ---------------

Threads class SMR info:
_java_thread_list=0x000001959ca68d40, length=13, elements={
0x00000195f86972a0, 0x00000195fed98830, 0x00000195fed99780, 0x00000195feda5d20,
0x00000195feda65e0, 0x00000195feda7eb0, 0x00000195ff808460, 0x00000195ff829c10,
0x00000195ff82a510, 0x00000195fedae420, 0x00000195ff95d1f0, 0x00000195ff96a7e0,
0x000001959ca921a0
}

Java Threads: ( => current thread )
  0x00000195f86972a0 JavaThread "main" [_thread_in_Java, id=21288, stack(0x000000270ee00000,0x000000270ef00000)]
  0x00000195fed98830 JavaThread "Reference Handler" daemon [_thread_blocked, id=18644, stack(0x000000270f500000,0x000000270f600000)]
  0x00000195fed99780 JavaThread "Finalizer" daemon [_thread_blocked, id=304, stack(0x000000270f600000,0x000000270f700000)]
  0x00000195feda5d20 JavaThread "Signal Dispatcher" daemon [_thread_blocked, id=24992, stack(0x000000270f700000,0x000000270f800000)]
  0x00000195feda65e0 JavaThread "Attach Listener" daemon [_thread_blocked, id=34284, stack(0x000000270f800000,0x000000270f900000)]
  0x00000195feda7eb0 JavaThread "Service Thread" daemon [_thread_blocked, id=27548, stack(0x000000270f900000,0x000000270fa00000)]
  0x00000195ff808460 JavaThread "Monitor Deflation Thread" daemon [_thread_blocked, id=32500, stack(0x000000270fa00000,0x000000270fb00000)]
=>0x00000195ff829c10 JavaThread "C2 CompilerThread0" daemon [_thread_in_native, id=38512, stack(0x000000270fb00000,0x000000270fc00000)]
  0x00000195ff82a510 JavaThread "C1 CompilerThread0" daemon [_thread_blocked, id=29972, stack(0x000000270fc00000,0x000000270fd00000)]
  0x00000195fedae420 JavaThread "Sweeper thread" daemon [_thread_blocked, id=26152, stack(0x000000270fd00000,0x000000270fe00000)]
  0x00000195ff95d1f0 JavaThread "Notification Thread" daemon [_thread_blocked, id=10332, stack(0x000000270fe00000,0x000000270ff00000)]
  0x00000195ff96a7e0 JavaThread "Common-Cleaner" daemon [_thread_blocked, id=10944, stack(0x0000002710000000,0x0000002710100000)]
  0x000001959ca921a0 JavaThread "ReaderThread" [_thread_in_native, id=19504, stack(0x0000002710100000,0x0000002710200000)]

Other Threads:
  0x00000195fed91a40 VMThread "VM Thread" [stack: 0x000000270f400000,0x000000270f500000] [id=35200]
  0x00000195ff95fae0 WatcherThread [stack: 0x000000270ff00000,0x0000002710000000] [id=35876]
  0x00000195f86e4620 GCTaskThread "GC Thread#0" [stack: 0x000000270ef00000,0x000000270f000000] [id=32724]
  0x000001959cc90020 GCTaskThread "GC Thread#1" [stack: 0x0000002710200000,0x0000002710300000] [id=18528]
  0x000001959cc902d0 GCTaskThread "GC Thread#2" [stack: 0x0000002710300000,0x0000002710400000] [id=25660]
  0x000001959cc90580 GCTaskThread "GC Thread#3" [stack: 0x0000002710400000,0x0000002710500000] [id=9460]
  0x000001959cc90830 GCTaskThread "GC Thread#4" [stack: 0x0000002710500000,0x0000002710600000] [id=19548]
  0x00000195f86f5160 ConcurrentGCThread "G1 Main Marker" [stack: 0x000000270f000000,0x000000270f100000] [id=20312]
  0x00000195f86f5e50 ConcurrentGCThread "G1 Conc#0" [stack: 0x000000270f100000,0x000000270f200000] [id=15916]
  0x00000195fec4a520 ConcurrentGCThread "G1 Refine#0" [stack: 0x000000270f200000,0x000000270f300000] [id=3288]
  0x00000195f873d2d0 ConcurrentGCThread "G1 Service" [stack: 0x000000270f300000,0x000000270f400000] [id=34944]

Threads with active compile tasks:
C2 CompilerThread0     1762 1464       4       jdk.internal.org.objectweb.asm.Frame::execute (2305 bytes)

VM state: not at safepoint (normal execution)

VM Mutex/Monitor currently owned by a thread: None

Heap address: 0x000000070aa00000, size: 3926 MB, Compressed Oops mode: Zero based, Oop shift amount: 3

CDS archive(s) mapped at: [0x0000000800000000-0x0000000800bc0000-0x0000000800bc0000), size 12320768, SharedBaseAddress: 0x0000000800000000, ArchiveRelocationMode: 0.
Compressed class space mapped at: 0x0000000800c00000-0x0000000840c00000, reserved size: 1073741824
Narrow klass base: 0x0000000800000000, Narrow klass shift: 0, Narrow klass range: 0x100000000

GC Precious Log:
 CPUs: 12 total, 12 available
 Memory: 15697M
 Large Page Support: Disabled
 NUMA Support: Disabled
 Compressed Oops: Enabled (Zero based)
 Heap Region Size: 2M
 Heap Min Capacity: 8M
 Heap Initial Capacity: 246M
 Heap Max Capacity: 3926M
 Pre-touch: Disabled
 Parallel Workers: 10
 Concurrent Workers: 3
 Concurrent Refinement Workers: 10
 Periodic GC: Disabled

Heap:
 garbage-first heap   total 251904K, used 25612K [0x000000070aa00000, 0x0000000800000000)
  region size 2048K, 12 young (24576K), 2 survivors (4096K)
 Metaspace       used 9682K, committed 9920K, reserved 1064960K
  class space    used 1239K, committed 1344K, reserved 1048576K

Heap Regions: E=young(eden), S=young(survivor), O=old, HS=humongous(starts), HC=humongous(continues), CS=collection set, F=free, OA=open archive, CA=closed archive, TAMS=top-at-mark-start (previous, next)
|   0|0x000000070aa00000, 0x000000070ac00000, 0x000000070ac00000|100%| O|  |TAMS 0x000000070aa00000, 0x000000070aa00000| Untracked 
|   1|0x000000070ac00000, 0x000000070ad03200, 0x000000070ae00000| 50%| O|  |TAMS 0x000000070ac00000, 0x000000070ac00000| Untracked 
|   2|0x000000070ae00000, 0x000000070ae00000, 0x000000070b000000|  0%| F|  |TAMS 0x000000070ae00000, 0x000000070ae00000| Untracked 
|   3|0x000000070b000000, 0x000000070b000000, 0x000000070b200000|  0%| F|  |TAMS 0x000000070b000000, 0x000000070b000000| Untracked 
|   4|0x000000070b200000, 0x000000070b200000, 0x000000070b400000|  0%| F|  |TAMS 0x000000070b200000, 0x000000070b200000| Untracked 
|   5|0x000000070b400000, 0x000000070b400000, 0x000000070b600000|  0%| F|  |TAMS 0x000000070b400000, 0x000000070b400000| Untracked 
|   6|0x000000070b600000, 0x000000070b600000, 0x000000070b800000|  0%| F|  |TAMS 0x000000070b600000, 0x000000070b600000| Untracked 
|   7|0x000000070b800000, 0x000000070b800000, 0x000000070ba00000|  0%| F|  |TAMS 0x000000070b800000, 0x000000070b800000| Untracked 
|   8|0x000000070ba00000, 0x000000070ba00000, 0x000000070bc00000|  0%| F|  |TAMS 0x000000070ba00000, 0x000000070ba00000| Untracked 
|   9|0x000000070bc00000, 0x000000070bc00000, 0x000000070be00000|  0%| F|  |TAMS 0x000000070bc00000, 0x000000070bc00000| Untracked 
|  10|0x000000070be00000, 0x000000070be00000, 0x000000070c000000|  0%| F|  |TAMS 0x000000070be00000, 0x000000070be00000| Untracked 
|  11|0x000000070c000000, 0x000000070c000000, 0x000000070c200000|  0%| F|  |TAMS 0x000000070c000000, 0x000000070c000000| Untracked 
|  12|0x000000070c200000, 0x000000070c200000, 0x000000070c400000|  0%| F|  |TAMS 0x000000070c200000, 0x000000070c200000| Untracked 
|  13|0x000000070c400000, 0x000000070c400000, 0x000000070c600000|  0%| F|  |TAMS 0x000000070c400000, 0x000000070c400000| Untracked 
|  14|0x000000070c600000, 0x000000070c600000, 0x000000070c800000|  0%| F|  |TAMS 0x000000070c600000, 0x000000070c600000| Untracked 
|  15|0x000000070c800000, 0x000000070c800000, 0x000000070ca00000|  0%| F|  |TAMS 0x000000070c800000, 0x000000070c800000| Untracked 
|  16|0x000000070ca00000, 0x000000070ca00000, 0x000000070cc00000|  0%| F|  |TAMS 0x000000070ca00000, 0x000000070ca00000| Untracked 
|  17|0x000000070cc00000, 0x000000070cc00000, 0x000000070ce00000|  0%| F|  |TAMS 0x000000070cc00000, 0x000000070cc00000| Untracked 
|  18|0x000000070ce00000, 0x000000070ce00000, 0x000000070d000000|  0%| F|  |TAMS 0x000000070ce00000, 0x000000070ce00000| Untracked 
|  19|0x000000070d000000, 0x000000070d000000, 0x000000070d200000|  0%| F|  |TAMS 0x000000070d000000, 0x000000070d000000| Untracked 
|  20|0x000000070d200000, 0x000000070d200000, 0x000000070d400000|  0%| F|  |TAMS 0x000000070d200000, 0x000000070d200000| Untracked 
|  21|0x000000070d400000, 0x000000070d400000, 0x000000070d600000|  0%| F|  |TAMS 0x000000070d400000, 0x000000070d400000| Untracked 
|  22|0x000000070d600000, 0x000000070d600000, 0x000000070d800000|  0%| F|  |TAMS 0x000000070d600000, 0x000000070d600000| Untracked 
|  23|0x000000070d800000, 0x000000070d800000, 0x000000070da00000|  0%| F|  |TAMS 0x000000070d800000, 0x000000070d800000| Untracked 
|  24|0x000000070da00000, 0x000000070da00000, 0x000000070dc00000|  0%| F|  |TAMS 0x000000070da00000, 0x000000070da00000| Untracked 
|  25|0x000000070dc00000, 0x000000070dc00000, 0x000000070de00000|  0%| F|  |TAMS 0x000000070dc00000, 0x000000070dc00000| Untracked 
|  26|0x000000070de00000, 0x000000070de00000, 0x000000070e000000|  0%| F|  |TAMS 0x000000070de00000, 0x000000070de00000| Untracked 
|  27|0x000000070e000000, 0x000000070e000000, 0x000000070e200000|  0%| F|  |TAMS 0x000000070e000000, 0x000000070e000000| Untracked 
|  28|0x000000070e200000, 0x000000070e200000, 0x000000070e400000|  0%| F|  |TAMS 0x000000070e200000, 0x000000070e200000| Untracked 
|  29|0x000000070e400000, 0x000000070e400000, 0x000000070e600000|  0%| F|  |TAMS 0x000000070e400000, 0x000000070e400000| Untracked 
|  30|0x000000070e600000, 0x000000070e600000, 0x000000070e800000|  0%| F|  |TAMS 0x000000070e600000, 0x000000070e600000| Untracked 
|  31|0x000000070e800000, 0x000000070e800000, 0x000000070ea00000|  0%| F|  |TAMS 0x000000070e800000, 0x000000070e800000| Untracked 
|  32|0x000000070ea00000, 0x000000070ea00000, 0x000000070ec00000|  0%| F|  |TAMS 0x000000070ea00000, 0x000000070ea00000| Untracked 
|  33|0x000000070ec00000, 0x000000070ec00000, 0x000000070ee00000|  0%| F|  |TAMS 0x000000070ec00000, 0x000000070ec00000| Untracked 
|  34|0x000000070ee00000, 0x000000070ee00000, 0x000000070f000000|  0%| F|  |TAMS 0x000000070ee00000, 0x000000070ee00000| Untracked 
|  35|0x000000070f000000, 0x000000070f000000, 0x000000070f200000|  0%| F|  |TAMS 0x000000070f000000, 0x000000070f000000| Untracked 
|  36|0x000000070f200000, 0x000000070f200000, 0x000000070f400000|  0%| F|  |TAMS 0x000000070f200000, 0x000000070f200000| Untracked 
|  37|0x000000070f400000, 0x000000070f400000, 0x000000070f600000|  0%| F|  |TAMS 0x000000070f400000, 0x000000070f400000| Untracked 
|  38|0x000000070f600000, 0x000000070f600000, 0x000000070f800000|  0%| F|  |TAMS 0x000000070f600000, 0x000000070f600000| Untracked 
|  39|0x000000070f800000, 0x000000070f800000, 0x000000070fa00000|  0%| F|  |TAMS 0x000000070f800000, 0x000000070f800000| Untracked 
|  40|0x000000070fa00000, 0x000000070fa00000, 0x000000070fc00000|  0%| F|  |TAMS 0x000000070fa00000, 0x000000070fa00000| Untracked 
|  41|0x000000070fc00000, 0x000000070fc00000, 0x000000070fe00000|  0%| F|  |TAMS 0x000000070fc00000, 0x000000070fc00000| Untracked 
|  42|0x000000070fe00000, 0x000000070fe00000, 0x0000000710000000|  0%| F|  |TAMS 0x000000070fe00000, 0x000000070fe00000| Untracked 
|  43|0x0000000710000000, 0x0000000710000000, 0x0000000710200000|  0%| F|  |TAMS 0x0000000710000000, 0x0000000710000000| Untracked 
|  44|0x0000000710200000, 0x0000000710200000, 0x0000000710400000|  0%| F|  |TAMS 0x0000000710200000, 0x0000000710200000| Untracked 
|  45|0x0000000710400000, 0x0000000710400000, 0x0000000710600000|  0%| F|  |TAMS 0x0000000710400000, 0x0000000710400000| Untracked 
|  46|0x0000000710600000, 0x0000000710600000, 0x0000000710800000|  0%| F|  |TAMS 0x0000000710600000, 0x0000000710600000| Untracked 
|  47|0x0000000710800000, 0x0000000710800000, 0x0000000710a00000|  0%| F|  |TAMS 0x0000000710800000, 0x0000000710800000| Untracked 
|  48|0x0000000710a00000, 0x0000000710a00000, 0x0000000710c00000|  0%| F|  |TAMS 0x0000000710a00000, 0x0000000710a00000| Untracked 
|  49|0x0000000710c00000, 0x0000000710c00000, 0x0000000710e00000|  0%| F|  |TAMS 0x0000000710c00000, 0x0000000710c00000| Untracked 
|  50|0x0000000710e00000, 0x0000000710e00000, 0x0000000711000000|  0%| F|  |TAMS 0x0000000710e00000, 0x0000000710e00000| Untracked 
|  51|0x0000000711000000, 0x0000000711000000, 0x0000000711200000|  0%| F|  |TAMS 0x0000000711000000, 0x0000000711000000| Untracked 
|  52|0x0000000711200000, 0x0000000711200000, 0x0000000711400000|  0%| F|  |TAMS 0x0000000711200000, 0x0000000711200000| Untracked 
|  53|0x0000000711400000, 0x0000000711400000, 0x0000000711600000|  0%| F|  |TAMS 0x0000000711400000, 0x0000000711400000| Untracked 
|  54|0x0000000711600000, 0x0000000711600000, 0x0000000711800000|  0%| F|  |TAMS 0x0000000711600000, 0x0000000711600000| Untracked 
|  55|0x0000000711800000, 0x0000000711800000, 0x0000000711a00000|  0%| F|  |TAMS 0x0000000711800000, 0x0000000711800000| Untracked 
|  56|0x0000000711a00000, 0x0000000711a00000, 0x0000000711c00000|  0%| F|  |TAMS 0x0000000711a00000, 0x0000000711a00000| Untracked 
|  57|0x0000000711c00000, 0x0000000711c00000, 0x0000000711e00000|  0%| F|  |TAMS 0x0000000711c00000, 0x0000000711c00000| Untracked 
|  58|0x0000000711e00000, 0x0000000711e00000, 0x0000000712000000|  0%| F|  |TAMS 0x0000000711e00000, 0x0000000711e00000| Untracked 
|  59|0x0000000712000000, 0x0000000712000000, 0x0000000712200000|  0%| F|  |TAMS 0x0000000712000000, 0x0000000712000000| Untracked 
|  60|0x0000000712200000, 0x0000000712200000, 0x0000000712400000|  0%| F|  |TAMS 0x0000000712200000, 0x0000000712200000| Untracked 
|  61|0x0000000712400000, 0x0000000712400000, 0x0000000712600000|  0%| F|  |TAMS 0x0000000712400000, 0x0000000712400000| Untracked 
|  62|0x0000000712600000, 0x0000000712600000, 0x0000000712800000|  0%| F|  |TAMS 0x0000000712600000, 0x0000000712600000| Untracked 
|  63|0x0000000712800000, 0x0000000712800000, 0x0000000712a00000|  0%| F|  |TAMS 0x0000000712800000, 0x0000000712800000| Untracked 
|  64|0x0000000712a00000, 0x0000000712a00000, 0x0000000712c00000|  0%| F|  |TAMS 0x0000000712a00000, 0x0000000712a00000| Untracked 
|  65|0x0000000712c00000, 0x0000000712c00000, 0x0000000712e00000|  0%| F|  |TAMS 0x0000000712c00000, 0x0000000712c00000| Untracked 
|  66|0x0000000712e00000, 0x0000000712e00000, 0x0000000713000000|  0%| F|  |TAMS 0x0000000712e00000, 0x0000000712e00000| Untracked 
|  67|0x0000000713000000, 0x0000000713000000, 0x0000000713200000|  0%| F|  |TAMS 0x0000000713000000, 0x0000000713000000| Untracked 
|  68|0x0000000713200000, 0x0000000713200000, 0x0000000713400000|  0%| F|  |TAMS 0x0000000713200000, 0x0000000713200000| Untracked 
|  69|0x0000000713400000, 0x0000000713400000, 0x0000000713600000|  0%| F|  |TAMS 0x0000000713400000, 0x0000000713400000| Untracked 
|  70|0x0000000713600000, 0x0000000713600000, 0x0000000713800000|  0%| F|  |TAMS 0x0000000713600000, 0x0000000713600000| Untracked 
|  71|0x0000000713800000, 0x0000000713800000, 0x0000000713a00000|  0%| F|  |TAMS 0x0000000713800000, 0x0000000713800000| Untracked 
|  72|0x0000000713a00000, 0x0000000713a00000, 0x0000000713c00000|  0%| F|  |TAMS 0x0000000713a00000, 0x0000000713a00000| Untracked 
|  73|0x0000000713c00000, 0x0000000713c00000, 0x0000000713e00000|  0%| F|  |TAMS 0x0000000713c00000, 0x0000000713c00000| Untracked 
|  74|0x0000000713e00000, 0x0000000713e00000, 0x0000000714000000|  0%| F|  |TAMS 0x0000000713e00000, 0x0000000713e00000| Untracked 
|  75|0x0000000714000000, 0x0000000714000000, 0x0000000714200000|  0%| F|  |TAMS 0x0000000714000000, 0x0000000714000000| Untracked 
|  76|0x0000000714200000, 0x0000000714200000, 0x0000000714400000|  0%| F|  |TAMS 0x0000000714200000, 0x0000000714200000| Untracked 
|  77|0x0000000714400000, 0x0000000714400000, 0x0000000714600000|  0%| F|  |TAMS 0x0000000714400000, 0x0000000714400000| Untracked 
|  78|0x0000000714600000, 0x0000000714600000, 0x0000000714800000|  0%| F|  |TAMS 0x0000000714600000, 0x0000000714600000| Untracked 
|  79|0x0000000714800000, 0x0000000714800000, 0x0000000714a00000|  0%| F|  |TAMS 0x0000000714800000, 0x0000000714800000| Untracked 
|  80|0x0000000714a00000, 0x0000000714a00000, 0x0000000714c00000|  0%| F|  |TAMS 0x0000000714a00000, 0x0000000714a00000| Untracked 
|  81|0x0000000714c00000, 0x0000000714c00000, 0x0000000714e00000|  0%| F|  |TAMS 0x0000000714c00000, 0x0000000714c00000| Untracked 
|  82|0x0000000714e00000, 0x0000000714e00000, 0x0000000715000000|  0%| F|  |TAMS 0x0000000714e00000, 0x0000000714e00000| Untracked 
|  83|0x0000000715000000, 0x0000000715000000, 0x0000000715200000|  0%| F|  |TAMS 0x0000000715000000, 0x0000000715000000| Untracked 
|  84|0x0000000715200000, 0x0000000715200000, 0x0000000715400000|  0%| F|  |TAMS 0x0000000715200000, 0x0000000715200000| Untracked 
|  85|0x0000000715400000, 0x0000000715400000, 0x0000000715600000|  0%| F|  |TAMS 0x0000000715400000, 0x0000000715400000| Untracked 
|  86|0x0000000715600000, 0x0000000715600000, 0x0000000715800000|  0%| F|  |TAMS 0x0000000715600000, 0x0000000715600000| Untracked 
|  87|0x0000000715800000, 0x0000000715800000, 0x0000000715a00000|  0%| F|  |TAMS 0x0000000715800000, 0x0000000715800000| Untracked 
|  88|0x0000000715a00000, 0x0000000715a00000, 0x0000000715c00000|  0%| F|  |TAMS 0x0000000715a00000, 0x0000000715a00000| Untracked 
|  89|0x0000000715c00000, 0x0000000715c00000, 0x0000000715e00000|  0%| F|  |TAMS 0x0000000715c00000, 0x0000000715c00000| Untracked 
|  90|0x0000000715e00000, 0x0000000715e00000, 0x0000000716000000|  0%| F|  |TAMS 0x0000000715e00000, 0x0000000715e00000| Untracked 
|  91|0x0000000716000000, 0x0000000716000000, 0x0000000716200000|  0%| F|  |TAMS 0x0000000716000000, 0x0000000716000000| Untracked 
|  92|0x0000000716200000, 0x0000000716200000, 0x0000000716400000|  0%| F|  |TAMS 0x0000000716200000, 0x0000000716200000| Untracked 
|  93|0x0000000716400000, 0x0000000716400000, 0x0000000716600000|  0%| F|  |TAMS 0x0000000716400000, 0x0000000716400000| Untracked 
|  94|0x0000000716600000, 0x0000000716600000, 0x0000000716800000|  0%| F|  |TAMS 0x0000000716600000, 0x0000000716600000| Untracked 
|  95|0x0000000716800000, 0x0000000716800000, 0x0000000716a00000|  0%| F|  |TAMS 0x0000000716800000, 0x0000000716800000| Untracked 
|  96|0x0000000716a00000, 0x0000000716a00000, 0x0000000716c00000|  0%| F|  |TAMS 0x0000000716a00000, 0x0000000716a00000| Untracked 
|  97|0x0000000716c00000, 0x0000000716c00000, 0x0000000716e00000|  0%| F|  |TAMS 0x0000000716c00000, 0x0000000716c00000| Untracked 
|  98|0x0000000716e00000, 0x0000000716e00000, 0x0000000717000000|  0%| F|  |TAMS 0x0000000716e00000, 0x0000000716e00000| Untracked 
|  99|0x0000000717000000, 0x0000000717000000, 0x0000000717200000|  0%| F|  |TAMS 0x0000000717000000, 0x0000000717000000| Untracked 
| 100|0x0000000717200000, 0x0000000717200000, 0x0000000717400000|  0%| F|  |TAMS 0x0000000717200000, 0x0000000717200000| Untracked 
| 101|0x0000000717400000, 0x0000000717400000, 0x0000000717600000|  0%| F|  |TAMS 0x0000000717400000, 0x0000000717400000| Untracked 
| 102|0x0000000717600000, 0x0000000717600000, 0x0000000717800000|  0%| F|  |TAMS 0x0000000717600000, 0x0000000717600000| Untracked 
| 103|0x0000000717800000, 0x0000000717800000, 0x0000000717a00000|  0%| F|  |TAMS 0x0000000717800000, 0x0000000717800000| Untracked 
| 104|0x0000000717a00000, 0x0000000717a00000, 0x0000000717c00000|  0%| F|  |TAMS 0x0000000717a00000, 0x0000000717a00000| Untracked 
| 105|0x0000000717c00000, 0x0000000717c00000, 0x0000000717e00000|  0%| F|  |TAMS 0x0000000717c00000, 0x0000000717c00000| Untracked 
| 106|0x0000000717e00000, 0x0000000717e00000, 0x0000000718000000|  0%| F|  |TAMS 0x0000000717e00000, 0x0000000717e00000| Untracked 
| 107|0x0000000718000000, 0x0000000718000000, 0x0000000718200000|  0%| F|  |TAMS 0x0000000718000000, 0x0000000718000000| Untracked 
| 108|0x0000000718200000, 0x0000000718200000, 0x0000000718400000|  0%| F|  |TAMS 0x0000000718200000, 0x0000000718200000| Untracked 
| 109|0x0000000718400000, 0x0000000718400000, 0x0000000718600000|  0%| F|  |TAMS 0x0000000718400000, 0x0000000718400000| Untracked 
| 110|0x0000000718600000, 0x0000000718800000, 0x0000000718800000|100%| S|CS|TAMS 0x0000000718600000, 0x0000000718600000| Complete 
| 111|0x0000000718800000, 0x0000000718a00000, 0x0000000718a00000|100%| S|CS|TAMS 0x0000000718800000, 0x0000000718800000| Complete 
| 112|0x0000000718a00000, 0x0000000718a00000, 0x0000000718c00000|  0%| F|  |TAMS 0x0000000718a00000, 0x0000000718a00000| Untracked 
| 113|0x0000000718c00000, 0x0000000718e00000, 0x0000000718e00000|100%| E|  |TAMS 0x0000000718c00000, 0x0000000718c00000| Complete 
| 114|0x0000000718e00000, 0x0000000719000000, 0x0000000719000000|100%| E|CS|TAMS 0x0000000718e00000, 0x0000000718e00000| Complete 
| 115|0x0000000719000000, 0x0000000719200000, 0x0000000719200000|100%| E|CS|TAMS 0x0000000719000000, 0x0000000719000000| Complete 
| 116|0x0000000719200000, 0x0000000719400000, 0x0000000719400000|100%| E|CS|TAMS 0x0000000719200000, 0x0000000719200000| Complete 
| 117|0x0000000719400000, 0x0000000719600000, 0x0000000719600000|100%| E|CS|TAMS 0x0000000719400000, 0x0000000719400000| Complete 
| 118|0x0000000719600000, 0x0000000719800000, 0x0000000719800000|100%| E|CS|TAMS 0x0000000719600000, 0x0000000719600000| Complete 
| 119|0x0000000719800000, 0x0000000719a00000, 0x0000000719a00000|100%| E|CS|TAMS 0x0000000719800000, 0x0000000719800000| Complete 
| 120|0x0000000719a00000, 0x0000000719c00000, 0x0000000719c00000|100%| E|CS|TAMS 0x0000000719a00000, 0x0000000719a00000| Complete 
| 121|0x0000000719c00000, 0x0000000719e00000, 0x0000000719e00000|100%| E|CS|TAMS 0x0000000719c00000, 0x0000000719c00000| Complete 
| 122|0x0000000719e00000, 0x000000071a000000, 0x000000071a000000|100%| E|CS|TAMS 0x0000000719e00000, 0x0000000719e00000| Complete 

Card table byte_map: [0x00000195f9450000,0x00000195f9c00000] _byte_map_base: 0x00000195f5bfb000

Marking Bits (Prev, Next): (CMBitMap*) 0x00000195f86e4b40, (CMBitMap*) 0x00000195f86e4b80
 Prev Bits: [0x00000195fa3b0000, 0x00000195fe108000)
 Next Bits: [0x0000019596a00000, 0x000001959a758000)

Polling page: 0x00000195f7e40000

Metaspace:

Usage:
  Non-class:      8.27 MB used.
      Class:      1.21 MB used.
       Both:      9.48 MB used.

Virtual space:
  Non-class space:       16.00 MB reserved,       8.38 MB ( 52%) committed,  2 nodes.
      Class space:        1.00 GB reserved,       1.31 MB ( <1%) committed,  1 nodes.
             Both:        1.02 GB reserved,       9.69 MB ( <1%) committed. 

Chunk freelists:
   Non-Class:  3.03 MB
       Class:  2.69 MB
        Both:  5.72 MB

MaxMetaspaceSize: unlimited
CompressedClassSpaceSize: 1.00 GB
Initial GC threshold: 21.00 MB
Current GC threshold: 21.00 MB
CDS: on
MetaspaceReclaimPolicy: balanced
 - commit_granule_bytes: 65536.
 - commit_granule_words: 8192.
 - virtual_space_node_default_size: 1048576.
 - enlarge_chunks_in_place: 1.
 - new_chunks_are_fully_committed: 0.
 - uncommit_free_chunks: 1.
 - use_allocation_guard: 0.
 - handle_deallocations: 1.


Internal statistics:

num_allocs_failed_limit: 0.
num_arena_births: 166.
num_arena_deaths: 0.
num_vsnodes_births: 3.
num_vsnodes_deaths: 0.
num_space_committed: 155.
num_space_uncommitted: 0.
num_chunks_returned_to_freelist: 0.
num_chunks_taken_from_freelist: 488.
num_chunk_merges: 0.
num_chunk_splits: 295.
num_chunks_enlarged: 216.
num_purges: 0.
num_inconsistent_stats: 0.

CodeHeap 'non-profiled nmethods': size=120000Kb used=506Kb max_used=506Kb free=119493Kb
 bounds [0x000001958f4d0000, 0x000001958f740000, 0x0000019596a00000]
CodeHeap 'profiled nmethods': size=120000Kb used=3194Kb max_used=3194Kb free=116805Kb
 bounds [0x0000019587fa0000, 0x00000195882c0000, 0x000001958f4d0000]
CodeHeap 'non-nmethods': size=5760Kb used=1165Kb max_used=1193Kb free=4595Kb
 bounds [0x0000019587a00000, 0x0000019587c70000, 0x0000019587fa0000]
 total_blobs=2020 nmethods=1558 adapters=375
 compilation: enabled
              stopped_count=0, restarted_count=0
 full_count=0

Compilation events (20 events):
Event: 1.664 Thread 0x00000195ff82a510 1535       3       sun.reflect.generics.parser.SignatureParser::current (59 bytes)
Event: 1.665 Thread 0x00000195ff82a510 nmethod 1535 0x00000195882ad210 code [0x00000195882ad420, 0x00000195882adb18]
Event: 1.668 Thread 0x00000195ff82a510 1536   !   3       jdk.internal.loader.URLClassPath$JarLoader::getResource (354 bytes)
Event: 1.670 Thread 0x00000195ff82a510 nmethod 1536 0x00000195882add90 code [0x00000195882ae220, 0x00000195882b02d8]
Event: 1.675 Thread 0x00000195ff82a510 1537   !   3       org.springframework.util.ConcurrentReferenceHashMap$Segment::clear (69 bytes)
Event: 1.676 Thread 0x00000195ff82a510 nmethod 1537 0x00000195882b1590 code [0x00000195882b17e0, 0x00000195882b2378]
Event: 1.690 Thread 0x00000195ff82a510 1538       1       java.lang.invoke.VarHandle::isDirect (2 bytes)
Event: 1.690 Thread 0x00000195ff82a510 nmethod 1538 0x000001958f54e110 code [0x000001958f54e2a0, 0x000001958f54e378]
Event: 1.705 Thread 0x00000195ff82a510 1540       3       java.util.Collections::singletonIterator (9 bytes)
Event: 1.705 Thread 0x00000195ff82a510 nmethod 1540 0x00000195882b2790 code [0x00000195882b2940, 0x00000195882b2bb8]
Event: 1.705 Thread 0x00000195ff82a510 1541       3       java.util.Collections$1::<init> (15 bytes)
Event: 1.705 Thread 0x00000195ff82a510 nmethod 1541 0x00000195882b2c90 code [0x00000195882b2e20, 0x00000195882b2ff8]
Event: 1.705 Thread 0x00000195ff82a510 1542       3       java.util.Collections$1::next (25 bytes)
Event: 1.705 Thread 0x00000195ff82a510 nmethod 1542 0x00000195882b3090 code [0x00000195882b3240, 0x00000195882b3468]
Event: 1.708 Thread 0x00000195ff82a510 1543       1       org.springframework.core.ResolvableType::resolve (5 bytes)
Event: 1.708 Thread 0x00000195ff82a510 nmethod 1543 0x000001958f54e410 code [0x000001958f54e5a0, 0x000001958f54e678]
Event: 1.710 Thread 0x00000195ff82a510 1544       3       java.lang.invoke.VarHandle::checkExactAccessMode (28 bytes)
Event: 1.711 Thread 0x00000195ff82a510 nmethod 1544 0x00000195882b3590 code [0x00000195882b37c0, 0x00000195882b4198]
Event: 1.711 Thread 0x00000195ff82a510 1545       3       java.lang.invoke.VarForm::getMemberName (20 bytes)
Event: 1.711 Thread 0x00000195ff82a510 nmethod 1545 0x00000195882b4590 code [0x00000195882b4760, 0x00000195882b4a78]

GC Heap History (2 events):
Event: 1.133 GC heap before
{Heap before GC invocations=0 (full 0):
 garbage-first heap   total 251904K, used 20480K [0x000000070aa00000, 0x0000000800000000)
  region size 2048K, 11 young (22528K), 0 survivors (0K)
 Metaspace       used 4572K, committed 4800K, reserved 1056768K
  class space    used 585K, committed 704K, reserved 1048576K
}
Event: 1.138 GC heap after
{Heap after GC invocations=1 (full 0):
 garbage-first heap   total 251904K, used 7180K [0x000000070aa00000, 0x0000000800000000)
  region size 2048K, 2 young (4096K), 2 survivors (4096K)
 Metaspace       used 4572K, committed 4800K, reserved 1056768K
  class space    used 585K, committed 704K, reserved 1048576K
}

Deoptimization events (20 events):
Event: 1.513 Thread 0x00000195f86972a0 Uncommon trap: trap_request=0xffffff45 fr.pc=0x000001958f4f0dbc relative=0x000000000000021c
Event: 1.513 Thread 0x00000195f86972a0 Uncommon trap: reason=unstable_if action=reinterpret pc=0x000001958f4f0dbc method=java.util.zip.ZipCoder.hash(Ljava/lang/String;)I @ 23 c2
Event: 1.513 Thread 0x00000195f86972a0 DEOPT PACKING pc=0x000001958f4f0dbc sp=0x000000270eefc550
Event: 1.513 Thread 0x00000195f86972a0 DEOPT UNPACKING pc=0x0000019587a523a3 sp=0x000000270eefc4e8 mode 2
Event: 1.514 Thread 0x00000195f86972a0 Uncommon trap: trap_request=0xffffff45 fr.pc=0x000001958f4dea40 relative=0x0000000000000040
Event: 1.514 Thread 0x00000195f86972a0 Uncommon trap: reason=unstable_if action=reinterpret pc=0x000001958f4dea40 method=sun.nio.fs.WindowsPathParser.isSlash(C)Z @ 9 c2
Event: 1.514 Thread 0x00000195f86972a0 DEOPT PACKING pc=0x000001958f4dea40 sp=0x000000270eefc850
Event: 1.514 Thread 0x00000195f86972a0 DEOPT UNPACKING pc=0x0000019587a523a3 sp=0x000000270eefc7d8 mode 2
Event: 1.565 Thread 0x00000195f86972a0 Uncommon trap: trap_request=0xffffff45 fr.pc=0x000001958f51fb00 relative=0x0000000000000f20
Event: 1.565 Thread 0x00000195f86972a0 Uncommon trap: reason=unstable_if action=reinterpret pc=0x000001958f51fb00 method=jdk.internal.org.objectweb.asm.SymbolTable.put(Ljdk/internal/org/objectweb/asm/SymbolTable$Entry;)Ljdk/internal/org/objectweb/asm/SymbolTable$Entry; @ 13 c2
Event: 1.565 Thread 0x00000195f86972a0 DEOPT PACKING pc=0x000001958f51fb00 sp=0x000000270eefb330
Event: 1.565 Thread 0x00000195f86972a0 DEOPT UNPACKING pc=0x0000019587a523a3 sp=0x000000270eefb288 mode 2
Event: 1.568 Thread 0x00000195f86972a0 Uncommon trap: trap_request=0xffffff45 fr.pc=0x000001958f4fa678 relative=0x00000000000013b8
Event: 1.568 Thread 0x00000195f86972a0 Uncommon trap: reason=unstable_if action=reinterpret pc=0x000001958f4fa678 method=java.lang.String.startsWith(Ljava/lang/String;I)Z @ 14 c2
Event: 1.568 Thread 0x00000195f86972a0 DEOPT PACKING pc=0x000001958f4fa678 sp=0x000000270eefc6f0
Event: 1.568 Thread 0x00000195f86972a0 DEOPT UNPACKING pc=0x0000019587a523a3 sp=0x000000270eefc558 mode 2
Event: 1.664 Thread 0x00000195f86972a0 Uncommon trap: trap_request=0xffffff45 fr.pc=0x000001958f51c0b8 relative=0x0000000000000098
Event: 1.664 Thread 0x00000195f86972a0 Uncommon trap: reason=unstable_if action=reinterpret pc=0x000001958f51c0b8 method=sun.reflect.generics.parser.SignatureParser.current()C @ 39 c2
Event: 1.664 Thread 0x00000195f86972a0 DEOPT PACKING pc=0x000001958f51c0b8 sp=0x000000270eefb740
Event: 1.664 Thread 0x00000195f86972a0 DEOPT UNPACKING pc=0x0000019587a523a3 sp=0x000000270eefb6d8 mode 2

Classes unloaded (0 events):
No events

Classes redefined (0 events):
No events

Internal exceptions (20 events):
Event: 1.055 Thread 0x00000195f86972a0 Exception <a 'java/lang/NoSuchMethodError'{0x0000000718d811e0}: 'void java.lang.invoke.DirectMethodHandle$Holder.invokeStaticInit(java.lang.Object)'> (0x0000000718d811e0) 
thrown [c:\jenkins\workspace\zulu17-build-win64\zulu-src.git\src\hotspot\share\interpreter\linkResolver.cpp, line 766]
Event: 1.075 Thread 0x00000195f86972a0 Exception <a 'java/lang/NoSuchMethodError'{0x0000000718a38ec0}: 'void java.lang.invoke.DirectMethodHandle$Holder.invokeStaticInit(java.lang.Object, java.lang.Object, java.lang.Object, java.lang.Object)'> (0x0000000718a38ec0) 
thrown [c:\jenkins\workspace\zulu17-build-win64\zulu-src.git\src\hotspot\share\interpreter\linkResolver.cpp, line 766]
Event: 1.087 Thread 0x00000195f86972a0 Exception <a 'java/lang/NoSuchMethodError'{0x0000000718aa0d58}: 'int java.lang.invoke.DirectMethodHandle$Holder.invokeStaticInit(java.lang.Object, java.lang.Object)'> (0x0000000718aa0d58) 
thrown [c:\jenkins\workspace\zulu17-build-win64\zulu-src.git\src\hotspot\share\interpreter\linkResolver.cpp, line 766]
Event: 1.219 Thread 0x00000195f86972a0 Exception <a 'java/lang/ClassNotFoundException'{0x0000000719c7ada0}: javax/smartcardio/CardPermission> (0x0000000719c7ada0) 
thrown [c:\jenkins\workspace\zulu17-build-win64\zulu-src.git\src\hotspot\share\classfile\systemDictionary.cpp, line 256]
Event: 1.223 Thread 0x00000195f86972a0 Exception <a 'java/io/FileNotFoundException'{0x0000000719c897f0}> (0x0000000719c897f0) 
thrown [c:\jenkins\workspace\zulu17-build-win64\zulu-src.git\src\hotspot\share\prims\jni.cpp, line 516]
Event: 1.242 Thread 0x00000195f86972a0 Exception <a 'java/lang/NoSuchMethodError'{0x0000000719d0f3a0}: 'java.lang.Object java.lang.invoke.DirectMethodHandle$Holder.invokeSpecial(java.lang.Object, java.lang.Object, java.lang.Object, long, java.lang.Object)'> (0x0000000719d0f3a0) 
thrown [c:\jenkins\workspace\zulu17-build-win64\zulu-src.git\src\hotspot\share\interpreter\linkResolver.cpp, line 766]
Event: 1.242 Thread 0x00000195f86972a0 Exception <a 'java/lang/NoSuchMethodError'{0x0000000719d13218}: 'java.lang.Object java.lang.invoke.Invokers$Holder.linkToTargetMethod(java.lang.Object, long, java.lang.Object, java.lang.Object)'> (0x0000000719d13218) 
thrown [c:\jenkins\workspace\zulu17-build-win64\zulu-src.git\src\hotspot\share\interpreter\linkResolver.cpp, line 766]
Event: 1.366 Thread 0x00000195f86972a0 Exception <a 'java/lang/NoSuchMethodError'{0x000000071993d3d0}: 'int java.lang.invoke.DirectMethodHandle$Holder.invokeStaticInit(java.lang.Object, java.lang.Object, java.lang.Object)'> (0x000000071993d3d0) 
thrown [c:\jenkins\workspace\zulu17-build-win64\zulu-src.git\src\hotspot\share\interpreter\linkResolver.cpp, line 766]
Event: 1.392 Thread 0x00000195f86972a0 Exception <a 'java/lang/NoSuchMethodError'{0x0000000719641f50}: 'int java.lang.invoke.DirectMethodHandle$Holder.invokeInterface(java.lang.Object, java.lang.Object)'> (0x0000000719641f50) 
thrown [c:\jenkins\workspace\zulu17-build-win64\zulu-src.git\src\hotspot\share\interpreter\linkResolver.cpp, line 766]
Event: 1.416 Thread 0x00000195f86972a0 Exception <a 'java/lang/NoSuchMethodError'{0x000000071972b918}: 'void java.lang.invoke.DirectMethodHandle$Holder.invokeStaticInit(java.lang.Object, java.lang.Object)'> (0x000000071972b918) 
thrown [c:\jenkins\workspace\zulu17-build-win64\zulu-src.git\src\hotspot\share\interpreter\linkResolver.cpp, line 766]
Event: 1.437 Thread 0x00000195f86972a0 Exception <a 'java/lang/NoSuchMethodError'{0x00000007197cec68}: 'int java.lang.invoke.DirectMethodHandle$Holder.invokeVirtual(java.lang.Object, java.lang.Object, java.lang.Object)'> (0x00000007197cec68) 
thrown [c:\jenkins\workspace\zulu17-build-win64\zulu-src.git\src\hotspot\share\interpreter\linkResolver.cpp, line 766]
Event: 1.477 Thread 0x00000195f86972a0 Exception <a 'java/lang/IncompatibleClassChangeError'{0x00000007195163d0}: Found class java.lang.Object, but interface was expected> (0x00000007195163d0) 
thrown [c:\jenkins\workspace\zulu17-build-win64\zulu-src.git\src\hotspot\share\interpreter\linkResolver.cpp, line 833]
Event: 1.509 Thread 0x00000195f86972a0 Exception <a 'java/lang/NoSuchMethodError'{0x000000071924acf8}: 'int java.lang.invoke.DirectMethodHandle$Holder.invokeSpecial(java.lang.Object, java.lang.Object, java.lang.Object, java.lang.Object)'> (0x000000071924acf8) 
thrown [c:\jenkins\workspace\zulu17-build-win64\zulu-src.git\src\hotspot\share\interpreter\linkResolver.cpp, line 766]
Event: 1.516 Thread 0x00000195f86972a0 Exception <a 'sun/nio/fs/WindowsException'{0x0000000719269d98}> (0x0000000719269d98) 
thrown [c:\jenkins\workspace\zulu17-build-win64\zulu-src.git\src\hotspot\share\prims\jni.cpp, line 516]
Event: 1.519 Thread 0x00000195f86972a0 Exception <a 'java/lang/NoSuchMethodError'{0x000000071926b7d0}: 'int java.lang.invoke.DirectMethodHandle$Holder.invokeSpecial(java.lang.Object, java.lang.Object, java.lang.Object, java.lang.Object, java.lang.Object)'> (0x000000071926b7d0) 
thrown [c:\jenkins\workspace\zulu17-build-win64\zulu-src.git\src\hotspot\share\interpreter\linkResolver.cpp, line 766]
Event: 1.523 Thread 0x00000195f86972a0 Exception <a 'java/lang/NoSuchMethodError'{0x0000000719274968}: 'void java.lang.invoke.DirectMethodHandle$Holder.invokeVirtual(java.lang.Object, java.lang.Object)'> (0x0000000719274968) 
thrown [c:\jenkins\workspace\zulu17-build-win64\zulu-src.git\src\hotspot\share\interpreter\linkResolver.cpp, line 766]
Event: 1.532 Thread 0x00000195f86972a0 Exception <a 'sun/nio/fs/WindowsException'{0x000000071928e5d8}> (0x000000071928e5d8) 
thrown [c:\jenkins\workspace\zulu17-build-win64\zulu-src.git\src\hotspot\share\prims\jni.cpp, line 516]
Event: 1.569 Thread 0x00000195f86972a0 Exception <a 'sun/nio/fs/WindowsException'{0x00000007190135a0}> (0x00000007190135a0) 
thrown [c:\jenkins\workspace\zulu17-build-win64\zulu-src.git\src\hotspot\share\prims\jni.cpp, line 516]
Event: 1.570 Thread 0x00000195f86972a0 Exception <a 'sun/nio/fs/WindowsException'{0x000000071901c840}> (0x000000071901c840) 
thrown [c:\jenkins\workspace\zulu17-build-win64\zulu-src.git\src\hotspot\share\prims\jni.cpp, line 516]
Event: 1.624 Thread 0x00000195f86972a0 Exception <a 'java/lang/NoSuchMethodError'{0x00000007191c2910}: 'void java.lang.invoke.DirectMethodHandle$Holder.invokeVirtual(java.lang.Object, java.lang.Object, java.lang.Object, java.lang.Object)'> (0x00000007191c2910) 
thrown [c:\jenkins\workspace\zulu17-build-win64\zulu-src.git\src\hotspot\share\interpreter\linkResolver.cpp, line 766]

VM Operations (18 events):
Event: 0.301 Executing VM operation: HandshakeAllThreads
Event: 0.301 Executing VM operation: HandshakeAllThreads done
Event: 0.628 Executing VM operation: HandshakeAllThreads
Event: 0.628 Executing VM operation: HandshakeAllThreads done
Event: 0.709 Executing VM operation: HandshakeAllThreads
Event: 0.709 Executing VM operation: HandshakeAllThreads done
Event: 1.133 Executing VM operation: G1CollectForAllocation
Event: 1.138 Executing VM operation: G1CollectForAllocation done
Event: 1.179 Executing VM operation: HandshakeAllThreads
Event: 1.179 Executing VM operation: HandshakeAllThreads done
Event: 1.280 Executing VM operation: HandshakeAllThreads
Event: 1.280 Executing VM operation: HandshakeAllThreads done
Event: 1.308 Executing VM operation: HandshakeAllThreads
Event: 1.308 Executing VM operation: HandshakeAllThreads done
Event: 1.488 Executing VM operation: HandshakeAllThreads
Event: 1.488 Executing VM operation: HandshakeAllThreads done
Event: 1.617 Executing VM operation: HandshakeAllThreads
Event: 1.617 Executing VM operation: HandshakeAllThreads done

Events (20 events):
Event: 1.666 loading class sun/reflect/generics/reflectiveObjects/LazyReflectiveObjectGenerator done
Event: 1.666 loading class sun/reflect/generics/reflectiveObjects/TypeVariableImpl done
Event: 1.675 loading class sun/reflect/generics/tree/BottomSignature
Event: 1.675 loading class sun/reflect/generics/tree/BottomSignature done
Event: 1.675 loading class sun/reflect/generics/tree/Wildcard
Event: 1.675 loading class sun/reflect/generics/tree/Wildcard done
Event: 1.675 loading class sun/reflect/generics/reflectiveObjects/WildcardTypeImpl
Event: 1.675 loading class java/lang/reflect/WildcardType
Event: 1.675 loading class java/lang/reflect/WildcardType done
Event: 1.675 loading class sun/reflect/generics/reflectiveObjects/WildcardTypeImpl done
Event: 1.675 loading class sun/reflect/generics/tree/TypeVariableSignature
Event: 1.675 loading class sun/reflect/generics/tree/TypeVariableSignature done
Event: 1.678 loading class java/util/Currency
Event: 1.679 loading class java/util/Currency done
Event: 1.682 loading class java/util/UUID
Event: 1.683 loading class java/util/UUID done
Event: 1.703 loading class java/text/ParseException
Event: 1.703 loading class java/text/ParseException done
Event: 1.714 loading class java/time/OffsetDateTime
Event: 1.715 loading class java/time/OffsetDateTime done


Dynamic libraries:
0x00007ff7dd6f0000 - 0x00007ff7dd6fe000 	C:\Program Files\Zulu\zulu-17\bin\javaw.exe
0x00007ffdf2170000 - 0x00007ffdf2386000 	C:\WINDOWS\SYSTEM32\ntdll.dll
0x00007ffdf02e0000 - 0x00007ffdf03a4000 	C:\WINDOWS\System32\KERNEL32.DLL
0x00007ffdefac0000 - 0x00007ffdefe67000 	C:\WINDOWS\System32\KERNELBASE.dll
0x00007ffdef7d0000 - 0x00007ffdef8e1000 	C:\WINDOWS\System32\ucrtbase.dll
0x00007ffdd3d70000 - 0x00007ffdd3d88000 	C:\Program Files\Zulu\zulu-17\bin\jli.dll
0x00007ffddad70000 - 0x00007ffddad8b000 	C:\Program Files\Zulu\zulu-17\bin\VCRUNTIME140.dll
0x00007ffdf0560000 - 0x00007ffdf070e000 	C:\WINDOWS\System32\USER32.dll
0x00007ffdd76e0000 - 0x00007ffdd7973000 	C:\WINDOWS\WinSxS\amd64_microsoft.windows.common-controls_6595b64144ccf1df_6.0.22621.3235_none_270f74e173860f98\COMCTL32.dll
0x00007ffdef970000 - 0x00007ffdef996000 	C:\WINDOWS\System32\win32u.dll
0x00007ffdf1890000 - 0x00007ffdf18b9000 	C:\WINDOWS\System32\GDI32.dll
0x00007ffdef9a0000 - 0x00007ffdefab9000 	C:\WINDOWS\System32\gdi32full.dll
0x00007ffdef670000 - 0x00007ffdef70a000 	C:\WINDOWS\System32\msvcp_win.dll
0x00007ffdf17c0000 - 0x00007ffdf1867000 	C:\WINDOWS\System32\msvcrt.dll
0x00007ffdf0c70000 - 0x00007ffdf0ca1000 	C:\WINDOWS\System32\IMM32.DLL
0x00007ffdeec70000 - 0x00007ffdeee10000 	C:\Program Files\Avecto\Privilege Guard Client\PGHook.dll
0x00007ffdf0dc0000 - 0x00007ffdf0e72000 	C:\WINDOWS\System32\ADVAPI32.dll
0x00007ffdf0080000 - 0x00007ffdf0128000 	C:\WINDOWS\System32\sechost.dll
0x00007ffdefe70000 - 0x00007ffdefe98000 	C:\WINDOWS\System32\bcrypt.dll
0x00007ffdf16a0000 - 0x00007ffdf17b5000 	C:\WINDOWS\System32\RPCRT4.dll
0x00007ffde5bf0000 - 0x00007ffde5bfc000 	C:\Program Files\Zulu\zulu-17\bin\vcruntime140_1.dll
0x00007ffdce350000 - 0x00007ffdce3dd000 	C:\Program Files\Zulu\zulu-17\bin\msvcp140.dll
0x00007ffd86c50000 - 0x00007ffd878b0000 	C:\Program Files\Zulu\zulu-17\bin\server\jvm.dll
0x00007ffdf0db0000 - 0x00007ffdf0db8000 	C:\WINDOWS\System32\PSAPI.DLL
0x00007ffdd5b00000 - 0x00007ffdd5b09000 	C:\WINDOWS\SYSTEM32\WSOCK32.dll
0x00007ffdf1560000 - 0x00007ffdf15d1000 	C:\WINDOWS\System32\WS2_32.dll
0x00007ffde5b80000 - 0x00007ffde5bb4000 	C:\WINDOWS\SYSTEM32\WINMM.dll
0x00007ffde4e30000 - 0x00007ffde4e3a000 	C:\WINDOWS\SYSTEM32\VERSION.dll
0x00007ffdee200000 - 0x00007ffdee218000 	C:\WINDOWS\SYSTEM32\kernel.appcore.dll
0x00007ffdda6e0000 - 0x00007ffdda6ea000 	C:\Program Files\Zulu\zulu-17\bin\jimage.dll
0x00007ffdec990000 - 0x00007ffdecbc3000 	C:\WINDOWS\SYSTEM32\DBGHELP.DLL
0x00007ffdf11d0000 - 0x00007ffdf1558000 	C:\WINDOWS\System32\combase.dll
0x00007ffdefea0000 - 0x00007ffdeff77000 	C:\WINDOWS\System32\OLEAUT32.dll
0x00007ffdcdb40000 - 0x00007ffdcdb72000 	C:\WINDOWS\SYSTEM32\dbgcore.DLL
0x00007ffdef8f0000 - 0x00007ffdef969000 	C:\WINDOWS\System32\bcryptPrimitives.dll
0x00007ffdd3b50000 - 0x00007ffdd3b75000 	C:\Program Files\Zulu\zulu-17\bin\java.dll
0x00007ffdcb590000 - 0x00007ffdcb667000 	C:\Program Files\Zulu\zulu-17\bin\jsvml.dll
0x00007ffdf18d0000 - 0x00007ffdf212c000 	C:\WINDOWS\System32\SHELL32.dll
0x00007ffdecf30000 - 0x00007ffded829000 	C:\WINDOWS\SYSTEM32\windows.storage.dll
0x00007ffdecdf0000 - 0x00007ffdecf2e000 	C:\WINDOWS\SYSTEM32\wintypes.dll
0x00007ffdf0cb0000 - 0x00007ffdf0da3000 	C:\WINDOWS\System32\SHCORE.dll
0x00007ffdf15e0000 - 0x00007ffdf163e000 	C:\WINDOWS\System32\shlwapi.dll
0x00007ffdef3c0000 - 0x00007ffdef3e1000 	C:\WINDOWS\SYSTEM32\profapi.dll
0x00007ffdd3d50000 - 0x00007ffdd3d69000 	C:\Program Files\Zulu\zulu-17\bin\net.dll
0x00007ffdee220000 - 0x00007ffdee356000 	C:\WINDOWS\SYSTEM32\WINHTTP.dll
0x00007ffdee7a0000 - 0x00007ffdee809000 	C:\WINDOWS\system32\mswsock.dll
0x00007ffdd3a20000 - 0x00007ffdd3a36000 	C:\Program Files\Zulu\zulu-17\bin\nio.dll
0x00007ffdd39e0000 - 0x00007ffdd39f8000 	C:\Program Files\Zulu\zulu-17\bin\zip.dll
0x00007ffdeda80000 - 0x00007ffdedaad000 	C:\WINDOWS\SYSTEM32\IPHLPAPI.DLL
0x00007ffdf0c60000 - 0x00007ffdf0c69000 	C:\WINDOWS\System32\NSI.dll
0x00007ffde7510000 - 0x00007ffde7529000 	C:\WINDOWS\SYSTEM32\dhcpcsvc6.DLL
0x00007ffde72a0000 - 0x00007ffde72bf000 	C:\WINDOWS\SYSTEM32\dhcpcsvc.DLL
0x00007ffdedab0000 - 0x00007ffdedba9000 	C:\WINDOWS\SYSTEM32\DNSAPI.dll

dbghelp: loaded successfully - version: 4.0.5 - missing functions: none
symbol engine: initialized successfully - sym options: 0x614 - pdb path: .;C:\Program Files\Zulu\zulu-17\bin;C:\WINDOWS\SYSTEM32;C:\WINDOWS\WinSxS\amd64_microsoft.windows.common-controls_6595b64144ccf1df_6.0.22621.3235_none_270f74e173860f98;C:\Program Files\Avecto\Privilege Guard Client;C:\Program Files\Zulu\zulu-17\bin\server

VM Arguments:
jvm_args: -ea -Dfile.encoding=UTF-8 -XX:+ShowCodeDetailsInExceptionMessages 
java_command: org.eclipse.jdt.internal.junit.runner.RemoteTestRunner -version 3 -port 50679 -testLoaderClass org.eclipse.jdt.internal.junit5.runner.JUnit5TestLoader -loaderpluginname org.eclipse.jdt.junit5.runtime -classNames com.dip.controller.AuthControllerTest
java_class_path (initial): C:\Users\2148900\git\daily-insurance-portal\repository1\login-and-registration-service\target\test-classes;C:\Users\2148900\git\daily-insurance-portal\repository1\login-and-registration-service\target\classes;C:\Users\2148900\.m2\repository\org\springframework\boot\spring-boot-starter-security\3.2.5\spring-boot-starter-security-3.2.5.jar;C:\Users\2148900\.m2\repository\org\springframework\spring-aop\6.1.6\spring-aop-6.1.6.jar;C:\Users\2148900\.m2\repository\org\springframework\spring-beans\6.1.6\spring-beans-6.1.6.jar;C:\Users\2148900\.m2\repository\org\springframework\security\spring-security-config\6.2.4\spring-security-config-6.2.4.jar;C:\Users\2148900\.m2\repository\org\springframework\spring-context\6.1.6\spring-context-6.1.6.jar;C:\Users\2148900\.m2\repository\org\springframework\security\spring-security-web\6.2.4\spring-security-web-6.2.4.jar;C:\Users\2148900\.m2\repository\org\springframework\spring-expression\6.1.6\spring-expression-6.1.6.jar;C:\Users\2148900\.m2\repository\org\springframework\boot\spring-boot-starter-web\3.2.5\spring-boot-starter-web-3.2.5.jar;C:\Users\2148900\.m2\repository\org\springframework\boot\spring-boot-starter-json\3.2.5\spring-boot-starter-json-3.2.5.jar;C:\Users\2148900\.m2\repository\com\fasterxml\jackson\datatype\jackson-datatype-jdk8\2.15.4\jackson-datatype-jdk8-2.15.4.jar;C:\Users\2148900\.m2\repository\com\fasterxml\jackson\datatype\jackson-datatype-jsr310\2.15.4\jackson-datatype-jsr310-2.15.4.jar;C:\Users\2148900\.m2\repository\com\fasterxml\jackson\module\jackson-module-parameter-names\2.15.4\jackson-module-parameter-names-2.15.4.jar;C:\Users\2148900\.m2\repository\org\springframework\boot\spring-boot-starter-tomcat\3.2.5\spring-boot-starter-tomcat-3.2.5.jar;C:\Users\2148900\.m2\repository\org\apache\tomcat\embed\tomcat-embed-core\10.1.20\tomcat-embed-core-10.1.20.jar;C:\Users\2148900\.m2\repository\org\apache\tomcat\embed\tomcat-embed-websocket\10.1.20\tomcat-embed-websocket-10.1.20.jar;C:\Us
Launcher Type: SUN_STANDARD

[Global flags]
     intx CICompilerCount                          = 4                                         {product} {ergonomic}
     uint ConcGCThreads                            = 3                                         {product} {ergonomic}
     uint G1ConcRefinementThreads                  = 10                                        {product} {ergonomic}
   size_t G1HeapRegionSize                         = 2097152                                   {product} {ergonomic}
    uintx GCDrainStackTargetSize                   = 64                                        {product} {ergonomic}
   size_t InitialHeapSize                          = 257949696                                 {product} {ergonomic}
   size_t MarkStackSize                            = 4194304                                   {product} {ergonomic}
   size_t MaxHeapSize                              = 4116709376                                {product} {ergonomic}
   size_t MaxNewSize                               = 2468347904                                {product} {ergonomic}
   size_t MinHeapDeltaBytes                        = 2097152                                   {product} {ergonomic}
   size_t MinHeapSize                              = 8388608                                   {product} {ergonomic}
    uintx NonNMethodCodeHeapSize                   = 5839372                                {pd product} {ergonomic}
    uintx NonProfiledCodeHeapSize                  = 122909434                              {pd product} {ergonomic}
    uintx ProfiledCodeHeapSize                     = 122909434                              {pd product} {ergonomic}
    uintx ReservedCodeCacheSize                    = 251658240                              {pd product} {ergonomic}
     bool SegmentedCodeCache                       = true                                      {product} {ergonomic}
     bool ShowCodeDetailsInExceptionMessages       = true                                   {manageable} {command line}
   size_t SoftMaxHeapSize                          = 4116709376                             {manageable} {ergonomic}
     bool UseCompressedClassPointers               = true                           {product lp64_product} {ergonomic}
     bool UseCompressedOops                        = true                           {product lp64_product} {ergonomic}
     bool UseG1GC                                  = true                                      {product} {ergonomic}
     bool UseLargePagesIndividualAllocation        = false                                  {pd product} {ergonomic}

Logging:
Log output configuration:
 #0: stdout all=warning uptime,level,tags
 #1: stderr all=off uptime,level,tags

Environment Variables:
JAVA_HOME=C:\Program Files\Zulu\zulu-17
PATH=C:/Users/2148900/Downloads/eclipse-jee-2022-09-R-win32-x86_64/eclipse//plugins/org.eclipse.justj.openjdk.hotspot.jre.full.win32.x86_64_17.0.4.v20220903-1038/jre/bin/server;C:/Users/2148900/Downloads/eclipse-jee-2022-09-R-win32-x86_64/eclipse//plugins/org.eclipse.justj.openjdk.hotspot.jre.full.win32.x86_64_17.0.4.v20220903-1038/jre/bin;C:\Program Files\Zulu\zulu-17\bin;C:\Program Files\Common Files\Oracle\Java\javapath;C:\Users\2148900\Downloads\Open Source_SonarSource_SonarQube_9.2.4_sonarqube-9.2.4.50792\sonarqube-9.2.4.50792\bin\windows-x86-64;C:\Users\2148900\Downloads\sonar-scanner-msbuild-master\sonar-scanner-msbuild-master;C:\WINDOWS\system32;C:\WINDOWS;C:\WINDOWS\System32\Wbem;C:\WINDOWS\System32\WindowsPowerShell\v1.0\;C:\WINDOWS\System32\OpenSSH\;C:\Program Files\Microsoft VS Code\bin;C:\Users\2148900\AppData\Roaming\npm\node_modules\@angular\cli\bin;C:\Users\2148900\AppData\Roaming\npm;C:\Program Files\nodejs\;C:\Users\2148900\AppData\Local\Android\Sdk\platform-tools;C:\Program Files\dotnet\;C:\Program Files\MySQL\MySQL Shell 8.0\bin\;C:\Users\2148900\AppData\Local\Microsoft\WindowsApps;C:\Program Files\JetBrains\IntelliJ IDEA Community Edition 2023.1.2\bin;;C:\Users\2148900\AppData\Local\Programs\Git\cmd;;C:\Users\2148900\Downloads\eclipse-jee-2022-09-R-win32-x86_64\eclipse;
USERNAME=2148900
OS=Windows_NT
PROCESSOR_IDENTIFIER=AMD64 Family 23 Model 96 Stepping 1, AuthenticAMD



---------------  S Y S T E M  ---------------

OS:
 Windows 11 , 64 bit Build 22621 (10.0.22621.3374)
OS uptime: 17 days 12:19 hours
Hyper-V role detected

CPU: total 12 (initial active 12) (12 cores per cpu, 2 threads per core) family 23 model 96 stepping 1 microcode 0x0, cx8, cmov, fxsr, ht, mmx, 3dnowpref, sse, sse2, sse3, ssse3, sse4a, sse4.1, sse4.2, popcnt, lzcnt, tsc, tscinvbit, avx, avx2, aes, clmul, bmi1, bmi2, adx, sha, fma, vzeroupper, clflush, clflushopt, hv

Memory: 4k page, system-wide physical 15697M (265M free)
TotalPageFile size 48465M (AvailPageFile size 2M)
current process WorkingSet (physical memory assigned to process): 98M, peak: 101M
current process commit charge ("private bytes"): 371M, peak: 373M

vm_info: OpenJDK 64-Bit Server VM (17.0.2+8-LTS) for windows-amd64 JRE (17.0.2+8-LTS) (Zulu17.32+13-CA), built on Jan  8 2022 13:06:16 by "zulu_re" with MS VC++ 16.10 / 16.11 (VS2019)

END.
